
INDEX: 0
{
  "domain": null, 
  "user_id": "platform", 
  "roles": [], 
  "enabled": true, 
  "mechanism": "CURVE", 
  "capabilities": [], 
  "groups": [], 
  "address": null, 
  "credentials": "XDMM3_KrXqSaaPXEM3vL7rumk4nd-A30dcksjfFWNyM", 
  "comments": "Automatically added by platform on start"
}

INDEX: 1
{
  "domain": null, 
  "user_id": "a918e472-54e7-41ab-8875-02fa0842097e", 
  "roles": [], 
  "enabled": true, 
  "mechanism": "CURVE", 
  "capabilities": [], 
  "groups": [], 
  "address": null, 
  "credentials": "/.*/", 
  "comments": null
}

INDEX: 2
{
  "domain": null, 
  "user_id": "platform", 
  "roles": [], 
  "enabled": true, 
  "mechanism": "CURVE", 
  "capabilities": [], 
  "groups": [], 
  "address": null, 
  "credentials": "oysRZj3Ik1gCFRjaeYKKebKc14gPtTPeSD8tScy7jiU", 
  "comments": "Automatically added by platform on start"
}

INDEX: 3
{
  "domain": null, 
  "user_id": "eeb94e45-4005-490b-973e-17de2306c12e", 
  "roles": [], 
  "enabled": true, 
  "mechanism": "CURVE", 
  "capabilities": [], 
  "groups": [], 
  "address": null, 
  "credentials": "OruQE02UMOBdGuEvTSzylYZkk2Qv6Jaxuxf2fU2azUQ", 
  "comments": null
}

INDEX: 4
{
  "domain": null, 
  "user_id": "9f293400-93a7-4d5a-bc30-951f9313fda2", 
  "roles": [], 
  "enabled": true, 
  "mechanism": "CURVE", 
  "capabilities": [], 
  "groups": [], 
  "address": null, 
  "credentials": "1P04IUd942tSl6vHYGuvL2kR8Dn7i7f_QTdOKQD6-Fk", 
  "comments": null
}

INDEX: 5
{
  "domain": null, 
  "user_id": "controlleragent-0.1_2885", 
  "roles": [], 
  "enabled": true, 
  "mechanism": "CURVE", 
  "capabilities": [], 
  "groups": [], 
  "address": null, 
  "credentials": "dXtvNLuXzo0DR7YEmSJchbu9ao6t8x4DJqjJwDKZx0E", 
  "comments": "Automatically added on agent install"
}

INDEX: 6
{
  "domain": null, 
  "user_id": "controlleragent-0.1_2886", 
  "roles": [], 
  "enabled": true, 
  "mechanism": "CURVE", 
  "capabilities": [], 
  "groups": [], 
  "address": null, 
  "credentials": "O8HfGLzJBO977D_7PoI69ZqSxd1BD8Wo7l0_sI3KkgY", 
  "comments": "Automatically added on agent install"
}

INDEX: 7
{
  "domain": null, 
  "user_id": "controlleragent-0.1_2887", 
  "roles": [], 
  "enabled": true, 
  "mechanism": "CURVE", 
  "capabilities": [], 
  "groups": [], 
  "address": null, 
  "credentials": "lYpCkBb9ZoniEcpmKh5slnn3yYnvRIcMK7fR7xpF_VA", 
  "comments": "Automatically added on agent install"
}

INDEX: 8
{
  "domain": null, 
  "user_id": "controlleragent-0.1_2888", 
  "roles": [], 
  "enabled": true, 
  "mechanism": "CURVE", 
  "capabilities": [], 
  "groups": [], 
  "address": null, 
  "credentials": "YDyd8yXAOSLTxRSzbmXJa3x_tB8i6yulmdX4ktn2xRQ", 
  "comments": "Automatically added on agent install"
}

INDEX: 9
{
  "domain": null, 
  "user_id": "controlleragent-0.1_2889", 
  "roles": [], 
  "enabled": true, 
  "mechanism": "CURVE", 
  "capabilities": [], 
  "groups": [], 
  "address": null, 
  "credentials": "evdg5Mt7YHR1rFWeAUpBbv7Rtd_wbTa1gqqlvHKewCY", 
  "comments": "Automatically added on agent install"
}

INDEX: 10
{
  "domain": null, 
  "user_id": "controlleragent-0.1_2890", 
  "roles": [], 
  "enabled": true, 
  "mechanism": "CURVE", 
  "capabilities": [], 
  "groups": [], 
  "address": null, 
  "credentials": "H_Uzzf7RLRLagO3LQwjMAApUdoJoKusKh82op_HiYRQ", 
  "comments": "Automatically added on agent install"
}

INDEX: 11
{
  "domain": null, 
  "user_id": "controlleragent-0.1_1", 
  "roles": [], 
  "enabled": true, 
  "mechanism": "CURVE", 
  "capabilities": [], 
  "groups": [], 
  "address": null, 
  "credentials": "FKTR7YR42TmCkiYwvOklHh2CEkPk-repdVCwzljZYns", 
  "comments": "Automatically added on agent install"
}

INDEX: 12
{
  "domain": null, 
  "user_id": "controlleragent-0.1_2", 
  "roles": [], 
  "enabled": true, 
  "mechanism": "CURVE", 
  "capabilities": [], 
  "groups": [], 
  "address": null, 
  "credentials": "6jK1RTpwzfLBbioK8wqr-0jfhXeCYaA7UQG1VcKPMAY", 
  "comments": "Automatically added on agent install"
}

INDEX: 13
{
  "domain": null, 
  "user_id": "controlleragent-0.1_3", 
  "roles": [], 
  "enabled": true, 
  "mechanism": "CURVE", 
  "capabilities": [], 
  "groups": [], 
  "address": null, 
  "credentials": "B91leecALfHCj71E9Wju_HZsrVhhDJcoKXiEvHUakmY", 
  "comments": "Automatically added on agent install"
}

INDEX: 14
{
  "domain": null, 
  "user_id": "controlleragent-0.1_4", 
  "roles": [], 
  "enabled": true, 
  "mechanism": "CURVE", 
  "capabilities": [], 
  "groups": [], 
  "address": null, 
  "credentials": "MN-jcESdUV_i79IXmzHFy83lKL-sxzQlf4POlzawGCE", 
  "comments": "Automatically added on agent install"
}

INDEX: 15
{
  "domain": null, 
  "user_id": "controlleragent-0.1_5", 
  "roles": [], 
  "enabled": true, 
  "mechanism": "CURVE", 
  "capabilities": [], 
  "groups": [], 
  "address": null, 
  "credentials": "2SiSUpXyidCgvms-W_giLrGSMOA3QkJea4Y1NX4y_Aw", 
  "comments": "Automatically added on agent install"
}

INDEX: 16
{
  "domain": null, 
  "user_id": "controlleragent-0.1_6", 
  "roles": [], 
  "enabled": true, 
  "mechanism": "CURVE", 
  "capabilities": [], 
  "groups": [], 
  "address": null, 
  "credentials": "vdnQn98a_N4aqYhgWi7R1A8rNDF-ZEhDovRhY5-_5yg", 
  "comments": "Automatically added on agent install"
}

INDEX: 17
{
  "domain": null, 
  "user_id": "controlleragent-0.1_7", 
  "roles": [], 
  "enabled": true, 
  "mechanism": "CURVE", 
  "capabilities": [], 
  "groups": [], 
  "address": null, 
  "credentials": "I7g6o2iDiGxGUt6iW3_MTX-fNQWOD2JNKPkyXnU6F3E", 
  "comments": "Automatically added on agent install"
}

INDEX: 18
{
  "domain": null, 
  "user_id": "controlleragent-0.1_8", 
  "roles": [], 
  "enabled": true, 
  "mechanism": "CURVE", 
  "capabilities": [], 
  "groups": [], 
  "address": null, 
  "credentials": "B_Efz8XaDlZLHWtVBT_sQmY0EPvoOh5VnQxxKb4U5XU", 
  "comments": "Automatically added on agent install"
}

INDEX: 19
{
  "domain": null, 
  "user_id": "controlleragent-0.1_9", 
  "roles": [], 
  "enabled": true, 
  "mechanism": "CURVE", 
  "capabilities": [], 
  "groups": [], 
  "address": null, 
  "credentials": "9gjYmL5fwfTBX6Zpq1dUoTEchEOAbC3JNGdmEp7WSUE", 
  "comments": "Automatically added on agent install"
}

INDEX: 20
{
  "domain": null, 
  "user_id": "controlleragent-0.1_10", 
  "roles": [], 
  "enabled": true, 
  "mechanism": "CURVE", 
  "capabilities": [], 
  "groups": [], 
  "address": null, 
  "credentials": "M-tEbDrT0kXlCaSp3ggOJo6ULTJS8QCKAiQt3ZEa41o", 
  "comments": "Automatically added on agent install"
}

INDEX: 21
{
  "domain": null, 
  "user_id": "controlleragent-0.1_11", 
  "roles": [], 
  "enabled": true, 
  "mechanism": "CURVE", 
  "capabilities": [], 
  "groups": [], 
  "address": null, 
  "credentials": "xi22al5up02jMa1ipP9nD5FWttC50oLW99oxQU7Hmwk", 
  "comments": "Automatically added on agent install"
}

INDEX: 22
{
  "domain": null, 
  "user_id": "controlleragent-0.1_12", 
  "roles": [], 
  "enabled": true, 
  "mechanism": "CURVE", 
  "capabilities": [], 
  "groups": [], 
  "address": null, 
  "credentials": "rZhvVsFA2SR2uPe4Y3UzdibK2eICtNpajhENMdR6ZAk", 
  "comments": "Automatically added on agent install"
}

INDEX: 23
{
  "domain": null, 
  "user_id": "controlleragent-0.1_13", 
  "roles": [], 
  "enabled": true, 
  "mechanism": "CURVE", 
  "capabilities": [], 
  "groups": [], 
  "address": null, 
  "credentials": "EAm8w1CdfHT9QuxCD4AZN61WiMqMo5sT5t6akOswIyA", 
  "comments": "Automatically added on agent install"
}

INDEX: 24
{
  "domain": null, 
  "user_id": "controlleragent-0.1_14", 
  "roles": [], 
  "enabled": true, 
  "mechanism": "CURVE", 
  "capabilities": [], 
  "groups": [], 
  "address": null, 
  "credentials": "crX0rStymJASmzVxUMo6jBTSt7z2WndhzfVEzfJaIEQ", 
  "comments": "Automatically added on agent install"
}

INDEX: 25
{
  "domain": null, 
  "user_id": "controlleragent-0.1_15", 
  "roles": [], 
  "enabled": true, 
  "mechanism": "CURVE", 
  "capabilities": [], 
  "groups": [], 
  "address": null, 
  "credentials": "IeVNrTinCZI916c16GtIOigR3XEEP98y0p2ZcKT33WQ", 
  "comments": "Automatically added on agent install"
}

INDEX: 26
{
  "domain": null, 
  "user_id": "controlleragent-0.1_16", 
  "roles": [], 
  "enabled": true, 
  "mechanism": "CURVE", 
  "capabilities": [], 
  "groups": [], 
  "address": null, 
  "credentials": "uid5OOatihitPEpHem8djDGu5URL75U95ImgGKSzjSM", 
  "comments": "Automatically added on agent install"
}

INDEX: 27
{
  "domain": null, 
  "user_id": "controlleragent-0.1_17", 
  "roles": [], 
  "enabled": true, 
  "mechanism": "CURVE", 
  "capabilities": [], 
  "groups": [], 
  "address": null, 
  "credentials": "6be2cNAg10_0ak6Ro7-XXW6hf2ysupWlMUNw90ZdWFI", 
  "comments": "Automatically added on agent install"
}

INDEX: 28
{
  "domain": null, 
  "user_id": "controlleragent-0.1_18", 
  "roles": [], 
  "enabled": true, 
  "mechanism": "CURVE", 
  "capabilities": [], 
  "groups": [], 
  "address": null, 
  "credentials": "3Qot89sXLTacJWJPC3JVqo8v-T4rcujrdftGUQtilw4", 
  "comments": "Automatically added on agent install"
}

INDEX: 29
{
  "domain": null, 
  "user_id": "controlleragent-0.1_19", 
  "roles": [], 
  "enabled": true, 
  "mechanism": "CURVE", 
  "capabilities": [], 
  "groups": [], 
  "address": null, 
  "credentials": "krHwsrjAX81YzZL5Gvy1sZ29cAmoVeIL1sIjNYc2A1g", 
  "comments": "Automatically added on agent install"
}

INDEX: 30
{
  "domain": null, 
  "user_id": "controlleragent-0.1_20", 
  "roles": [], 
  "enabled": true, 
  "mechanism": "CURVE", 
  "capabilities": [], 
  "groups": [], 
  "address": null, 
  "credentials": "TXd5Kkw3-h2LFoC_bIwkTGHdZ-75iR0Q6I-8RCcuGnU", 
  "comments": "Automatically added on agent install"
}

INDEX: 31
{
  "domain": null, 
  "user_id": "controlleragent-0.1_21", 
  "roles": [], 
  "enabled": true, 
  "mechanism": "CURVE", 
  "capabilities": [], 
  "groups": [], 
  "address": null, 
  "credentials": "fmJ01uAhJrGpwaKH2Vkg0n-EBO0fExTfvs_YSXqsSCs", 
  "comments": "Automatically added on agent install"
}

INDEX: 32
{
  "domain": null, 
  "user_id": "controlleragent-0.1_22", 
  "roles": [], 
  "enabled": true, 
  "mechanism": "CURVE", 
  "capabilities": [], 
  "groups": [], 
  "address": null, 
  "credentials": "28SSvZ1bsJHsDrCE7oh99-IfZKwAJpLQxTme1uvdW1U", 
  "comments": "Automatically added on agent install"
}

INDEX: 33
{
  "domain": null, 
  "user_id": "controlleragent-0.1_23", 
  "roles": [], 
  "enabled": true, 
  "mechanism": "CURVE", 
  "capabilities": [], 
  "groups": [], 
  "address": null, 
  "credentials": "J-jxKqGeKmxD9C4UsXyaQaClaC0gbiXgt_ZwzZ8cPHI", 
  "comments": "Automatically added on agent install"
}

INDEX: 34
{
  "domain": null, 
  "user_id": "controlleragent-0.1_24", 
  "roles": [], 
  "enabled": true, 
  "mechanism": "CURVE", 
  "capabilities": [], 
  "groups": [], 
  "address": null, 
  "credentials": "_sWkD_cqC_A2VWD6pYZLq76kxoHBhYv0TcKOdcY9-0g", 
  "comments": "Automatically added on agent install"
}

INDEX: 35
{
  "domain": null, 
  "user_id": "controlleragent-0.1_25", 
  "roles": [], 
  "enabled": true, 
  "mechanism": "CURVE", 
  "capabilities": [], 
  "groups": [], 
  "address": null, 
  "credentials": "P4BEZN06vY04f7XV1XGmvE1e4AlViM7BuPJPHlH-fCQ", 
  "comments": "Automatically added on agent install"
}

INDEX: 36
{
  "domain": null, 
  "user_id": "controlleragent-0.1_26", 
  "roles": [], 
  "enabled": true, 
  "mechanism": "CURVE", 
  "capabilities": [], 
  "groups": [], 
  "address": null, 
  "credentials": "NuS3tATvIDzKyXZGPUY1P62_B2A2q05YUNt6u6bv6TI", 
  "comments": "Automatically added on agent install"
}

INDEX: 37
{
  "domain": null, 
  "user_id": "controlleragent-0.1_27", 
  "roles": [], 
  "enabled": true, 
  "mechanism": "CURVE", 
  "capabilities": [], 
  "groups": [], 
  "address": null, 
  "credentials": "zHjqRK1y0LHP2ZWwjTA7zdYx5LciFXIX4_6Nrbenk2s", 
  "comments": "Automatically added on agent install"
}

INDEX: 38
{
  "domain": null, 
  "user_id": "controlleragent-0.1_28", 
  "roles": [], 
  "enabled": true, 
  "mechanism": "CURVE", 
  "capabilities": [], 
  "groups": [], 
  "address": null, 
  "credentials": "MXBHqg2vYRzhH62IJ9gI5lWM3ix3xPahqNw1msq-Tig", 
  "comments": "Automatically added on agent install"
}

INDEX: 39
{
  "domain": null, 
  "user_id": "controlleragent-0.1_29", 
  "roles": [], 
  "enabled": true, 
  "mechanism": "CURVE", 
  "capabilities": [], 
  "groups": [], 
  "address": null, 
  "credentials": "WM48qEkkGcKcXaB3ugRuymRE8iqIq-FzQ4z8YElSWWI", 
  "comments": "Automatically added on agent install"
}

INDEX: 40
{
  "domain": null, 
  "user_id": "controlleragent-0.1_30", 
  "roles": [], 
  "enabled": true, 
  "mechanism": "CURVE", 
  "capabilities": [], 
  "groups": [], 
  "address": null, 
  "credentials": "lnAMZcvHqlwgbnrkrREuKN2iaznGFOWnEdoK8eeHywk", 
  "comments": "Automatically added on agent install"
}

INDEX: 41
{
  "domain": null, 
  "user_id": "controlleragent-0.1_31", 
  "roles": [], 
  "enabled": true, 
  "mechanism": "CURVE", 
  "capabilities": [], 
  "groups": [], 
  "address": null, 
  "credentials": "Q5tWS03A-XvoOyv-fo-OOmvegbfoSFCMW14MFN2cfgQ", 
  "comments": "Automatically added on agent install"
}

INDEX: 42
{
  "domain": null, 
  "user_id": "controlleragent-0.1_32", 
  "roles": [], 
  "enabled": true, 
  "mechanism": "CURVE", 
  "capabilities": [], 
  "groups": [], 
  "address": null, 
  "credentials": "LXsXdBJQQk4z2zOPXAWkndv6h29AqNWLn22lDp7iBwI", 
  "comments": "Automatically added on agent install"
}

INDEX: 43
{
  "domain": null, 
  "user_id": "controlleragent-0.1_33", 
  "roles": [], 
  "enabled": true, 
  "mechanism": "CURVE", 
  "capabilities": [], 
  "groups": [], 
  "address": null, 
  "credentials": "v02JO-8cI84bnV6lJ6YBm1WZ2F1WqA83FrNoN4HQbRY", 
  "comments": "Automatically added on agent install"
}

INDEX: 44
{
  "domain": null, 
  "user_id": "controlleragent-0.1_34", 
  "roles": [], 
  "enabled": true, 
  "mechanism": "CURVE", 
  "capabilities": [], 
  "groups": [], 
  "address": null, 
  "credentials": "InNFm7b2xVep_x5I8ooq5urjbomAWnTfraZxfBUAq1Y", 
  "comments": "Automatically added on agent install"
}

INDEX: 45
{
  "domain": null, 
  "user_id": "controlleragent-0.1_35", 
  "roles": [], 
  "enabled": true, 
  "mechanism": "CURVE", 
  "capabilities": [], 
  "groups": [], 
  "address": null, 
  "credentials": "3NUwrG-n6ClcNygGqYUCCk1jCq0RXsHZq4dajKFJW3o", 
  "comments": "Automatically added on agent install"
}

INDEX: 46
{
  "domain": null, 
  "user_id": "controlleragent-0.1_36", 
  "roles": [], 
  "enabled": true, 
  "mechanism": "CURVE", 
  "capabilities": [], 
  "groups": [], 
  "address": null, 
  "credentials": "Er1yZw-pKM045aOIRFRlIiNItVeESEWHUJzKZYMK-As", 
  "comments": "Automatically added on agent install"
}

INDEX: 47
{
  "domain": null, 
  "user_id": "controlleragent-0.1_37", 
  "roles": [], 
  "enabled": true, 
  "mechanism": "CURVE", 
  "capabilities": [], 
  "groups": [], 
  "address": null, 
  "credentials": "gYyaAi2D02KoHbNSXUYIH9I3azky2fTk0yGFMpkX0Rk", 
  "comments": "Automatically added on agent install"
}

INDEX: 48
{
  "domain": null, 
  "user_id": "controlleragent-0.1_38", 
  "roles": [], 
  "enabled": true, 
  "mechanism": "CURVE", 
  "capabilities": [], 
  "groups": [], 
  "address": null, 
  "credentials": "0e3YgZmTtn5GwCqpVMt5CiILbymEjJsmaFmEZGMRJhg", 
  "comments": "Automatically added on agent install"
}

INDEX: 49
{
  "domain": null, 
  "user_id": "controlleragent-0.1_39", 
  "roles": [], 
  "enabled": true, 
  "mechanism": "CURVE", 
  "capabilities": [], 
  "groups": [], 
  "address": null, 
  "credentials": "zTFHDWa4GI7pKZHKkqQA3Gex58Xgmh_xtsEOOXcsTiE", 
  "comments": "Automatically added on agent install"
}

INDEX: 50
{
  "domain": null, 
  "user_id": "controlleragent-0.1_40", 
  "roles": [], 
  "enabled": true, 
  "mechanism": "CURVE", 
  "capabilities": [], 
  "groups": [], 
  "address": null, 
  "credentials": "LWa9zvpOTTl2cjgJMih3JzO4JieodreGgzh3hJljJiA", 
  "comments": "Automatically added on agent install"
}

INDEX: 51
{
  "domain": null, 
  "user_id": "controlleragent-0.1_41", 
  "roles": [], 
  "enabled": true, 
  "mechanism": "CURVE", 
  "capabilities": [], 
  "groups": [], 
  "address": null, 
  "credentials": "_aueKMrsLUc2_gnpLo-xjd55Qva3gBWgGTUgf7HKizA", 
  "comments": "Automatically added on agent install"
}

INDEX: 52
{
  "domain": null, 
  "user_id": "controlleragent-0.1_42", 
  "roles": [], 
  "enabled": true, 
  "mechanism": "CURVE", 
  "capabilities": [], 
  "groups": [], 
  "address": null, 
  "credentials": "0F_dpsPL0QP6_DNIicsAXBb_Khjl2DjP9MlF_p_az2Y", 
  "comments": "Automatically added on agent install"
}

INDEX: 53
{
  "domain": null, 
  "user_id": "controlleragent-0.1_43", 
  "roles": [], 
  "enabled": true, 
  "mechanism": "CURVE", 
  "capabilities": [], 
  "groups": [], 
  "address": null, 
  "credentials": "1riH-buwRNGTueKg248c9jnBcHFf7-nbRZZQCiaesHY", 
  "comments": "Automatically added on agent install"
}

INDEX: 54
{
  "domain": null, 
  "user_id": "controlleragent-0.1_44", 
  "roles": [], 
  "enabled": true, 
  "mechanism": "CURVE", 
  "capabilities": [], 
  "groups": [], 
  "address": null, 
  "credentials": "g_B7qaEzh-q774QHBsbpRmZer2YOrUY1Lx3L5Ls5HWs", 
  "comments": "Automatically added on agent install"
}

INDEX: 55
{
  "domain": null, 
  "user_id": "controlleragent-0.1_45", 
  "roles": [], 
  "enabled": true, 
  "mechanism": "CURVE", 
  "capabilities": [], 
  "groups": [], 
  "address": null, 
  "credentials": "yLjoqy0YvF4IXoxqN7IRUvDin1YG4w_eVKbvG8CnjXE", 
  "comments": "Automatically added on agent install"
}

INDEX: 56
{
  "domain": null, 
  "user_id": "controlleragent-0.1_46", 
  "roles": [], 
  "enabled": true, 
  "mechanism": "CURVE", 
  "capabilities": [], 
  "groups": [], 
  "address": null, 
  "credentials": "OHmh-oABBeO2mp6WPrzMQ1TootvPWA9PMVX8O06goW4", 
  "comments": "Automatically added on agent install"
}

INDEX: 57
{
  "domain": null, 
  "user_id": "controlleragent-0.1_47", 
  "roles": [], 
  "enabled": true, 
  "mechanism": "CURVE", 
  "capabilities": [], 
  "groups": [], 
  "address": null, 
  "credentials": "lHR3p_2-vzcw3lHuZ57MZu29ZG3w-QqcvXBsUYKNsG8", 
  "comments": "Automatically added on agent install"
}

INDEX: 58
{
  "domain": null, 
  "user_id": "controlleragent-0.1_48", 
  "roles": [], 
  "enabled": true, 
  "mechanism": "CURVE", 
  "capabilities": [], 
  "groups": [], 
  "address": null, 
  "credentials": "vsuM8w-eHINOo7TR2LvtvNBQk8JTCTTjNFoVibiFfGM", 
  "comments": "Automatically added on agent install"
}

INDEX: 59
{
  "domain": null, 
  "user_id": "controlleragent-0.1_49", 
  "roles": [], 
  "enabled": true, 
  "mechanism": "CURVE", 
  "capabilities": [], 
  "groups": [], 
  "address": null, 
  "credentials": "X6nFD8lKjuZMH-PQlQwrkHjgMgWCm_DRMSBCtx1j2gE", 
  "comments": "Automatically added on agent install"
}

INDEX: 60
{
  "domain": null, 
  "user_id": "controlleragent-0.1_50", 
  "roles": [], 
  "enabled": true, 
  "mechanism": "CURVE", 
  "capabilities": [], 
  "groups": [], 
  "address": null, 
  "credentials": "wIp6tAw3-2krZ5hwOOI6jtu4g4G_WAa7OGgn-bBBVxY", 
  "comments": "Automatically added on agent install"
}

INDEX: 61
{
  "domain": null, 
  "user_id": "controlleragent-0.1_51", 
  "roles": [], 
  "enabled": true, 
  "mechanism": "CURVE", 
  "capabilities": [], 
  "groups": [], 
  "address": null, 
  "credentials": "-dhviv993fqe3LcGDL8Rv7waIulX0d7Z7Y-lH7CF8EU", 
  "comments": "Automatically added on agent install"
}

INDEX: 62
{
  "domain": null, 
  "user_id": "controlleragent-0.1_52", 
  "roles": [], 
  "enabled": true, 
  "mechanism": "CURVE", 
  "capabilities": [], 
  "groups": [], 
  "address": null, 
  "credentials": "Ka1FjIZugG60vt-4XKHQ9cjqiJpYKAR2K0D2qjWNWSg", 
  "comments": "Automatically added on agent install"
}

INDEX: 63
{
  "domain": null, 
  "user_id": "controlleragent-0.1_53", 
  "roles": [], 
  "enabled": true, 
  "mechanism": "CURVE", 
  "capabilities": [], 
  "groups": [], 
  "address": null, 
  "credentials": "obuRmhmGFux3pMomRH9YQexgWXESCJVsLB-c6lfwPQ0", 
  "comments": "Automatically added on agent install"
}

INDEX: 64
{
  "domain": null, 
  "user_id": "controlleragent-0.1_54", 
  "roles": [], 
  "enabled": true, 
  "mechanism": "CURVE", 
  "capabilities": [], 
  "groups": [], 
  "address": null, 
  "credentials": "IyRyl2-PnOF41g9IH6SzeHCgCgO_bG0Qt7GdOsOwyiA", 
  "comments": "Automatically added on agent install"
}

INDEX: 65
{
  "domain": null, 
  "user_id": "controlleragent-0.1_55", 
  "roles": [], 
  "enabled": true, 
  "mechanism": "CURVE", 
  "capabilities": [], 
  "groups": [], 
  "address": null, 
  "credentials": "VgaTJl3t9gYzgmufJRlH1z00olSj6ek7pIBSAdRqBCY", 
  "comments": "Automatically added on agent install"
}

INDEX: 66
{
  "domain": null, 
  "user_id": "controlleragent-0.1_56", 
  "roles": [], 
  "enabled": true, 
  "mechanism": "CURVE", 
  "capabilities": [], 
  "groups": [], 
  "address": null, 
  "credentials": "3-Q-2_lHQNMsy1TR8pT6pwlKLbsqxPSaZg-T1jZ2XWs", 
  "comments": "Automatically added on agent install"
}

INDEX: 67
{
  "domain": null, 
  "user_id": "controlleragent-0.1_57", 
  "roles": [], 
  "enabled": true, 
  "mechanism": "CURVE", 
  "capabilities": [], 
  "groups": [], 
  "address": null, 
  "credentials": "P09t2rUVCc5HAzq1D8r2li7JiXDWgCWfaZ6gg5B8V3U", 
  "comments": "Automatically added on agent install"
}

INDEX: 68
{
  "domain": null, 
  "user_id": "controlleragent-0.1_58", 
  "roles": [], 
  "enabled": true, 
  "mechanism": "CURVE", 
  "capabilities": [], 
  "groups": [], 
  "address": null, 
  "credentials": "6RD268Au1eiu3V_9fc8sxreUblcS1h8oMwYCgpCutXs", 
  "comments": "Automatically added on agent install"
}

INDEX: 69
{
  "domain": null, 
  "user_id": "controlleragent-0.1_59", 
  "roles": [], 
  "enabled": true, 
  "mechanism": "CURVE", 
  "capabilities": [], 
  "groups": [], 
  "address": null, 
  "credentials": "K6Y4w4CRmTHCUwm9F8UXkVf4sD1muJ2JcFBAp6kwNDA", 
  "comments": "Automatically added on agent install"
}

INDEX: 70
{
  "domain": null, 
  "user_id": "controlleragent-0.1_60", 
  "roles": [], 
  "enabled": true, 
  "mechanism": "CURVE", 
  "capabilities": [], 
  "groups": [], 
  "address": null, 
  "credentials": "JbE-iwkogOxBUnVJzadd17PenhLzn3r3sqHVsPTPoUE", 
  "comments": "Automatically added on agent install"
}

INDEX: 71
{
  "domain": null, 
  "user_id": "controlleragent-0.1_61", 
  "roles": [], 
  "enabled": true, 
  "mechanism": "CURVE", 
  "capabilities": [], 
  "groups": [], 
  "address": null, 
  "credentials": "ViyMh5Pc_1Ux8VEzmKIRcImL_x22xpfC6PcLeYKkG1A", 
  "comments": "Automatically added on agent install"
}

INDEX: 72
{
  "domain": null, 
  "user_id": "controlleragent-0.1_62", 
  "roles": [], 
  "enabled": true, 
  "mechanism": "CURVE", 
  "capabilities": [], 
  "groups": [], 
  "address": null, 
  "credentials": "6RWPPZiRDgNOWBpO4datLhaWObrR8j_4X8KUGwyXa1A", 
  "comments": "Automatically added on agent install"
}

INDEX: 73
{
  "domain": null, 
  "user_id": "controlleragent-0.1_63", 
  "roles": [], 
  "enabled": true, 
  "mechanism": "CURVE", 
  "capabilities": [], 
  "groups": [], 
  "address": null, 
  "credentials": "5Rqi58HGyibOyxSNNKNldVy5D6UVjNUnemuMa_0R_h0", 
  "comments": "Automatically added on agent install"
}

INDEX: 74
{
  "domain": null, 
  "user_id": "controlleragent-0.1_64", 
  "roles": [], 
  "enabled": true, 
  "mechanism": "CURVE", 
  "capabilities": [], 
  "groups": [], 
  "address": null, 
  "credentials": "L3-fEmcZ09_4ZW69nhBNf2IJ6R-3rOnAjshBGjZwv2M", 
  "comments": "Automatically added on agent install"
}

INDEX: 75
{
  "domain": null, 
  "user_id": "controlleragent-0.1_65", 
  "roles": [], 
  "enabled": true, 
  "mechanism": "CURVE", 
  "capabilities": [], 
  "groups": [], 
  "address": null, 
  "credentials": "mA7JgGdNDPUTLp-pXgvLJufi9lhlODa7tB6gHqTmFgQ", 
  "comments": "Automatically added on agent install"
}

INDEX: 76
{
  "domain": null, 
  "user_id": "controlleragent-0.1_66", 
  "roles": [], 
  "enabled": true, 
  "mechanism": "CURVE", 
  "capabilities": [], 
  "groups": [], 
  "address": null, 
  "credentials": "U5YJot6xRUE57FmmRa9XkDp77NNCgaRX1RRRT5sZxFE", 
  "comments": "Automatically added on agent install"
}

INDEX: 77
{
  "domain": null, 
  "user_id": "controlleragent-0.1_67", 
  "roles": [], 
  "enabled": true, 
  "mechanism": "CURVE", 
  "capabilities": [], 
  "groups": [], 
  "address": null, 
  "credentials": "n2-7os5_sSOKDGjUeexhdBDDOCCXZVrxCR-4Aw1DZXg", 
  "comments": "Automatically added on agent install"
}

INDEX: 78
{
  "domain": null, 
  "user_id": "controlleragent-0.1_68", 
  "roles": [], 
  "enabled": true, 
  "mechanism": "CURVE", 
  "capabilities": [], 
  "groups": [], 
  "address": null, 
  "credentials": "LOTedyaQJs_GH4Mg361jjq7i0IzQUOPQuLVPRxPVYDA", 
  "comments": "Automatically added on agent install"
}

INDEX: 79
{
  "domain": null, 
  "user_id": "controlleragent-0.1_69", 
  "roles": [], 
  "enabled": true, 
  "mechanism": "CURVE", 
  "capabilities": [], 
  "groups": [], 
  "address": null, 
  "credentials": "kRh-lOdpSGnVOxNeZwHp94bmtZep9yIhRx3v4A5xpUM", 
  "comments": "Automatically added on agent install"
}

INDEX: 80
{
  "domain": null, 
  "user_id": "controlleragent-0.1_70", 
  "roles": [], 
  "enabled": true, 
  "mechanism": "CURVE", 
  "capabilities": [], 
  "groups": [], 
  "address": null, 
  "credentials": "OA25RZZR3ZA6yUQXqHzyLFPMnkFo3Z7rbakhNnhJkiA", 
  "comments": "Automatically added on agent install"
}

INDEX: 81
{
  "domain": null, 
  "user_id": "controlleragent-0.1_71", 
  "roles": [], 
  "enabled": true, 
  "mechanism": "CURVE", 
  "capabilities": [], 
  "groups": [], 
  "address": null, 
  "credentials": "ZcSVXacts_X7kqnHLHIN7DW4CQV05GaSW_p55OgzSU0", 
  "comments": "Automatically added on agent install"
}

INDEX: 82
{
  "domain": null, 
  "user_id": "controlleragent-0.1_72", 
  "roles": [], 
  "enabled": true, 
  "mechanism": "CURVE", 
  "capabilities": [], 
  "groups": [], 
  "address": null, 
  "credentials": "AYjEhiAsj15qaMCuqpnL2yVBuK_e6vGtxjrkHpU0fg4", 
  "comments": "Automatically added on agent install"
}

INDEX: 83
{
  "domain": null, 
  "user_id": "controlleragent-0.1_73", 
  "roles": [], 
  "enabled": true, 
  "mechanism": "CURVE", 
  "capabilities": [], 
  "groups": [], 
  "address": null, 
  "credentials": "95wv_aWbGXvLJPl0kbznoPA_ZnZoBf4NhSnXffVs7F4", 
  "comments": "Automatically added on agent install"
}

INDEX: 84
{
  "domain": null, 
  "user_id": "controlleragent-0.1_74", 
  "roles": [], 
  "enabled": true, 
  "mechanism": "CURVE", 
  "capabilities": [], 
  "groups": [], 
  "address": null, 
  "credentials": "lIov3QoDzmiTjne2JveN-fA5QCUakAxkHp8RuWcDOVo", 
  "comments": "Automatically added on agent install"
}

INDEX: 85
{
  "domain": null, 
  "user_id": "controlleragent-0.1_75", 
  "roles": [], 
  "enabled": true, 
  "mechanism": "CURVE", 
  "capabilities": [], 
  "groups": [], 
  "address": null, 
  "credentials": "uf3ForJqo7y5imKH5vB94C3ncoemLqjEwDrqTp9IGW4", 
  "comments": "Automatically added on agent install"
}

INDEX: 86
{
  "domain": null, 
  "user_id": "controlleragent-0.1_76", 
  "roles": [], 
  "enabled": true, 
  "mechanism": "CURVE", 
  "capabilities": [], 
  "groups": [], 
  "address": null, 
  "credentials": "MIa7HaQ5zAsyvrLTMP5vy8nMJIknAb-aDhQjqQfd-nk", 
  "comments": "Automatically added on agent install"
}

INDEX: 87
{
  "domain": null, 
  "user_id": "controlleragent-0.1_77", 
  "roles": [], 
  "enabled": true, 
  "mechanism": "CURVE", 
  "capabilities": [], 
  "groups": [], 
  "address": null, 
  "credentials": "q82ZyWpZE1NlFhCG9-JyMgAqIEu-5LwormbgW4Vc6WI", 
  "comments": "Automatically added on agent install"
}

INDEX: 88
{
  "domain": null, 
  "user_id": "controlleragent-0.1_78", 
  "roles": [], 
  "enabled": true, 
  "mechanism": "CURVE", 
  "capabilities": [], 
  "groups": [], 
  "address": null, 
  "credentials": "1Cg3dBKjOGVnG3BUPtuduldXC8eSjOSE743C2cdIKzA", 
  "comments": "Automatically added on agent install"
}

INDEX: 89
{
  "domain": null, 
  "user_id": "controlleragent-0.1_79", 
  "roles": [], 
  "enabled": true, 
  "mechanism": "CURVE", 
  "capabilities": [], 
  "groups": [], 
  "address": null, 
  "credentials": "E3iKKBOo9h1pp85q8CkjHR3Nd-7bck-nVX1NvoSFPX0", 
  "comments": "Automatically added on agent install"
}

INDEX: 90
{
  "domain": null, 
  "user_id": "controlleragent-0.1_80", 
  "roles": [], 
  "enabled": true, 
  "mechanism": "CURVE", 
  "capabilities": [], 
  "groups": [], 
  "address": null, 
  "credentials": "pdlXfOdcRYFU1Bre5WXMznrddLozkG8wvVKy-D6XvjA", 
  "comments": "Automatically added on agent install"
}

INDEX: 91
{
  "domain": null, 
  "user_id": "controlleragent-0.1_81", 
  "roles": [], 
  "enabled": true, 
  "mechanism": "CURVE", 
  "capabilities": [], 
  "groups": [], 
  "address": null, 
  "credentials": "rOQ2LKV67opZ6FYUTXkF-Tgoi6ret0skDaBcnrGbIjM", 
  "comments": "Automatically added on agent install"
}

INDEX: 92
{
  "domain": null, 
  "user_id": "controlleragent-0.1_82", 
  "roles": [], 
  "enabled": true, 
  "mechanism": "CURVE", 
  "capabilities": [], 
  "groups": [], 
  "address": null, 
  "credentials": "AaKbHyvXSPM_Bb9v9MfvkZ89RD3GGPDSITLfDjriZW8", 
  "comments": "Automatically added on agent install"
}

INDEX: 93
{
  "domain": null, 
  "user_id": "controlleragent-0.1_83", 
  "roles": [], 
  "enabled": true, 
  "mechanism": "CURVE", 
  "capabilities": [], 
  "groups": [], 
  "address": null, 
  "credentials": "NyP7TA8x4cKGu9mFzh25WFa1pBPrmM1EwltRqgI2OgY", 
  "comments": "Automatically added on agent install"
}

INDEX: 94
{
  "domain": null, 
  "user_id": "controlleragent-0.1_84", 
  "roles": [], 
  "enabled": true, 
  "mechanism": "CURVE", 
  "capabilities": [], 
  "groups": [], 
  "address": null, 
  "credentials": "U9Dnc58H0dTCuZ39C-9hik1V-CXVjBFr8NuXKxQfM1k", 
  "comments": "Automatically added on agent install"
}

INDEX: 95
{
  "domain": null, 
  "user_id": "controlleragent-0.1_85", 
  "roles": [], 
  "enabled": true, 
  "mechanism": "CURVE", 
  "capabilities": [], 
  "groups": [], 
  "address": null, 
  "credentials": "_rNW6s_uPM42ZJkNhwqL32xXuCD9qKsvOr9UriCq-ik", 
  "comments": "Automatically added on agent install"
}

INDEX: 96
{
  "domain": null, 
  "user_id": "controlleragent-0.1_86", 
  "roles": [], 
  "enabled": true, 
  "mechanism": "CURVE", 
  "capabilities": [], 
  "groups": [], 
  "address": null, 
  "credentials": "_qy0NTBjqqG73CEi72uKuBHPyGyMPE_6LBZRwfJiKjQ", 
  "comments": "Automatically added on agent install"
}

INDEX: 97
{
  "domain": null, 
  "user_id": "controlleragent-0.1_87", 
  "roles": [], 
  "enabled": true, 
  "mechanism": "CURVE", 
  "capabilities": [], 
  "groups": [], 
  "address": null, 
  "credentials": "y5ruvRHyj1pJVXBab7fEY_U9NrGf07xNdV0n6rqjrnA", 
  "comments": "Automatically added on agent install"
}

INDEX: 98
{
  "domain": null, 
  "user_id": "controlleragent-0.1_88", 
  "roles": [], 
  "enabled": true, 
  "mechanism": "CURVE", 
  "capabilities": [], 
  "groups": [], 
  "address": null, 
  "credentials": "ljo9A5voM3_tnMC-lpTsCOoqtXe_7fzMd9yOEE8m8k4", 
  "comments": "Automatically added on agent install"
}

INDEX: 99
{
  "domain": null, 
  "user_id": "controlleragent-0.1_89", 
  "roles": [], 
  "enabled": true, 
  "mechanism": "CURVE", 
  "capabilities": [], 
  "groups": [], 
  "address": null, 
  "credentials": "vxce-CRdxkP6QLdQCtole10qwF5LXEBb1LUHf-jnKyY", 
  "comments": "Automatically added on agent install"
}

INDEX: 100
{
  "domain": null, 
  "user_id": "controlleragent-0.1_90", 
  "roles": [], 
  "enabled": true, 
  "mechanism": "CURVE", 
  "capabilities": [], 
  "groups": [], 
  "address": null, 
  "credentials": "rlF8JJd2ViHkPs3fNtvNEmMs70WimTbk-KcyRtA_bmw", 
  "comments": "Automatically added on agent install"
}

INDEX: 101
{
  "domain": null, 
  "user_id": "controlleragent-0.1_91", 
  "roles": [], 
  "enabled": true, 
  "mechanism": "CURVE", 
  "capabilities": [], 
  "groups": [], 
  "address": null, 
  "credentials": "1NElbwPLvrtL4yFjH9xOnkqwGKYbQ9V2tzL_Any1k3I", 
  "comments": "Automatically added on agent install"
}

INDEX: 102
{
  "domain": null, 
  "user_id": "controlleragent-0.1_92", 
  "roles": [], 
  "enabled": true, 
  "mechanism": "CURVE", 
  "capabilities": [], 
  "groups": [], 
  "address": null, 
  "credentials": "puKMz0jsbmW_S4WfkDd9XMpNi1adP_L8obdFeAMTrT8", 
  "comments": "Automatically added on agent install"
}

INDEX: 103
{
  "domain": null, 
  "user_id": "controlleragent-0.1_93", 
  "roles": [], 
  "enabled": true, 
  "mechanism": "CURVE", 
  "capabilities": [], 
  "groups": [], 
  "address": null, 
  "credentials": "3zEuQJjZULs-1dUtpE-WfHEpKYoOxDNe7J-DaB9WoHE", 
  "comments": "Automatically added on agent install"
}

INDEX: 104
{
  "domain": null, 
  "user_id": "controlleragent-0.1_94", 
  "roles": [], 
  "enabled": true, 
  "mechanism": "CURVE", 
  "capabilities": [], 
  "groups": [], 
  "address": null, 
  "credentials": "a2_VJrC9dRKfr-Kp7NJ6KrnxiObL6H3MCget3pxhpVE", 
  "comments": "Automatically added on agent install"
}

INDEX: 105
{
  "domain": null, 
  "user_id": "controlleragent-0.1_95", 
  "roles": [], 
  "enabled": true, 
  "mechanism": "CURVE", 
  "capabilities": [], 
  "groups": [], 
  "address": null, 
  "credentials": "uqcpagpawSNFsC4QXIRY_w6iKSa3de1fi6G29Es4U1U", 
  "comments": "Automatically added on agent install"
}

INDEX: 106
{
  "domain": null, 
  "user_id": "controlleragent-0.1_96", 
  "roles": [], 
  "enabled": true, 
  "mechanism": "CURVE", 
  "capabilities": [], 
  "groups": [], 
  "address": null, 
  "credentials": "Gl4ufZS2Ovs5bDUizmJN4U6GFNUMVPn_ekIb6VS81Vw", 
  "comments": "Automatically added on agent install"
}

INDEX: 107
{
  "domain": null, 
  "user_id": "controlleragent-0.1_97", 
  "roles": [], 
  "enabled": true, 
  "mechanism": "CURVE", 
  "capabilities": [], 
  "groups": [], 
  "address": null, 
  "credentials": "5fSAW3Zk2Q0Rqk_23EQI5LbTiz58kOlfzZ91T4F67nI", 
  "comments": "Automatically added on agent install"
}

INDEX: 108
{
  "domain": null, 
  "user_id": "controlleragent-0.1_98", 
  "roles": [], 
  "enabled": true, 
  "mechanism": "CURVE", 
  "capabilities": [], 
  "groups": [], 
  "address": null, 
  "credentials": "rZcwYXx3B8PG0fZM69Ejt4kHdTxEEI0TTuWARZwrvho", 
  "comments": "Automatically added on agent install"
}

INDEX: 109
{
  "domain": null, 
  "user_id": "controlleragent-0.1_99", 
  "roles": [], 
  "enabled": true, 
  "mechanism": "CURVE", 
  "capabilities": [], 
  "groups": [], 
  "address": null, 
  "credentials": "AalAPUUhRX0GpJrFRdYJthqbuELc9fueF-ycNBIMLEQ", 
  "comments": "Automatically added on agent install"
}

INDEX: 110
{
  "domain": null, 
  "user_id": "controlleragent-0.1_100", 
  "roles": [], 
  "enabled": true, 
  "mechanism": "CURVE", 
  "capabilities": [], 
  "groups": [], 
  "address": null, 
  "credentials": "lypU2PUtGqTrHmVfeor9Jb7Gkspa_NGIxNAEAZf66XQ", 
  "comments": "Automatically added on agent install"
}

INDEX: 111
{
  "domain": null, 
  "user_id": "controlleragent-0.1_101", 
  "roles": [], 
  "enabled": true, 
  "mechanism": "CURVE", 
  "capabilities": [], 
  "groups": [], 
  "address": null, 
  "credentials": "foqjXIPs8R3GB-4rKw1aUvLE5jEpO-hZ6HQumswPd0I", 
  "comments": "Automatically added on agent install"
}

INDEX: 112
{
  "domain": null, 
  "user_id": "controlleragent-0.1_102", 
  "roles": [], 
  "enabled": true, 
  "mechanism": "CURVE", 
  "capabilities": [], 
  "groups": [], 
  "address": null, 
  "credentials": "13DH88bCTxE6LaVe5oWsfkKxBMSyGn4pHXABQj4iCjQ", 
  "comments": "Automatically added on agent install"
}

INDEX: 113
{
  "domain": null, 
  "user_id": "controlleragent-0.1_103", 
  "roles": [], 
  "enabled": true, 
  "mechanism": "CURVE", 
  "capabilities": [], 
  "groups": [], 
  "address": null, 
  "credentials": "1Zanuhq1V49-uUJzULpvrSIyCLmpswdIKQUHjHXGFzo", 
  "comments": "Automatically added on agent install"
}

INDEX: 114
{
  "domain": null, 
  "user_id": "controlleragent-0.1_104", 
  "roles": [], 
  "enabled": true, 
  "mechanism": "CURVE", 
  "capabilities": [], 
  "groups": [], 
  "address": null, 
  "credentials": "rmp5NffyVYzpiGMIb7P_nKoNwa9OcXtshHmrbEBFsg4", 
  "comments": "Automatically added on agent install"
}

INDEX: 115
{
  "domain": null, 
  "user_id": "aggregatoragent-0.1_1", 
  "roles": [], 
  "enabled": true, 
  "mechanism": "CURVE", 
  "capabilities": [], 
  "groups": [], 
  "address": null, 
  "credentials": "jOeLqFJy4I66PkN7bLFcLAK9c12TmMIYE284tNtSDXQ", 
  "comments": "Automatically added on agent install"
}

INDEX: 116
{
  "domain": null, 
  "user_id": "aggregatoragent-0.1_2", 
  "roles": [], 
  "enabled": true, 
  "mechanism": "CURVE", 
  "capabilities": [], 
  "groups": [], 
  "address": null, 
  "credentials": "WY8kUZVMTyy3tewNQf_kab6c5PY-PKuLZz_LqMGd1UI", 
  "comments": "Automatically added on agent install"
}

INDEX: 117
{
  "domain": null, 
  "user_id": "aggregatoragent-0.1_3", 
  "roles": [], 
  "enabled": true, 
  "mechanism": "CURVE", 
  "capabilities": [], 
  "groups": [], 
  "address": null, 
  "credentials": "coZULlOVpnUJEZYKW9563cRc7FYV0Exjyv6anC6wAXA", 
  "comments": "Automatically added on agent install"
}

INDEX: 118
{
  "domain": null, 
  "user_id": "HEMSagent-0.1_1", 
  "roles": [], 
  "enabled": true, 
  "mechanism": "CURVE", 
  "capabilities": [], 
  "groups": [], 
  "address": null, 
  "credentials": "QMMvsmJ6srULAY7B0l95MMyfTxn7QRIInUYhaAAoC04", 
  "comments": "Automatically added on agent install"
}
