1349 HEMSagent-0.1             HEMSagent-0.1_1                                   
b9b6 actuatoragent-0.5         platform.actuator                                 
ed03 aggregatoragent-0.1       aggregatoragent-0.1_1       aggregatorAgent      0
8b09 controlleragent-0.1       controlleragent-0.1_68                            
0441 controlleragent-0.1       controlleragent-0.1_33      controllerAgent running [29143]
0488 controlleragent-0.1       controlleragent-0.1_41      controllerAgent       
091c controlleragent-0.1       controlleragent-0.1_127     controllerAgent       
0b63 controlleragent-0.1       controlleragent-0.1_8       controllerAgent       
0c5c controlleragent-0.1       controlleragent-0.1_141     controllerAgent running [29864]
0dd0 controlleragent-0.1       controlleragent-0.1_14      controllerAgent running [29582]
0fef controlleragent-0.1       controlleragent-0.1_142     controllerAgent running [29670]
1053 controlleragent-0.1       controlleragent-0.1_35      controllerAgent       
11c0 controlleragent-0.1       controlleragent-0.1_169     controllerAgent       
13bd controlleragent-0.1       controlleragent-0.1_45      controllerAgent       
1677 controlleragent-0.1       controlleragent-0.1_183     controllerAgent running [29918]
184e controlleragent-0.1       controlleragent-0.1_52      controllerAgent       
1895 controlleragent-0.1       controlleragent-0.1_61      controllerAgent running [29972]
1957 controlleragent-0.1       controlleragent-0.1_30      controllerAgent running [29868]
1a80 controlleragent-0.1       controlleragent-0.1_98      controllerAgent running [29241]
1cb0 controlleragent-0.1       controlleragent-0.1_134     controllerAgent       
1ffc controlleragent-0.1       controlleragent-0.1_7       controllerAgent       
213f controlleragent-0.1       controlleragent-0.1_114     controllerAgent running [29491]
214c controlleragent-0.1       controlleragent-0.1_189     controllerAgent running [29705]
2214 controlleragent-0.1       controlleragent-0.1_27      controllerAgent       
2402 controlleragent-0.1       controlleragent-0.1_153     controllerAgent       
2586 controlleragent-0.1       controlleragent-0.1_178     controllerAgent       
25d9 controlleragent-0.1       controlleragent-0.1_198     controllerAgent running [29149]
2734 controlleragent-0.1       controlleragent-0.1_40      controllerAgent running [29657]
2779 controlleragent-0.1       controlleragent-0.1_170     controllerAgent running [29523]
2893 controlleragent-0.1       controlleragent-0.1_125     controllerAgent       
28f4 controlleragent-0.1       controlleragent-0.1_111     controllerAgent       
291b controlleragent-0.1       controlleragent-0.1_192     controllerAgent running [29878]
2a31 controlleragent-0.1       controlleragent-0.1_59      controllerAgent       
2b7a controlleragent-0.1       controlleragent-0.1_186     controllerAgent       
2bb5 controlleragent-0.1       controlleragent-0.1_159     controllerAgent running [29507]
2bcf controlleragent-0.1       controlleragent-0.1_173     controllerAgent running [29915]
2c1e controlleragent-0.1       controlleragent-0.1_53      controllerAgent       
2d19 controlleragent-0.1       controlleragent-0.1_151     controllerAgent       
2e16 controlleragent-0.1       controlleragent-0.1_185     controllerAgent running [29460]
300d controlleragent-0.1       controlleragent-0.1_24      controllerAgent running [29247]
32b2 controlleragent-0.1       controlleragent-0.1_42      controllerAgent       
33b5 controlleragent-0.1       controlleragent-0.1_105     controllerAgent running [29746]
34fe controlleragent-0.1       controlleragent-0.1_176     controllerAgent       
3724 controlleragent-0.1       controlleragent-0.1_119     controllerAgent       
3949 controlleragent-0.1       controlleragent-0.1_60      controllerAgent running [29757]
397c controlleragent-0.1       controlleragent-0.1_138     controllerAgent running [29318]
3a23 controlleragent-0.1       controlleragent-0.1_63      controllerAgent       
3adf controlleragent-0.1       controlleragent-0.1_75      controllerAgent       
3b96 controlleragent-0.1       controlleragent-0.1_204     controllerAgent running [29597]
3cb8 controlleragent-0.1       controlleragent-0.1_87      controllerAgent       
3d09 controlleragent-0.1       controlleragent-0.1_190     controllerAgent running [29383]
3ea0 controlleragent-0.1       controlleragent-0.1_157     controllerAgent running [29142]
42b8 controlleragent-0.1       controlleragent-0.1_202     controllerAgent running [29604]
470e controlleragent-0.1       controlleragent-0.1_78      controllerAgent running [29614]
48a5 controlleragent-0.1       controlleragent-0.1_34      controllerAgent running [29543]
494e controlleragent-0.1       controlleragent-0.1_103     controllerAgent running [29601]
498b controlleragent-0.1       controlleragent-0.1_32      controllerAgent running [29845]
4aab controlleragent-0.1       controlleragent-0.1_91      controllerAgent running [29707]
4b32 controlleragent-0.1       controlleragent-0.1_46      controllerAgent       
4c5a controlleragent-0.1       controlleragent-0.1_88      controllerAgent       
4c8e controlleragent-0.1       controlleragent-0.1_12      controllerAgent       
4c99 controlleragent-0.1       controlleragent-0.1_126     controllerAgent running [29135]
4e8f controlleragent-0.1       controlleragent-0.1_4       controllerAgent       
5036 controlleragent-0.1       controlleragent-0.1_79      controllerAgent       
512a controlleragent-0.1       controlleragent-0.1_65      controllerAgent       
5167 controlleragent-0.1       controlleragent-0.1_124     controllerAgent running [29463]
5225 controlleragent-0.1       controlleragent-0.1_143     controllerAgent running [29843]
54d8 controlleragent-0.1       controlleragent-0.1_132     controllerAgent       
5706 controlleragent-0.1       controlleragent-0.1_37      controllerAgent       
5797 controlleragent-0.1       controlleragent-0.1_133     controllerAgent       
590c controlleragent-0.1       controlleragent-0.1_146     controllerAgent running [29841]
59a8 controlleragent-0.1       controlleragent-0.1_92      controllerAgent       
59ae controlleragent-0.1       controlleragent-0.1_99      controllerAgent running [29571]
5a7f controlleragent-0.1       controlleragent-0.1_20      controllerAgent running [29857]
5aa5 controlleragent-0.1       controlleragent-0.1_55      controllerAgent running [29373]
5add controlleragent-0.1       controlleragent-0.1_175     controllerAgent       
5b7f controlleragent-0.1       controlleragent-0.1_22      controllerAgent running [29526]
5bf3 controlleragent-0.1       controlleragent-0.1_115     controllerAgent       
5cbf controlleragent-0.1       controlleragent-0.1_11      controllerAgent running [29136]
5ce4 controlleragent-0.1       controlleragent-0.1_36      controllerAgent       
5d17 controlleragent-0.1       controlleragent-0.1_72      controllerAgent       
5d1e controlleragent-0.1       controlleragent-0.1_76      controllerAgent       
6188 controlleragent-0.1       controlleragent-0.1_86      controllerAgent running [29392]
6220 controlleragent-0.1       controlleragent-0.1_108     controllerAgent running [29515]
629e controlleragent-0.1       controlleragent-0.1_5       controllerAgent       
6409 controlleragent-0.1       controlleragent-0.1_199     controllerAgent       
668c controlleragent-0.1       controlleragent-0.1_158     controllerAgent running [29589]
694a controlleragent-0.1       controlleragent-0.1_144     controllerAgent       
6988 controlleragent-0.1       controlleragent-0.1_123     controllerAgent       
6a00 controlleragent-0.1       controlleragent-0.1_121     controllerAgent running [29493]
6b3e controlleragent-0.1       controlleragent-0.1_101     controllerAgent running [29180]
6ebe controlleragent-0.1       controlleragent-0.1_131     controllerAgent running [29921]
6f9a controlleragent-0.1       controlleragent-0.1_95      controllerAgent running [29377]
6fa9 controlleragent-0.1       controlleragent-0.1_73      controllerAgent running [29138]
6fe7 controlleragent-0.1       controlleragent-0.1_191     controllerAgent       
7048 controlleragent-0.1       controlleragent-0.1_77      controllerAgent running [29418]
7217 controlleragent-0.1       controlleragent-0.1_193     controllerAgent       
7258 controlleragent-0.1       controlleragent-0.1_180     controllerAgent       
7262 controlleragent-0.1       controlleragent-0.1_148     controllerAgent       
72c3 controlleragent-0.1       controlleragent-0.1_182     controllerAgent running [29751]
72d9 controlleragent-0.1       controlleragent-0.1_67      controllerAgent running [29321]
7317 controlleragent-0.1       controlleragent-0.1_82      controllerAgent       
7406 controlleragent-0.1       controlleragent-0.1_28      controllerAgent       
7421 controlleragent-0.1       controlleragent-0.1_155     controllerAgent running [29715]
7513 controlleragent-0.1       controlleragent-0.1_129     controllerAgent running [29853]
7884 controlleragent-0.1       controlleragent-0.1_29      controllerAgent running [29958]
7895 controlleragent-0.1       controlleragent-0.1_39      controllerAgent running [29145]
790a controlleragent-0.1       controlleragent-0.1_17      controllerAgent running [29723]
7a76 controlleragent-0.1       controlleragent-0.1_187     controllerAgent running [29274]
7d4b controlleragent-0.1       controlleragent-0.1_112     controllerAgent running [29567]
8298 controlleragent-0.1       controlleragent-0.1_145     controllerAgent       
8477 controlleragent-0.1       controlleragent-0.1_58      controllerAgent       
84b0 controlleragent-0.1       controlleragent-0.1_43      controllerAgent       
869d controlleragent-0.1       controlleragent-0.1_96      controllerAgent running [29579]
8798 controlleragent-0.1       controlleragent-0.1_6       controllerAgent running [29753]
88b6 controlleragent-0.1       controlleragent-0.1_19      controllerAgent       
88e3 controlleragent-0.1       controlleragent-0.1_10      controllerAgent       
8b9c controlleragent-0.1       controlleragent-0.1_116     controllerAgent running [29535]
8e19 controlleragent-0.1       controlleragent-0.1_162     controllerAgent running [29913]
8e67 controlleragent-0.1       controlleragent-0.1_44      controllerAgent running [29686]
8f0a controlleragent-0.1       controlleragent-0.1_147     controllerAgent       
9087 controlleragent-0.1       controlleragent-0.1_100     controllerAgent running [29795]
93ed controlleragent-0.1       controlleragent-0.1_166     controllerAgent       
9570 controlleragent-0.1       controlleragent-0.1_172     controllerAgent running [29749]
97ee controlleragent-0.1       controlleragent-0.1_49      controllerAgent running [29528]
9809 controlleragent-0.1       controlleragent-0.1_201     controllerAgent       
983a controlleragent-0.1       controlleragent-0.1_120     controllerAgent running [29364]
9952 controlleragent-0.1       controlleragent-0.1_21      controllerAgent       
9a95 controlleragent-0.1       controlleragent-0.1_9       controllerAgent running [29734]
9aaf controlleragent-0.1       controlleragent-0.1_90      controllerAgent       
9ad5 controlleragent-0.1       controlleragent-0.1_3       controllerAgent running [29244]
9bea controlleragent-0.1       controlleragent-0.1_163     controllerAgent running [29718]
9e01 controlleragent-0.1       controlleragent-0.1_152     controllerAgent running [29659]
9e0a controlleragent-0.1       controlleragent-0.1_26      controllerAgent running [29916]
9f38 controlleragent-0.1       controlleragent-0.1_23      controllerAgent running [29313]
9fa1 controlleragent-0.1       controlleragent-0.1_107     controllerAgent running [29821]
a0a8 controlleragent-0.1       controlleragent-0.1_197     controllerAgent       
a11f controlleragent-0.1       controlleragent-0.1_81      controllerAgent       
a292 controlleragent-0.1       controlleragent-0.1_102     controllerAgent running [29671]
a3d7 controlleragent-0.1       controlleragent-0.1_85      controllerAgent running [29350]
a646 controlleragent-0.1       controlleragent-0.1_25      controllerAgent       
a7d1 controlleragent-0.1       controlleragent-0.1_167     controllerAgent running [29139]
a825 controlleragent-0.1       controlleragent-0.1_184     controllerAgent       
adaf controlleragent-0.1       controlleragent-0.1_38      controllerAgent running [29806]
adcf controlleragent-0.1       controlleragent-0.1_16      controllerAgent running [29798]
aeb8 controlleragent-0.1       controlleragent-0.1_64      controllerAgent       
b3f3 controlleragent-0.1       controlleragent-0.1_149     controllerAgent running [29316]
b426 controlleragent-0.1       controlleragent-0.1_97      controllerAgent running [29777]
b474 controlleragent-0.1       controlleragent-0.1_94      controllerAgent running [29380]
b5f8 controlleragent-0.1       controlleragent-0.1_188     controllerAgent       
b853 controlleragent-0.1       controlleragent-0.1_83      controllerAgent       
b9cf controlleragent-0.1       controlleragent-0.1_62      controllerAgent       
bda1 controlleragent-0.1       controlleragent-0.1_200     controllerAgent       
bdb0 controlleragent-0.1       controlleragent-0.1_74      controllerAgent       
bf63 controlleragent-0.1       controlleragent-0.1_196     controllerAgent running [29261]
c472 controlleragent-0.1       controlleragent-0.1_203     controllerAgent       
c4d6 controlleragent-0.1       controlleragent-0.1_70      controllerAgent running [29459]
c516 controlleragent-0.1       controlleragent-0.1_89      controllerAgent running [29945]
c8bc controlleragent-0.1       controlleragent-0.1_57      controllerAgent running [29452]
c90f controlleragent-0.1       controlleragent-0.1_177     controllerAgent       
c946 controlleragent-0.1       controlleragent-0.1_118     controllerAgent       
ca63 controlleragent-0.1       controlleragent-0.1_195     controllerAgent running [29598]
cc04 controlleragent-0.1       controlleragent-0.1_50      controllerAgent running [29250]
ce41 controlleragent-0.1       controlleragent-0.1_165     controllerAgent       
cea2 controlleragent-0.1       controlleragent-0.1_179     controllerAgent running [29170]
d0ee controlleragent-0.1       controlleragent-0.1_54      controllerAgent       
d202 controlleragent-0.1       controlleragent-0.1_106     controllerAgent running [29473]
d2f3 controlleragent-0.1       controlleragent-0.1_161     controllerAgent running [29799]
d39c controlleragent-0.1       controlleragent-0.1_110     controllerAgent       
d3bd controlleragent-0.1       controlleragent-0.1_51      controllerAgent       
d729 controlleragent-0.1       controlleragent-0.1_168     controllerAgent running [29854]
da07 controlleragent-0.1       controlleragent-0.1_150     controllerAgent running [29325]
dceb controlleragent-0.1       controlleragent-0.1_128     controllerAgent       
dd79 controlleragent-0.1       controlleragent-0.1_93      controllerAgent running [29374]
de27 controlleragent-0.1       controlleragent-0.1_164     controllerAgent       
ded3 controlleragent-0.1       controlleragent-0.1_194     controllerAgent       
e058 controlleragent-0.1       controlleragent-0.1_80      controllerAgent       
e1b6 controlleragent-0.1       controlleragent-0.1_15      controllerAgent       
e3c6 controlleragent-0.1       controlleragent-0.1_84      controllerAgent running [29634]
e49c controlleragent-0.1       controlleragent-0.1_69      controllerAgent running [29371]
e56e controlleragent-0.1       controlleragent-0.1_154     controllerAgent running [29157]
e678 controlleragent-0.1       controlleragent-0.1_139     controllerAgent       
e6d5 controlleragent-0.1       controlleragent-0.1_130     controllerAgent       
e80f controlleragent-0.1       controlleragent-0.1_48      controllerAgent       
ea18 controlleragent-0.1       controlleragent-0.1_117     controllerAgent       
ea3b controlleragent-0.1       controlleragent-0.1_1       controllerAgent running [29246]
eb15 controlleragent-0.1       controlleragent-0.1_137     controllerAgent       
eca0 controlleragent-0.1       controlleragent-0.1_160     controllerAgent running [29667]
eca2 controlleragent-0.1       controlleragent-0.1_47      controllerAgent       
ecbe controlleragent-0.1       controlleragent-0.1_109     controllerAgent running [29151]
ee2b controlleragent-0.1       controlleragent-0.1_181     controllerAgent running [29403]
ef10 controlleragent-0.1       controlleragent-0.1_56      controllerAgent       
ef95 controlleragent-0.1       controlleragent-0.1_140     controllerAgent running [29254]
efc3 controlleragent-0.1       controlleragent-0.1_136     controllerAgent       
f1ad controlleragent-0.1       controlleragent-0.1_18      controllerAgent       
f20f controlleragent-0.1       controlleragent-0.1_122     controllerAgent       
f30e controlleragent-0.1       controlleragent-0.1_156     controllerAgent       
f4b9 controlleragent-0.1       controlleragent-0.1_71      controllerAgent       
f4f4 controlleragent-0.1       controlleragent-0.1_13      controllerAgent       
f556 controlleragent-0.1       controlleragent-0.1_174     controllerAgent running [29444]
f5d7 controlleragent-0.1       controlleragent-0.1_2       controllerAgent       
f623 controlleragent-0.1       controlleragent-0.1_66      controllerAgent running [29148]
f70d controlleragent-0.1       controlleragent-0.1_135     controllerAgent running [29315]
f913 controlleragent-0.1       controlleragent-0.1_31      controllerAgent       
f99e controlleragent-0.1       controlleragent-0.1_104     controllerAgent running [29930]
fb8c controlleragent-0.1       controlleragent-0.1_171     controllerAgent       
fcc5 controlleragent-0.1       controlleragent-0.1_113     controllerAgent running [29243]
c5e6 schedule_exampleagent-0.1 schedule_exampleagent-0.1_1                       
2211 sqlhistorianagent-3.6.1   platform.historian                                
