2017-11-21 20:18:15,368 volttron.platform.vip.agent.core DEBUG: address: tcp://127.0.0.1:22916?serverkey=XDMM3_KrXqSaaPXEM3vL7rumk4nd-A30dcksjfFWNyM&publickey=cDc4_Lli13dt-__ju-vpgAeOEbbRPaOVzQoeQ5KHjUk&secretkey=k19_VwSSfbFUzm4Op3DGBlOH6Vd7rMJWy4iQo_t-wuw
2017-11-21 20:18:15,368 volttron.platform.vip.agent.core DEBUG: identity: FNCS_Volttron_Bridge100
2017-11-21 20:18:15,368 volttron.platform.vip.agent.core DEBUG: agent_uuid: None
2017-11-21 20:18:15,368 volttron.platform.vip.agent.core DEBUG: serverkey: None
2017-11-21 20:18:19,559 volttron.platform.vip.agent.core INFO: Connected to platform: router: 783ba6c5-7811-4df4-bf1d-888a0732edee version: 1.0 identity: FNCS_Volttron_Bridge100
2017-11-21 20:18:19,560 volttron.platform.vip.agent.core DEBUG: Running onstart methods.
2017-11-21 20:18:27,408 volttron.platform.vip.agent.subsystems.configstore DEBUG: Processing callbacks for affected files: {}
publish_heartbeat 2017-11-22 04:18:20.055374Z
fncs.time_request( 1 ) request
fncs.time_request() response 1
Values recieved from fncs.time_request() 1
it takes 16.6834850311  seconds to process fncs->volttron messages
1
publish_heartbeat 2017-11-22 04:18:36.738946Z
fncs.time_request( 2 ) request
fncs.time_request() response 2
Did not receive anything from fncs.time_request() 2
publish_heartbeat 2017-11-22 04:18:38.196983Z
fncs.time_request( 3 ) request
fncs.time_request() response 3
Did not receive anything from fncs.time_request() 3
publish_heartbeat 2017-11-22 04:18:38.758320Z
fncs.time_request( 4 ) request
fncs.time_request() response 4
Did not receive anything from fncs.time_request() 4
publish_heartbeat 2017-11-22 04:18:40.210999Z
fncs.time_request( 5 ) request
fncs.time_request() response 5
Did not receive anything from fncs.time_request() 5
publish_heartbeat 2017-11-22 04:18:40.771309Z
fncs.time_request( 6 ) request
fncs.time_request() response 6
Did not receive anything from fncs.time_request() 6
publish_heartbeat 2017-11-22 04:18:42.205832Z
fncs.time_request( 7 ) request
fncs.time_request() response 7
Did not receive anything from fncs.time_request() 7
publish_heartbeat 2017-11-22 04:18:42.797783Z
fncs.time_request( 8 ) request
fncs.time_request() response 8
Did not receive anything from fncs.time_request() 8
publish_heartbeat 2017-11-22 04:18:44.216141Z
fncs.time_request( 9 ) request
fncs.time_request() response 9
Did not receive anything from fncs.time_request() 9
publish_heartbeat 2017-11-22 04:18:44.814013Z
fncs.time_request( 10 ) request
fncs.time_request() response 10
Did not receive anything from fncs.time_request() 10
publish_heartbeat 2017-11-22 04:18:46.215986Z
fncs.time_request( 11 ) request
fncs.time_request() response 11
Did not receive anything from fncs.time_request() 11
publish_heartbeat 2017-11-22 04:18:46.826445Z
fncs.time_request( 12 ) request
fncs.time_request() response 12
Did not receive anything from fncs.time_request() 12
publish_heartbeat 2017-11-22 04:18:48.233897Z
fncs.time_request( 13 ) request
fncs.time_request() response 13
Did not receive anything from fncs.time_request() 13
publish_heartbeat 2017-11-22 04:18:48.848936Z
fncs.time_request( 14 ) request
fncs.time_request() response 14
Did not receive anything from fncs.time_request() 14
publish_heartbeat 2017-11-22 04:18:50.333428Z
fncs.time_request( 15 ) request
fncs.time_request() response 15
Did not receive anything from fncs.time_request() 15
publish_heartbeat 2017-11-22 04:18:50.899402Z
fncs.time_request( 16 ) request
fncs.time_request() response 16
Did not receive anything from fncs.time_request() 16
publish_heartbeat 2017-11-22 04:18:52.382458Z
fncs.time_request( 17 ) request
fncs.time_request() response 17
Did not receive anything from fncs.time_request() 17
publish_heartbeat 2017-11-22 04:18:52.980752Z
fncs.time_request( 18 ) request
fncs.time_request() response 18
Did not receive anything from fncs.time_request() 18
publish_heartbeat 2017-11-22 04:18:54.357709Z
fncs.time_request( 19 ) request
fncs.time_request() response 19
Did not receive anything from fncs.time_request() 19
publish_heartbeat 2017-11-22 04:18:55.092722Z
fncs.time_request( 20 ) request
fncs.time_request() response 20
Did not receive anything from fncs.time_request() 20
publish_heartbeat 2017-11-22 04:18:56.386280Z
fncs.time_request( 21 ) request
fncs.time_request() response 21
Did not receive anything from fncs.time_request() 21
publish_heartbeat 2017-11-22 04:18:57.129024Z
fncs.time_request( 22 ) request
fncs.time_request() response 22
Did not receive anything from fncs.time_request() 22
publish_heartbeat 2017-11-22 04:18:58.396898Z
fncs.time_request( 23 ) request
fncs.time_request() response 23
Did not receive anything from fncs.time_request() 23
publish_heartbeat 2017-11-22 04:18:59.149814Z
fncs.time_request( 24 ) request
fncs.time_request() response 24
Did not receive anything from fncs.time_request() 24
publish_heartbeat 2017-11-22 04:19:00.431791Z
fncs.time_request( 25 ) request
fncs.time_request() response 25
Did not receive anything from fncs.time_request() 25
publish_heartbeat 2017-11-22 04:19:01.203171Z
fncs.time_request( 26 ) request
fncs.time_request() response 26
Did not receive anything from fncs.time_request() 26
publish_heartbeat 2017-11-22 04:19:02.521897Z
fncs.time_request( 27 ) request
fncs.time_request() response 27
Did not receive anything from fncs.time_request() 27
publish_heartbeat 2017-11-22 04:19:03.237617Z
fncs.time_request( 28 ) request
fncs.time_request() response 28
Did not receive anything from fncs.time_request() 28
publish_heartbeat 2017-11-22 04:19:04.610973Z
fncs.time_request( 29 ) request
fncs.time_request() response 29
Did not receive anything from fncs.time_request() 29
publish_heartbeat 2017-11-22 04:19:05.293019Z
fncs.time_request( 30 ) request
fncs.time_request() response 30
Did not receive anything from fncs.time_request() 30
publish_heartbeat 2017-11-22 04:19:06.988462Z
fncs.time_request( 31 ) request
fncs.time_request() response 31
Did not receive anything from fncs.time_request() 31
publish_heartbeat 2017-11-22 04:19:07.577458Z
fncs.time_request( 32 ) request
fncs.time_request() response 32
Did not receive anything from fncs.time_request() 32
publish_heartbeat 2017-11-22 04:19:09.986310Z
fncs.time_request( 33 ) request
fncs.time_request() response 33
Did not receive anything from fncs.time_request() 33
publish_heartbeat 2017-11-22 04:19:10.019050Z
fncs.time_request( 34 ) request
fncs.time_request() response 34
Did not receive anything from fncs.time_request() 34
publish_heartbeat 2017-11-22 04:19:12.151073Z
fncs.time_request( 35 ) request
fncs.time_request() response 35
Did not receive anything from fncs.time_request() 35
publish_heartbeat 2017-11-22 04:19:12.231302Z
fncs.time_request( 36 ) request
fncs.time_request() response 36
Did not receive anything from fncs.time_request() 36
publish_heartbeat 2017-11-22 04:19:14.264706Z
fncs.time_request( 37 ) request
fncs.time_request() response 37
Did not receive anything from fncs.time_request() 37
publish_heartbeat 2017-11-22 04:19:14.338628Z
fncs.time_request( 38 ) request
fncs.time_request() response 38
Did not receive anything from fncs.time_request() 38
publish_heartbeat 2017-11-22 04:19:16.440438Z
fncs.time_request( 39 ) request
fncs.time_request() response 39
Did not receive anything from fncs.time_request() 39
publish_heartbeat 2017-11-22 04:19:16.468246Z
fncs.time_request( 40 ) request
fncs.time_request() response 40
Did not receive anything from fncs.time_request() 40
publish_heartbeat 2017-11-22 04:19:18.488059Z
fncs.time_request( 41 ) request
fncs.time_request() response 41
Did not receive anything from fncs.time_request() 41
publish_heartbeat 2017-11-22 04:19:18.509547Z
fncs.time_request( 42 ) request
fncs.time_request() response 42
Did not receive anything from fncs.time_request() 42
publish_heartbeat 2017-11-22 04:19:20.529208Z
fncs.time_request( 43 ) request
fncs.time_request() response 43
Did not receive anything from fncs.time_request() 43
publish_heartbeat 2017-11-22 04:19:20.549125Z
fncs.time_request( 44 ) request
fncs.time_request() response 44
Did not receive anything from fncs.time_request() 44
publish_heartbeat 2017-11-22 04:19:22.699704Z
fncs.time_request( 45 ) request
fncs.time_request() response 45
Did not receive anything from fncs.time_request() 45
publish_heartbeat 2017-11-22 04:19:22.750018Z
fncs.time_request( 46 ) request
fncs.time_request() response 46
Did not receive anything from fncs.time_request() 46
publish_heartbeat 2017-11-22 04:19:24.789298Z
fncs.time_request( 47 ) request
fncs.time_request() response 47
Did not receive anything from fncs.time_request() 47
publish_heartbeat 2017-11-22 04:19:24.816535Z
fncs.time_request( 48 ) request
fncs.time_request() response 48
Did not receive anything from fncs.time_request() 48
publish_heartbeat 2017-11-22 04:19:26.866283Z
fncs.time_request( 49 ) request
fncs.time_request() response 49
Did not receive anything from fncs.time_request() 49
publish_heartbeat 2017-11-22 04:19:26.925519Z
fncs.time_request( 50 ) request
fncs.time_request() response 50
Did not receive anything from fncs.time_request() 50
publish_heartbeat 2017-11-22 04:19:28.983870Z
fncs.time_request( 51 ) request
fncs.time_request() response 51
Did not receive anything from fncs.time_request() 51
publish_heartbeat 2017-11-22 04:19:29.051883Z
fncs.time_request( 52 ) request
fncs.time_request() response 52
Did not receive anything from fncs.time_request() 52
publish_heartbeat 2017-11-22 04:19:31.120924Z
fncs.time_request( 53 ) request
fncs.time_request() response 53
Did not receive anything from fncs.time_request() 53
publish_heartbeat 2017-11-22 04:19:31.153776Z
fncs.time_request( 54 ) request
fncs.time_request() response 54
Did not receive anything from fncs.time_request() 54
publish_heartbeat 2017-11-22 04:19:33.236750Z
fncs.time_request( 55 ) request
fncs.time_request() response 55
Did not receive anything from fncs.time_request() 55
publish_heartbeat 2017-11-22 04:19:33.339562Z
fncs.time_request( 56 ) request
fncs.time_request() response 56
Did not receive anything from fncs.time_request() 56
publish_heartbeat 2017-11-22 04:19:35.433908Z
fncs.time_request( 57 ) request
fncs.time_request() response 57
Did not receive anything from fncs.time_request() 57
publish_heartbeat 2017-11-22 04:19:35.469775Z
fncs.time_request( 58 ) request
fncs.time_request() response 58
Did not receive anything from fncs.time_request() 58
publish_heartbeat 2017-11-22 04:19:37.579632Z
fncs.time_request( 59 ) request
fncs.time_request() response 59
Did not receive anything from fncs.time_request() 59
publish_heartbeat 2017-11-22 04:19:37.609167Z
fncs.time_request( 60 ) request
fncs.time_request() response 60
Did not receive anything from fncs.time_request() 60
publish_heartbeat 2017-11-22 04:19:39.779001Z
fncs.time_request( 61 ) request
fncs.time_request() response 61
Did not receive anything from fncs.time_request() 61
publish_heartbeat 2017-11-22 04:19:39.824231Z
fncs.time_request( 62 ) request
fncs.time_request() response 62
Did not receive anything from fncs.time_request() 62
publish_heartbeat 2017-11-22 04:19:41.986187Z
fncs.time_request( 63 ) request
fncs.time_request() response 63
Did not receive anything from fncs.time_request() 63
publish_heartbeat 2017-11-22 04:19:42.062515Z
fncs.time_request( 64 ) request
fncs.time_request() response 64
Did not receive anything from fncs.time_request() 64
publish_heartbeat 2017-11-22 04:19:44.164933Z
fncs.time_request( 65 ) request
fncs.time_request() response 65
Did not receive anything from fncs.time_request() 65
publish_heartbeat 2017-11-22 04:19:44.234325Z
fncs.time_request( 66 ) request
fncs.time_request() response 66
Did not receive anything from fncs.time_request() 66
publish_heartbeat 2017-11-22 04:19:46.277117Z
fncs.time_request( 67 ) request
fncs.time_request() response 67
Did not receive anything from fncs.time_request() 67
publish_heartbeat 2017-11-22 04:19:46.350081Z
fncs.time_request( 68 ) request
fncs.time_request() response 68
Did not receive anything from fncs.time_request() 68
publish_heartbeat 2017-11-22 04:19:48.427963Z
fncs.time_request( 69 ) request
fncs.time_request() response 69
Did not receive anything from fncs.time_request() 69
publish_heartbeat 2017-11-22 04:19:48.457541Z
fncs.time_request( 70 ) request
fncs.time_request() response 70
Did not receive anything from fncs.time_request() 70
publish_heartbeat 2017-11-22 04:19:50.557930Z
fncs.time_request( 71 ) request
fncs.time_request() response 71
Did not receive anything from fncs.time_request() 71
publish_heartbeat 2017-11-22 04:19:50.594981Z
fncs.time_request( 72 ) request
fncs.time_request() response 72
Did not receive anything from fncs.time_request() 72
publish_heartbeat 2017-11-22 04:19:52.655382Z
fncs.time_request( 73 ) request
fncs.time_request() response 73
Did not receive anything from fncs.time_request() 73
publish_heartbeat 2017-11-22 04:19:52.810893Z
fncs.time_request( 74 ) request
fncs.time_request() response 74
Did not receive anything from fncs.time_request() 74
publish_heartbeat 2017-11-22 04:19:54.852983Z
fncs.time_request( 75 ) request
fncs.time_request() response 75
Did not receive anything from fncs.time_request() 75
publish_heartbeat 2017-11-22 04:19:55.947005Z
fncs.time_request( 76 ) request
fncs.time_request() response 76
Did not receive anything from fncs.time_request() 76
publish_heartbeat 2017-11-22 04:19:57.970008Z
fncs.time_request( 77 ) request
fncs.time_request() response 77
Did not receive anything from fncs.time_request() 77
publish_heartbeat 2017-11-22 04:19:58.188773Z
fncs.time_request( 78 ) request
fncs.time_request() response 78
Did not receive anything from fncs.time_request() 78
publish_heartbeat 2017-11-22 04:20:00.218306Z
fncs.time_request( 79 ) request
fncs.time_request() response 79
Did not receive anything from fncs.time_request() 79
publish_heartbeat 2017-11-22 04:20:00.291676Z
fncs.time_request( 80 ) request
fncs.time_request() response 80
Did not receive anything from fncs.time_request() 80
publish_heartbeat 2017-11-22 04:20:02.372774Z
fncs.time_request( 81 ) request
fncs.time_request() response 81
Did not receive anything from fncs.time_request() 81
publish_heartbeat 2017-11-22 04:20:02.392838Z
fncs.time_request( 82 ) request
fncs.time_request() response 82
Did not receive anything from fncs.time_request() 82
publish_heartbeat 2017-11-22 04:20:04.512272Z
fncs.time_request( 83 ) request
fncs.time_request() response 83
Did not receive anything from fncs.time_request() 83
publish_heartbeat 2017-11-22 04:20:05.787453Z
fncs.time_request( 84 ) request
fncs.time_request() response 84
Did not receive anything from fncs.time_request() 84
publish_heartbeat 2017-11-22 04:20:08.228750Z
fncs.time_request( 85 ) request
fncs.time_request() response 85
Did not receive anything from fncs.time_request() 85
publish_heartbeat 2017-11-22 04:20:08.244253Z
fncs.time_request( 86 ) request
fncs.time_request() response 86
Did not receive anything from fncs.time_request() 86
publish_heartbeat 2017-11-22 04:20:10.284260Z
fncs.time_request( 87 ) request
fncs.time_request() response 87
Did not receive anything from fncs.time_request() 87
publish_heartbeat 2017-11-22 04:20:10.315580Z
fncs.time_request( 88 ) request
fncs.time_request() response 88
Did not receive anything from fncs.time_request() 88
publish_heartbeat 2017-11-22 04:20:12.353491Z
fncs.time_request( 89 ) request
fncs.time_request() response 89
Did not receive anything from fncs.time_request() 89
publish_heartbeat 2017-11-22 04:20:12.483911Z
fncs.time_request( 90 ) request
fncs.time_request() response 90
Did not receive anything from fncs.time_request() 90
publish_heartbeat 2017-11-22 04:20:15.294183Z
fncs.time_request( 91 ) request
fncs.time_request() response 91
Did not receive anything from fncs.time_request() 91
publish_heartbeat 2017-11-22 04:20:15.822781Z
fncs.time_request( 92 ) request
fncs.time_request() response 92
Did not receive anything from fncs.time_request() 92
publish_heartbeat 2017-11-22 04:20:17.851573Z
fncs.time_request( 93 ) request
fncs.time_request() response 93
Did not receive anything from fncs.time_request() 93
publish_heartbeat 2017-11-22 04:20:17.899926Z
fncs.time_request( 94 ) request
fncs.time_request() response 94
Did not receive anything from fncs.time_request() 94
publish_heartbeat 2017-11-22 04:20:21.055071Z
fncs.time_request( 95 ) request
fncs.time_request() response 95
Did not receive anything from fncs.time_request() 95
publish_heartbeat 2017-11-22 04:20:21.070680Z
fncs.time_request( 96 ) request
fncs.time_request() response 96
Did not receive anything from fncs.time_request() 96
publish_heartbeat 2017-11-22 04:20:23.121922Z
fncs.time_request( 97 ) request
fncs.time_request() response 97
Did not receive anything from fncs.time_request() 97
publish_heartbeat 2017-11-22 04:20:23.155567Z
fncs.time_request( 98 ) request
fncs.time_request() response 98
Did not receive anything from fncs.time_request() 98
publish_heartbeat 2017-11-22 04:20:26.413888Z
fncs.time_request( 99 ) request
fncs.time_request() response 99
Did not receive anything from fncs.time_request() 99
publish_heartbeat 2017-11-22 04:20:26.529631Z
fncs.time_request( 100 ) request
fncs.time_request() response 100
Did not receive anything from fncs.time_request() 100
publish_heartbeat 2017-11-22 04:20:28.616261Z
fncs.time_request( 101 ) request
fncs.time_request() response 101
Did not receive anything from fncs.time_request() 101
publish_heartbeat 2017-11-22 04:20:29.970040Z
fncs.time_request( 102 ) request
fncs.time_request() response 102
Did not receive anything from fncs.time_request() 102
publish_heartbeat 2017-11-22 04:20:32.064831Z
fncs.time_request( 103 ) request
fncs.time_request() response 103
Did not receive anything from fncs.time_request() 103
publish_heartbeat 2017-11-22 04:20:32.116939Z
fncs.time_request( 104 ) request
fncs.time_request() response 104
Did not receive anything from fncs.time_request() 104
publish_heartbeat 2017-11-22 04:20:35.613741Z
fncs.time_request( 105 ) request
fncs.time_request() response 105
Did not receive anything from fncs.time_request() 105
publish_heartbeat 2017-11-22 04:20:36.473675Z
fncs.time_request( 106 ) request
fncs.time_request() response 106
Did not receive anything from fncs.time_request() 106
publish_heartbeat 2017-11-22 04:20:38.561312Z
fncs.time_request( 107 ) request
fncs.time_request() response 107
Did not receive anything from fncs.time_request() 107
publish_heartbeat 2017-11-22 04:20:38.626114Z
fncs.time_request( 108 ) request
fncs.time_request() response 108
Did not receive anything from fncs.time_request() 108
publish_heartbeat 2017-11-22 04:20:40.684393Z
fncs.time_request( 109 ) request
fncs.time_request() response 109
Did not receive anything from fncs.time_request() 109
publish_heartbeat 2017-11-22 04:20:40.784900Z
fncs.time_request( 110 ) request
fncs.time_request() response 110
Did not receive anything from fncs.time_request() 110
publish_heartbeat 2017-11-22 04:20:44.404863Z
fncs.time_request( 111 ) request
fncs.time_request() response 111
Did not receive anything from fncs.time_request() 111
publish_heartbeat 2017-11-22 04:20:45.111569Z
fncs.time_request( 112 ) request
fncs.time_request() response 112
Did not receive anything from fncs.time_request() 112
publish_heartbeat 2017-11-22 04:20:47.383942Z
fncs.time_request( 113 ) request
fncs.time_request() response 113
Did not receive anything from fncs.time_request() 113
publish_heartbeat 2017-11-22 04:20:47.693982Z
fncs.time_request( 114 ) request
fncs.time_request() response 114
Did not receive anything from fncs.time_request() 114
publish_heartbeat 2017-11-22 04:20:49.709719Z
fncs.time_request( 115 ) request
fncs.time_request() response 115
Did not receive anything from fncs.time_request() 115
publish_heartbeat 2017-11-22 04:20:49.732392Z
fncs.time_request( 116 ) request
fncs.time_request() response 116
Did not receive anything from fncs.time_request() 116
publish_heartbeat 2017-11-22 04:20:51.750667Z
fncs.time_request( 117 ) request
fncs.time_request() response 117
Did not receive anything from fncs.time_request() 117
publish_heartbeat 2017-11-22 04:20:52.094807Z
fncs.time_request( 118 ) request
fncs.time_request() response 118
Did not receive anything from fncs.time_request() 118
publish_heartbeat 2017-11-22 04:20:54.114251Z
fncs.time_request( 119 ) request
fncs.time_request() response 119
Did not receive anything from fncs.time_request() 119
publish_heartbeat 2017-11-22 04:20:54.152084Z
fncs.time_request( 120 ) request
fncs.time_request() response 120
Did not receive anything from fncs.time_request() 120
publish_heartbeat 2017-11-22 04:20:56.166957Z
fncs.time_request( 121 ) request
fncs.time_request() response 121
Did not receive anything from fncs.time_request() 121
publish_heartbeat 2017-11-22 04:20:56.204794Z
fncs.time_request( 122 ) request
fncs.time_request() response 122
Did not receive anything from fncs.time_request() 122
publish_heartbeat 2017-11-22 04:20:58.294784Z
fncs.time_request( 123 ) request
fncs.time_request() response 123
Did not receive anything from fncs.time_request() 123
publish_heartbeat 2017-11-22 04:20:58.353737Z
fncs.time_request( 124 ) request
fncs.time_request() response 124
Did not receive anything from fncs.time_request() 124
publish_heartbeat 2017-11-22 04:21:00.379362Z
fncs.time_request( 125 ) request
fncs.time_request() response 125
Did not receive anything from fncs.time_request() 125
publish_heartbeat 2017-11-22 04:21:00.513784Z
fncs.time_request( 126 ) request
fncs.time_request() response 126
Did not receive anything from fncs.time_request() 126
publish_heartbeat 2017-11-22 04:21:04.803228Z
fncs.time_request( 127 ) request
fncs.time_request() response 127
Did not receive anything from fncs.time_request() 127
publish_heartbeat 2017-11-22 04:21:04.830196Z
fncs.time_request( 128 ) request
fncs.time_request() response 128
Did not receive anything from fncs.time_request() 128
publish_heartbeat 2017-11-22 04:21:06.955207Z
fncs.time_request( 129 ) request
fncs.time_request() response 129
Did not receive anything from fncs.time_request() 129
publish_heartbeat 2017-11-22 04:21:06.973470Z
fncs.time_request( 130 ) request
fncs.time_request() response 130
Did not receive anything from fncs.time_request() 130
publish_heartbeat 2017-11-22 04:21:09.098718Z
fncs.time_request( 131 ) request
fncs.time_request() response 131
Did not receive anything from fncs.time_request() 131
publish_heartbeat 2017-11-22 04:21:11.471497Z
fncs.time_request( 132 ) request
fncs.time_request() response 132
Did not receive anything from fncs.time_request() 132
publish_heartbeat 2017-11-22 04:21:13.504740Z
fncs.time_request( 133 ) request
fncs.time_request() response 133
Did not receive anything from fncs.time_request() 133
publish_heartbeat 2017-11-22 04:21:13.549357Z
fncs.time_request( 134 ) request
fncs.time_request() response 134
Did not receive anything from fncs.time_request() 134
publish_heartbeat 2017-11-22 04:21:15.697768Z
fncs.time_request( 135 ) request
fncs.time_request() response 135
Did not receive anything from fncs.time_request() 135
publish_heartbeat 2017-11-22 04:21:15.838942Z
fncs.time_request( 136 ) request
fncs.time_request() response 136
Did not receive anything from fncs.time_request() 136
publish_heartbeat 2017-11-22 04:21:17.908863Z
fncs.time_request( 137 ) request
fncs.time_request() response 137
Did not receive anything from fncs.time_request() 137
publish_heartbeat 2017-11-22 04:21:18.006956Z
fncs.time_request( 138 ) request
fncs.time_request() response 138
Did not receive anything from fncs.time_request() 138
publish_heartbeat 2017-11-22 04:21:22.279334Z
fncs.time_request( 139 ) request
fncs.time_request() response 139
Did not receive anything from fncs.time_request() 139
publish_heartbeat 2017-11-22 04:21:22.315272Z
fncs.time_request( 140 ) request
fncs.time_request() response 140
Did not receive anything from fncs.time_request() 140
publish_heartbeat 2017-11-22 04:21:24.382736Z
fncs.time_request( 141 ) request
fncs.time_request() response 141
Did not receive anything from fncs.time_request() 141
publish_heartbeat 2017-11-22 04:21:24.397956Z
fncs.time_request( 142 ) request
fncs.time_request() response 142
Did not receive anything from fncs.time_request() 142
publish_heartbeat 2017-11-22 04:21:26.432742Z
fncs.time_request( 143 ) request
fncs.time_request() response 143
Did not receive anything from fncs.time_request() 143
publish_heartbeat 2017-11-22 04:21:26.464701Z
fncs.time_request( 144 ) request
fncs.time_request() response 144
Did not receive anything from fncs.time_request() 144
publish_heartbeat 2017-11-22 04:21:28.676696Z
fncs.time_request( 145 ) request
fncs.time_request() response 145
Did not receive anything from fncs.time_request() 145
publish_heartbeat 2017-11-22 04:21:30.133576Z
fncs.time_request( 146 ) request
fncs.time_request() response 146
Did not receive anything from fncs.time_request() 146
publish_heartbeat 2017-11-22 04:21:32.164324Z
fncs.time_request( 147 ) request
fncs.time_request() response 147
Did not receive anything from fncs.time_request() 147
publish_heartbeat 2017-11-22 04:21:33.070008Z
fncs.time_request( 148 ) request
fncs.time_request() response 148
Did not receive anything from fncs.time_request() 148
publish_heartbeat 2017-11-22 04:21:35.656140Z
fncs.time_request( 149 ) request
fncs.time_request() response 149
Did not receive anything from fncs.time_request() 149
publish_heartbeat 2017-11-22 04:21:35.673227Z
fncs.time_request( 150 ) request
fncs.time_request() response 150
Did not receive anything from fncs.time_request() 150
publish_heartbeat 2017-11-22 04:21:37.692358Z
fncs.time_request( 151 ) request
fncs.time_request() response 151
Did not receive anything from fncs.time_request() 151
publish_heartbeat 2017-11-22 04:21:37.717007Z
fncs.time_request( 152 ) request
fncs.time_request() response 152
Did not receive anything from fncs.time_request() 152
publish_heartbeat 2017-11-22 04:21:39.737781Z
fncs.time_request( 153 ) request
fncs.time_request() response 153
Did not receive anything from fncs.time_request() 153
publish_heartbeat 2017-11-22 04:21:39.788936Z
fncs.time_request( 154 ) request
fncs.time_request() response 154
Did not receive anything from fncs.time_request() 154
publish_heartbeat 2017-11-22 04:21:41.824498Z
fncs.time_request( 155 ) request
fncs.time_request() response 155
Did not receive anything from fncs.time_request() 155
publish_heartbeat 2017-11-22 04:21:42.453892Z
fncs.time_request( 156 ) request
fncs.time_request() response 156
Did not receive anything from fncs.time_request() 156
publish_heartbeat 2017-11-22 04:21:44.481761Z
fncs.time_request( 157 ) request
fncs.time_request() response 157
Did not receive anything from fncs.time_request() 157
publish_heartbeat 2017-11-22 04:21:44.499542Z
fncs.time_request( 158 ) request
fncs.time_request() response 158
Did not receive anything from fncs.time_request() 158
publish_heartbeat 2017-11-22 04:21:48.879519Z
fncs.time_request( 159 ) request
fncs.time_request() response 159
Did not receive anything from fncs.time_request() 159
publish_heartbeat 2017-11-22 04:21:48.931801Z
fncs.time_request( 160 ) request
fncs.time_request() response 160
Did not receive anything from fncs.time_request() 160
publish_heartbeat 2017-11-22 04:21:51.006810Z
fncs.time_request( 161 ) request
fncs.time_request() response 161
Did not receive anything from fncs.time_request() 161
publish_heartbeat 2017-11-22 04:21:51.125206Z
fncs.time_request( 162 ) request
fncs.time_request() response 162
Did not receive anything from fncs.time_request() 162
publish_heartbeat 2017-11-22 04:21:53.244100Z
fncs.time_request( 163 ) request
fncs.time_request() response 163
Did not receive anything from fncs.time_request() 163
publish_heartbeat 2017-11-22 04:21:53.329109Z
fncs.time_request( 164 ) request
fncs.time_request() response 164
Did not receive anything from fncs.time_request() 164
publish_heartbeat 2017-11-22 04:21:57.144113Z
fncs.time_request( 165 ) request
fncs.time_request() response 165
Did not receive anything from fncs.time_request() 165
publish_heartbeat 2017-11-22 04:21:57.936802Z
fncs.time_request( 166 ) request
fncs.time_request() response 166
Did not receive anything from fncs.time_request() 166
publish_heartbeat 2017-11-22 04:21:59.967632Z
fncs.time_request( 167 ) request
fncs.time_request() response 167
Did not receive anything from fncs.time_request() 167
publish_heartbeat 2017-11-22 04:22:00.086265Z
fncs.time_request( 168 ) request
fncs.time_request() response 168
Did not receive anything from fncs.time_request() 168
publish_heartbeat 2017-11-22 04:22:02.145112Z
fncs.time_request( 169 ) request
fncs.time_request() response 169
Did not receive anything from fncs.time_request() 169
publish_heartbeat 2017-11-22 04:22:02.217189Z
fncs.time_request( 170 ) request
fncs.time_request() response 170
Did not receive anything from fncs.time_request() 170
publish_heartbeat 2017-11-22 04:22:04.243895Z
fncs.time_request( 171 ) request
fncs.time_request() response 171
Did not receive anything from fncs.time_request() 171
publish_heartbeat 2017-11-22 04:22:04.279044Z
fncs.time_request( 172 ) request
fncs.time_request() response 172
Did not receive anything from fncs.time_request() 172
publish_heartbeat 2017-11-22 04:22:06.326177Z
fncs.time_request( 173 ) request
fncs.time_request() response 173
Did not receive anything from fncs.time_request() 173
publish_heartbeat 2017-11-22 04:22:06.402200Z
fncs.time_request( 174 ) request
fncs.time_request() response 174
Did not receive anything from fncs.time_request() 174
publish_heartbeat 2017-11-22 04:22:08.455340Z
fncs.time_request( 175 ) request
fncs.time_request() response 175
Did not receive anything from fncs.time_request() 175
publish_heartbeat 2017-11-22 04:22:11.073022Z
fncs.time_request( 176 ) request
fncs.time_request() response 176
Did not receive anything from fncs.time_request() 176
publish_heartbeat 2017-11-22 04:22:13.100382Z
fncs.time_request( 177 ) request
fncs.time_request() response 177
Did not receive anything from fncs.time_request() 177
publish_heartbeat 2017-11-22 04:22:13.193447Z
fncs.time_request( 178 ) request
fncs.time_request() response 178
Did not receive anything from fncs.time_request() 178
publish_heartbeat 2017-11-22 04:22:15.272014Z
fncs.time_request( 179 ) request
fncs.time_request() response 179
Did not receive anything from fncs.time_request() 179
publish_heartbeat 2017-11-22 04:22:15.295391Z
fncs.time_request( 180 ) request
fncs.time_request() response 180
Did not receive anything from fncs.time_request() 180
publish_heartbeat 2017-11-22 04:22:17.315228Z
fncs.time_request( 181 ) request
fncs.time_request() response 181
Did not receive anything from fncs.time_request() 181
publish_heartbeat 2017-11-22 04:22:17.393780Z
fncs.time_request( 182 ) request
fncs.time_request() response 182
Did not receive anything from fncs.time_request() 182
publish_heartbeat 2017-11-22 04:22:19.524036Z
fncs.time_request( 183 ) request
fncs.time_request() response 183
Did not receive anything from fncs.time_request() 183
publish_heartbeat 2017-11-22 04:22:19.554759Z
fncs.time_request( 184 ) request
fncs.time_request() response 184
Did not receive anything from fncs.time_request() 184
publish_heartbeat 2017-11-22 04:22:21.622596Z
fncs.time_request( 185 ) request
fncs.time_request() response 185
Did not receive anything from fncs.time_request() 185
publish_heartbeat 2017-11-22 04:22:21.654278Z
fncs.time_request( 186 ) request
fncs.time_request() response 186
Did not receive anything from fncs.time_request() 186
publish_heartbeat 2017-11-22 04:22:23.735091Z
fncs.time_request( 187 ) request
fncs.time_request() response 187
Did not receive anything from fncs.time_request() 187
publish_heartbeat 2017-11-22 04:22:23.771512Z
fncs.time_request( 188 ) request
fncs.time_request() response 188
Did not receive anything from fncs.time_request() 188
publish_heartbeat 2017-11-22 04:22:25.886225Z
fncs.time_request( 189 ) request
fncs.time_request() response 189
Did not receive anything from fncs.time_request() 189
publish_heartbeat 2017-11-22 04:22:25.925985Z
fncs.time_request( 190 ) request
fncs.time_request() response 190
Did not receive anything from fncs.time_request() 190
publish_heartbeat 2017-11-22 04:22:27.957292Z
fncs.time_request( 191 ) request
fncs.time_request() response 191
Did not receive anything from fncs.time_request() 191
publish_heartbeat 2017-11-22 04:22:29.773257Z
fncs.time_request( 192 ) request
fncs.time_request() response 192
Did not receive anything from fncs.time_request() 192
publish_heartbeat 2017-11-22 04:22:31.803735Z
fncs.time_request( 193 ) request
fncs.time_request() response 193
Did not receive anything from fncs.time_request() 193
publish_heartbeat 2017-11-22 04:22:31.862806Z
fncs.time_request( 194 ) request
fncs.time_request() response 194
Did not receive anything from fncs.time_request() 194
publish_heartbeat 2017-11-22 04:22:33.933021Z
fncs.time_request( 195 ) request
fncs.time_request() response 195
Did not receive anything from fncs.time_request() 195
publish_heartbeat 2017-11-22 04:22:34.000047Z
fncs.time_request( 196 ) request
fncs.time_request() response 196
Did not receive anything from fncs.time_request() 196
publish_heartbeat 2017-11-22 04:22:36.031782Z
fncs.time_request( 197 ) request
fncs.time_request() response 197
Did not receive anything from fncs.time_request() 197
publish_heartbeat 2017-11-22 04:22:36.047051Z
fncs.time_request( 198 ) request
fncs.time_request() response 198
Did not receive anything from fncs.time_request() 198
publish_heartbeat 2017-11-22 04:22:38.093384Z
fncs.time_request( 199 ) request
fncs.time_request() response 199
Did not receive anything from fncs.time_request() 199
publish_heartbeat 2017-11-22 04:22:38.144573Z
fncs.time_request( 200 ) request
fncs.time_request() response 200
Did not receive anything from fncs.time_request() 200
publish_heartbeat 2017-11-22 04:22:40.196313Z
fncs.time_request( 201 ) request
fncs.time_request() response 201
Did not receive anything from fncs.time_request() 201
publish_heartbeat 2017-11-22 04:22:42.073496Z
fncs.time_request( 202 ) request
fncs.time_request() response 202
Did not receive anything from fncs.time_request() 202
publish_heartbeat 2017-11-22 04:22:44.109936Z
fncs.time_request( 203 ) request
fncs.time_request() response 203
Did not receive anything from fncs.time_request() 203
publish_heartbeat 2017-11-22 04:22:44.131145Z
fncs.time_request( 204 ) request
fncs.time_request() response 204
Did not receive anything from fncs.time_request() 204
publish_heartbeat 2017-11-22 04:22:46.227950Z
fncs.time_request( 205 ) request
fncs.time_request() response 205
Did not receive anything from fncs.time_request() 205
publish_heartbeat 2017-11-22 04:22:46.372129Z
fncs.time_request( 206 ) request
fncs.time_request() response 206
Did not receive anything from fncs.time_request() 206
publish_heartbeat 2017-11-22 04:22:48.491478Z
fncs.time_request( 207 ) request
fncs.time_request() response 207
Did not receive anything from fncs.time_request() 207
publish_heartbeat 2017-11-22 04:22:48.505116Z
fncs.time_request( 208 ) request
fncs.time_request() response 208
Did not receive anything from fncs.time_request() 208
publish_heartbeat 2017-11-22 04:22:50.554771Z
fncs.time_request( 209 ) request
fncs.time_request() response 209
Did not receive anything from fncs.time_request() 209
publish_heartbeat 2017-11-22 04:22:50.585486Z
fncs.time_request( 210 ) request
fncs.time_request() response 210
Did not receive anything from fncs.time_request() 210
publish_heartbeat 2017-11-22 04:22:52.629053Z
fncs.time_request( 211 ) request
fncs.time_request() response 211
Did not receive anything from fncs.time_request() 211
publish_heartbeat 2017-11-22 04:22:52.766233Z
fncs.time_request( 212 ) request
fncs.time_request() response 212
Did not receive anything from fncs.time_request() 212
publish_heartbeat 2017-11-22 04:22:54.900193Z
fncs.time_request( 213 ) request
fncs.time_request() response 213
Did not receive anything from fncs.time_request() 213
publish_heartbeat 2017-11-22 04:22:54.983573Z
fncs.time_request( 214 ) request
fncs.time_request() response 214
Did not receive anything from fncs.time_request() 214
publish_heartbeat 2017-11-22 04:22:57.005990Z
fncs.time_request( 215 ) request
fncs.time_request() response 215
Did not receive anything from fncs.time_request() 215
publish_heartbeat 2017-11-22 04:22:57.042444Z
fncs.time_request( 216 ) request
fncs.time_request() response 216
Did not receive anything from fncs.time_request() 216
publish_heartbeat 2017-11-22 04:22:59.057779Z
fncs.time_request( 217 ) request
fncs.time_request() response 217
Did not receive anything from fncs.time_request() 217
publish_heartbeat 2017-11-22 04:23:01.078697Z
fncs.time_request( 218 ) request
fncs.time_request() response 218
Did not receive anything from fncs.time_request() 218
publish_heartbeat 2017-11-22 04:23:03.128514Z
fncs.time_request( 219 ) request
fncs.time_request() response 219
Did not receive anything from fncs.time_request() 219
publish_heartbeat 2017-11-22 04:23:03.249527Z
fncs.time_request( 220 ) request
fncs.time_request() response 220
Did not receive anything from fncs.time_request() 220
publish_heartbeat 2017-11-22 04:23:05.294448Z
fncs.time_request( 221 ) request
fncs.time_request() response 221
Did not receive anything from fncs.time_request() 221
publish_heartbeat 2017-11-22 04:23:05.336025Z
fncs.time_request( 222 ) request
fncs.time_request() response 222
Did not receive anything from fncs.time_request() 222
publish_heartbeat 2017-11-22 04:23:07.355784Z
fncs.time_request( 223 ) request
fncs.time_request() response 223
Did not receive anything from fncs.time_request() 223
publish_heartbeat 2017-11-22 04:23:07.385231Z
fncs.time_request( 224 ) request
fncs.time_request() response 224
Did not receive anything from fncs.time_request() 224
publish_heartbeat 2017-11-22 04:23:10.688704Z
fncs.time_request( 225 ) request
fncs.time_request() response 225
Did not receive anything from fncs.time_request() 225
publish_heartbeat 2017-11-22 04:23:10.724841Z
fncs.time_request( 226 ) request
fncs.time_request() response 226
Did not receive anything from fncs.time_request() 226
publish_heartbeat 2017-11-22 04:23:12.746372Z
fncs.time_request( 227 ) request
fncs.time_request() response 227
Did not receive anything from fncs.time_request() 227
publish_heartbeat 2017-11-22 04:23:12.768806Z
fncs.time_request( 228 ) request
fncs.time_request() response 228
Did not receive anything from fncs.time_request() 228
publish_heartbeat 2017-11-22 04:23:14.926854Z
fncs.time_request( 229 ) request
fncs.time_request() response 229
Did not receive anything from fncs.time_request() 229
publish_heartbeat 2017-11-22 04:23:18.502633Z
fncs.time_request( 230 ) request
fncs.time_request() response 230
Did not receive anything from fncs.time_request() 230
publish_heartbeat 2017-11-22 04:23:20.515472Z
fncs.time_request( 231 ) request
fncs.time_request() response 231
Did not receive anything from fncs.time_request() 231
publish_heartbeat 2017-11-22 04:23:20.564231Z
fncs.time_request( 232 ) request
fncs.time_request() response 232
Did not receive anything from fncs.time_request() 232
publish_heartbeat 2017-11-22 04:23:22.639410Z
fncs.time_request( 233 ) request
fncs.time_request() response 233
Did not receive anything from fncs.time_request() 233
publish_heartbeat 2017-11-22 04:23:22.820203Z
fncs.time_request( 234 ) request
fncs.time_request() response 234
Did not receive anything from fncs.time_request() 234
publish_heartbeat 2017-11-22 04:23:25.051731Z
fncs.time_request( 235 ) request
fncs.time_request() response 235
Did not receive anything from fncs.time_request() 235
publish_heartbeat 2017-11-22 04:23:28.450844Z
fncs.time_request( 236 ) request
fncs.time_request() response 236
Did not receive anything from fncs.time_request() 236
publish_heartbeat 2017-11-22 04:23:31.846345Z
fncs.time_request( 237 ) request
fncs.time_request() response 237
Did not receive anything from fncs.time_request() 237
publish_heartbeat 2017-11-22 04:23:31.897069Z
fncs.time_request( 238 ) request
fncs.time_request() response 238
Did not receive anything from fncs.time_request() 238
publish_heartbeat 2017-11-22 04:23:33.963271Z
fncs.time_request( 239 ) request
fncs.time_request() response 239
Did not receive anything from fncs.time_request() 239
publish_heartbeat 2017-11-22 04:23:33.994644Z
fncs.time_request( 240 ) request
fncs.time_request() response 240
Did not receive anything from fncs.time_request() 240
publish_heartbeat 2017-11-22 04:23:36.011732Z
fncs.time_request( 241 ) request
fncs.time_request() response 241
Did not receive anything from fncs.time_request() 241
publish_heartbeat 2017-11-22 04:23:36.071887Z
fncs.time_request( 242 ) request
fncs.time_request() response 242
Did not receive anything from fncs.time_request() 242
publish_heartbeat 2017-11-22 04:23:38.123605Z
fncs.time_request( 243 ) request
fncs.time_request() response 243
Did not receive anything from fncs.time_request() 243
publish_heartbeat 2017-11-22 04:23:38.194849Z
fncs.time_request( 244 ) request
fncs.time_request() response 244
Did not receive anything from fncs.time_request() 244
publish_heartbeat 2017-11-22 04:23:40.439674Z
fncs.time_request( 245 ) request
ERROR: unrecognized message type
