2017-11-21 20:18:15,391 volttron.platform.vip.agent.core DEBUG: address: tcp://127.0.0.1:22916?serverkey=XDMM3_KrXqSaaPXEM3vL7rumk4nd-A30dcksjfFWNyM&publickey=cDc4_Lli13dt-__ju-vpgAeOEbbRPaOVzQoeQ5KHjUk&secretkey=k19_VwSSfbFUzm4Op3DGBlOH6Vd7rMJWy4iQo_t-wuw
2017-11-21 20:18:15,392 volttron.platform.vip.agent.core DEBUG: identity: FNCS_Volttron_Bridge103
2017-11-21 20:18:15,392 volttron.platform.vip.agent.core DEBUG: agent_uuid: None
2017-11-21 20:18:15,392 volttron.platform.vip.agent.core DEBUG: serverkey: None
2017-11-21 20:18:19,982 volttron.platform.vip.agent.core INFO: Connected to platform: router: 783ba6c5-7811-4df4-bf1d-888a0732edee version: 1.0 identity: FNCS_Volttron_Bridge103
2017-11-21 20:18:19,982 volttron.platform.vip.agent.core DEBUG: Running onstart methods.
2017-11-21 20:18:27,381 volttron.platform.vip.agent.subsystems.configstore DEBUG: Processing callbacks for affected files: {}
publish_heartbeat 2017-11-22 04:18:20.065178Z
fncs.time_request( 1 ) request
fncs.time_request() response 1
Values recieved from fncs.time_request() 1
it takes 16.2403721809  seconds to process fncs->volttron messages
1
publish_heartbeat 2017-11-22 04:18:36.305675Z
fncs.time_request( 2 ) request
fncs.time_request() response 2
Did not receive anything from fncs.time_request() 2
publish_heartbeat 2017-11-22 04:18:38.202621Z
fncs.time_request( 3 ) request
fncs.time_request() response 3
Did not receive anything from fncs.time_request() 3
publish_heartbeat 2017-11-22 04:18:38.340762Z
fncs.time_request( 4 ) request
fncs.time_request() response 4
Did not receive anything from fncs.time_request() 4
publish_heartbeat 2017-11-22 04:18:40.197014Z
fncs.time_request( 5 ) request
fncs.time_request() response 5
Did not receive anything from fncs.time_request() 5
publish_heartbeat 2017-11-22 04:18:40.358055Z
fncs.time_request( 6 ) request
fncs.time_request() response 6
Did not receive anything from fncs.time_request() 6
publish_heartbeat 2017-11-22 04:18:42.198294Z
fncs.time_request( 7 ) request
fncs.time_request() response 7
Did not receive anything from fncs.time_request() 7
publish_heartbeat 2017-11-22 04:18:42.379615Z
fncs.time_request( 8 ) request
fncs.time_request() response 8
Did not receive anything from fncs.time_request() 8
publish_heartbeat 2017-11-22 04:18:44.201209Z
fncs.time_request( 9 ) request
fncs.time_request() response 9
Did not receive anything from fncs.time_request() 9
publish_heartbeat 2017-11-22 04:18:44.389131Z
fncs.time_request( 10 ) request
fncs.time_request() response 10
Did not receive anything from fncs.time_request() 10
publish_heartbeat 2017-11-22 04:18:46.208706Z
fncs.time_request( 11 ) request
fncs.time_request() response 11
Did not receive anything from fncs.time_request() 11
publish_heartbeat 2017-11-22 04:18:46.397259Z
fncs.time_request( 12 ) request
fncs.time_request() response 12
Did not receive anything from fncs.time_request() 12
publish_heartbeat 2017-11-22 04:18:48.222581Z
fncs.time_request( 13 ) request
fncs.time_request() response 13
Did not receive anything from fncs.time_request() 13
publish_heartbeat 2017-11-22 04:18:48.501523Z
fncs.time_request( 14 ) request
fncs.time_request() response 14
Did not receive anything from fncs.time_request() 14
publish_heartbeat 2017-11-22 04:18:50.253589Z
fncs.time_request( 15 ) request
fncs.time_request() response 15
Did not receive anything from fncs.time_request() 15
publish_heartbeat 2017-11-22 04:18:50.540871Z
fncs.time_request( 16 ) request
fncs.time_request() response 16
Did not receive anything from fncs.time_request() 16
publish_heartbeat 2017-11-22 04:18:52.317312Z
fncs.time_request( 17 ) request
fncs.time_request() response 17
Did not receive anything from fncs.time_request() 17
publish_heartbeat 2017-11-22 04:18:52.626080Z
fncs.time_request( 18 ) request
fncs.time_request() response 18
Did not receive anything from fncs.time_request() 18
publish_heartbeat 2017-11-22 04:18:54.602288Z
fncs.time_request( 19 ) request
fncs.time_request() response 19
Did not receive anything from fncs.time_request() 19
publish_heartbeat 2017-11-22 04:18:54.669748Z
fncs.time_request( 20 ) request
fncs.time_request() response 20
Did not receive anything from fncs.time_request() 20
publish_heartbeat 2017-11-22 04:18:56.740312Z
fncs.time_request( 21 ) request
fncs.time_request() response 21
Did not receive anything from fncs.time_request() 21
publish_heartbeat 2017-11-22 04:18:56.777060Z
fncs.time_request( 22 ) request
fncs.time_request() response 22
Did not receive anything from fncs.time_request() 22
publish_heartbeat 2017-11-22 04:18:58.787503Z
fncs.time_request( 23 ) request
fncs.time_request() response 23
Did not receive anything from fncs.time_request() 23
publish_heartbeat 2017-11-22 04:18:58.803355Z
fncs.time_request( 24 ) request
fncs.time_request() response 24
Did not receive anything from fncs.time_request() 24
publish_heartbeat 2017-11-22 04:19:00.835248Z
fncs.time_request( 25 ) request
fncs.time_request() response 25
Did not receive anything from fncs.time_request() 25
publish_heartbeat 2017-11-22 04:19:00.900300Z
fncs.time_request( 26 ) request
fncs.time_request() response 26
Did not receive anything from fncs.time_request() 26
publish_heartbeat 2017-11-22 04:19:02.986599Z
fncs.time_request( 27 ) request
fncs.time_request() response 27
Did not receive anything from fncs.time_request() 27
publish_heartbeat 2017-11-22 04:19:03.018592Z
fncs.time_request( 28 ) request
fncs.time_request() response 28
Did not receive anything from fncs.time_request() 28
publish_heartbeat 2017-11-22 04:19:05.088780Z
fncs.time_request( 29 ) request
fncs.time_request() response 29
Did not receive anything from fncs.time_request() 29
publish_heartbeat 2017-11-22 04:19:05.124167Z
fncs.time_request( 30 ) request
fncs.time_request() response 30
Did not receive anything from fncs.time_request() 30
publish_heartbeat 2017-11-22 04:19:07.553660Z
fncs.time_request( 31 ) request
fncs.time_request() response 31
Did not receive anything from fncs.time_request() 31
publish_heartbeat 2017-11-22 04:19:07.587510Z
fncs.time_request( 32 ) request
fncs.time_request() response 32
Did not receive anything from fncs.time_request() 32
publish_heartbeat 2017-11-22 04:19:09.971694Z
fncs.time_request( 33 ) request
fncs.time_request() response 33
Did not receive anything from fncs.time_request() 33
publish_heartbeat 2017-11-22 04:19:10.056026Z
fncs.time_request( 34 ) request
fncs.time_request() response 34
Did not receive anything from fncs.time_request() 34
publish_heartbeat 2017-11-22 04:19:12.166803Z
fncs.time_request( 35 ) request
fncs.time_request() response 35
Did not receive anything from fncs.time_request() 35
publish_heartbeat 2017-11-22 04:19:12.185101Z
fncs.time_request( 36 ) request
fncs.time_request() response 36
Did not receive anything from fncs.time_request() 36
publish_heartbeat 2017-11-22 04:19:14.263767Z
fncs.time_request( 37 ) request
fncs.time_request() response 37
Did not receive anything from fncs.time_request() 37
publish_heartbeat 2017-11-22 04:19:14.339402Z
fncs.time_request( 38 ) request
fncs.time_request() response 38
Did not receive anything from fncs.time_request() 38
publish_heartbeat 2017-11-22 04:19:16.415911Z
fncs.time_request( 39 ) request
fncs.time_request() response 39
Did not receive anything from fncs.time_request() 39
publish_heartbeat 2017-11-22 04:19:16.462655Z
fncs.time_request( 40 ) request
fncs.time_request() response 40
Did not receive anything from fncs.time_request() 40
publish_heartbeat 2017-11-22 04:19:18.486737Z
fncs.time_request( 41 ) request
fncs.time_request() response 41
Did not receive anything from fncs.time_request() 41
publish_heartbeat 2017-11-22 04:19:18.505302Z
fncs.time_request( 42 ) request
fncs.time_request() response 42
Did not receive anything from fncs.time_request() 42
publish_heartbeat 2017-11-22 04:19:20.527270Z
fncs.time_request( 43 ) request
fncs.time_request() response 43
Values recieved from fncs.time_request() 43
it takes 0.558149814606  seconds to process fncs->volttron messages
publish_heartbeat 2017-11-22 04:19:21.085655Z
fncs.time_request( 44 ) request
fncs.time_request() response 44
Did not receive anything from fncs.time_request() 44
publish_heartbeat 2017-11-22 04:19:22.704749Z
fncs.time_request( 45 ) request
fncs.time_request() response 45
Did not receive anything from fncs.time_request() 45
publish_heartbeat 2017-11-22 04:19:23.152526Z
fncs.time_request( 46 ) request
fncs.time_request() response 46
Did not receive anything from fncs.time_request() 46
publish_heartbeat 2017-11-22 04:19:24.717729Z
fncs.time_request( 47 ) request
fncs.time_request() response 47
Did not receive anything from fncs.time_request() 47
publish_heartbeat 2017-11-22 04:19:25.203658Z
fncs.time_request( 48 ) request
fncs.time_request() response 48
Did not receive anything from fncs.time_request() 48
publish_heartbeat 2017-11-22 04:19:26.747187Z
fncs.time_request( 49 ) request
fncs.time_request() response 49
Did not receive anything from fncs.time_request() 49
publish_heartbeat 2017-11-22 04:19:27.284535Z
fncs.time_request( 50 ) request
fncs.time_request() response 50
Did not receive anything from fncs.time_request() 50
publish_heartbeat 2017-11-22 04:19:28.819971Z
fncs.time_request( 51 ) request
fncs.time_request() response 51
Did not receive anything from fncs.time_request() 51
publish_heartbeat 2017-11-22 04:19:29.360587Z
fncs.time_request( 52 ) request
fncs.time_request() response 52
Did not receive anything from fncs.time_request() 52
publish_heartbeat 2017-11-22 04:19:30.851042Z
fncs.time_request( 53 ) request
fncs.time_request() response 53
Did not receive anything from fncs.time_request() 53
publish_heartbeat 2017-11-22 04:19:31.471342Z
fncs.time_request( 54 ) request
fncs.time_request() response 54
Did not receive anything from fncs.time_request() 54
publish_heartbeat 2017-11-22 04:19:32.882317Z
fncs.time_request( 55 ) request
fncs.time_request() response 55
Did not receive anything from fncs.time_request() 55
publish_heartbeat 2017-11-22 04:19:33.615960Z
fncs.time_request( 56 ) request
fncs.time_request() response 56
Did not receive anything from fncs.time_request() 56
publish_heartbeat 2017-11-22 04:19:34.922425Z
fncs.time_request( 57 ) request
fncs.time_request() response 57
Did not receive anything from fncs.time_request() 57
publish_heartbeat 2017-11-22 04:19:35.644526Z
fncs.time_request( 58 ) request
fncs.time_request() response 58
Did not receive anything from fncs.time_request() 58
publish_heartbeat 2017-11-22 04:19:37.022991Z
fncs.time_request( 59 ) request
fncs.time_request() response 59
Did not receive anything from fncs.time_request() 59
publish_heartbeat 2017-11-22 04:19:37.686291Z
fncs.time_request( 60 ) request
fncs.time_request() response 60
Did not receive anything from fncs.time_request() 60
publish_heartbeat 2017-11-22 04:19:39.150219Z
fncs.time_request( 61 ) request
fncs.time_request() response 61
Did not receive anything from fncs.time_request() 61
publish_heartbeat 2017-11-22 04:19:39.829626Z
fncs.time_request( 62 ) request
fncs.time_request() response 62
Did not receive anything from fncs.time_request() 62
publish_heartbeat 2017-11-22 04:19:42.055163Z
fncs.time_request( 63 ) request
fncs.time_request() response 63
Did not receive anything from fncs.time_request() 63
publish_heartbeat 2017-11-22 04:19:42.158331Z
fncs.time_request( 64 ) request
fncs.time_request() response 64
Values recieved from fncs.time_request() 64
it takes 1.14776492119  seconds to process fncs->volttron messages
publish_heartbeat 2017-11-22 04:19:43.306225Z
fncs.time_request( 65 ) request
fncs.time_request() response 65
Did not receive anything from fncs.time_request() 65
publish_heartbeat 2017-11-22 04:19:45.233132Z
fncs.time_request( 66 ) request
fncs.time_request() response 66
Did not receive anything from fncs.time_request() 66
publish_heartbeat 2017-11-22 04:19:45.364033Z
fncs.time_request( 67 ) request
fncs.time_request() response 67
Did not receive anything from fncs.time_request() 67
publish_heartbeat 2017-11-22 04:19:47.301048Z
fncs.time_request( 68 ) request
fncs.time_request() response 68
Did not receive anything from fncs.time_request() 68
publish_heartbeat 2017-11-22 04:19:47.435277Z
fncs.time_request( 69 ) request
fncs.time_request() response 69
Did not receive anything from fncs.time_request() 69
publish_heartbeat 2017-11-22 04:19:49.360674Z
fncs.time_request( 70 ) request
fncs.time_request() response 70
Values recieved from fncs.time_request() 70
it takes 0.409348011017  seconds to process fncs->volttron messages
publish_heartbeat 2017-11-22 04:19:49.770230Z
fncs.time_request( 71 ) request
fncs.time_request() response 71
Did not receive anything from fncs.time_request() 71
publish_heartbeat 2017-11-22 04:19:51.624310Z
fncs.time_request( 72 ) request
fncs.time_request() response 72
Did not receive anything from fncs.time_request() 72
publish_heartbeat 2017-11-22 04:19:51.807421Z
fncs.time_request( 73 ) request
fncs.time_request() response 73
Did not receive anything from fncs.time_request() 73
publish_heartbeat 2017-11-22 04:19:53.789844Z
fncs.time_request( 74 ) request
fncs.time_request() response 74
Values recieved from fncs.time_request() 74
it takes 2.13826680183  seconds to process fncs->volttron messages
publish_heartbeat 2017-11-22 04:19:55.928345Z
fncs.time_request( 75 ) request
fncs.time_request() response 75
Did not receive anything from fncs.time_request() 75
publish_heartbeat 2017-11-22 04:19:56.962341Z
fncs.time_request( 76 ) request
fncs.time_request() response 76
Values recieved from fncs.time_request() 76
it takes 1.19548892975  seconds to process fncs->volttron messages
publish_heartbeat 2017-11-22 04:19:58.157897Z
fncs.time_request( 77 ) request
fncs.time_request() response 77
Did not receive anything from fncs.time_request() 77
publish_heartbeat 2017-11-22 04:19:59.190942Z
fncs.time_request( 78 ) request
fncs.time_request() response 78
Did not receive anything from fncs.time_request() 78
publish_heartbeat 2017-11-22 04:20:00.246047Z
fncs.time_request( 79 ) request
fncs.time_request() response 79
Did not receive anything from fncs.time_request() 79
publish_heartbeat 2017-11-22 04:20:01.199016Z
fncs.time_request( 80 ) request
fncs.time_request() response 80
Values recieved from fncs.time_request() 80
it takes 0.209722995758  seconds to process fncs->volttron messages
publish_heartbeat 2017-11-22 04:20:02.160085Z
fncs.time_request( 81 ) request
fncs.time_request() response 81
Did not receive anything from fncs.time_request() 81
publish_heartbeat 2017-11-22 04:20:03.399251Z
fncs.time_request( 82 ) request
fncs.time_request() response 82
Values recieved from fncs.time_request() 82
it takes 2.32989501953  seconds to process fncs->volttron messages
publish_heartbeat 2017-11-22 04:20:05.729304Z
fncs.time_request( 83 ) request
fncs.time_request() response 83
Values recieved from fncs.time_request() 83
it takes 1.47560191154  seconds to process fncs->volttron messages
publish_heartbeat 2017-11-22 04:20:07.205000Z
fncs.time_request( 84 ) request
fncs.time_request() response 84
Did not receive anything from fncs.time_request() 84
publish_heartbeat 2017-11-22 04:20:08.229755Z
fncs.time_request( 85 ) request
fncs.time_request() response 85
Did not receive anything from fncs.time_request() 85
publish_heartbeat 2017-11-22 04:20:09.275293Z
fncs.time_request( 86 ) request
fncs.time_request() response 86
Did not receive anything from fncs.time_request() 86
publish_heartbeat 2017-11-22 04:20:10.241083Z
fncs.time_request( 87 ) request
fncs.time_request() response 87
Did not receive anything from fncs.time_request() 87
publish_heartbeat 2017-11-22 04:20:11.343184Z
fncs.time_request( 88 ) request
fncs.time_request() response 88
Did not receive anything from fncs.time_request() 88
publish_heartbeat 2017-11-22 04:20:12.258006Z
fncs.time_request( 89 ) request
fncs.time_request() response 89
Values recieved from fncs.time_request() 89
it takes 1.95938491821  seconds to process fncs->volttron messages
publish_heartbeat 2017-11-22 04:20:14.217488Z
fncs.time_request( 90 ) request
fncs.time_request() response 90
Values recieved from fncs.time_request() 90
it takes 1.56240987778  seconds to process fncs->volttron messages
publish_heartbeat 2017-11-22 04:20:15.779968Z
fncs.time_request( 91 ) request
fncs.time_request() response 91
Did not receive anything from fncs.time_request() 91
publish_heartbeat 2017-11-22 04:20:16.838053Z
fncs.time_request( 92 ) request
fncs.time_request() response 92
Did not receive anything from fncs.time_request() 92
publish_heartbeat 2017-11-22 04:20:17.854121Z
fncs.time_request( 93 ) request
fncs.time_request() response 93
Values recieved from fncs.time_request() 93
it takes 2.13448596001  seconds to process fncs->volttron messages
publish_heartbeat 2017-11-22 04:20:19.988707Z
fncs.time_request( 94 ) request
fncs.time_request() response 94
Did not receive anything from fncs.time_request() 94
publish_heartbeat 2017-11-22 04:20:21.066407Z
fncs.time_request( 95 ) request
fncs.time_request() response 95
Did not receive anything from fncs.time_request() 95
publish_heartbeat 2017-11-22 04:20:22.040168Z
fncs.time_request( 96 ) request
fncs.time_request() response 96
Did not receive anything from fncs.time_request() 96
publish_heartbeat 2017-11-22 04:20:23.077358Z
fncs.time_request( 97 ) request
fncs.time_request() response 97
Values recieved from fncs.time_request() 97
it takes 2.2377820015  seconds to process fncs->volttron messages
publish_heartbeat 2017-11-22 04:20:25.315255Z
fncs.time_request( 98 ) request
fncs.time_request() response 98
Did not receive anything from fncs.time_request() 98
publish_heartbeat 2017-11-22 04:20:26.422878Z
fncs.time_request( 99 ) request
fncs.time_request() response 99
Values recieved from fncs.time_request() 99
it takes 0.203711032867  seconds to process fncs->volttron messages
publish_heartbeat 2017-11-22 04:20:27.317087Z
fncs.time_request( 100 ) request
fncs.time_request() response 100
Values recieved from fncs.time_request() 100
it takes 2.63059806824  seconds to process fncs->volttron messages
publish_heartbeat 2017-11-22 04:20:29.947786Z
fncs.time_request( 101 ) request
fncs.time_request() response 101
Did not receive anything from fncs.time_request() 101
publish_heartbeat 2017-11-22 04:20:30.976589Z
fncs.time_request( 102 ) request
fncs.time_request() response 102
Did not receive anything from fncs.time_request() 102
publish_heartbeat 2017-11-22 04:20:32.080176Z
fncs.time_request( 103 ) request
fncs.time_request() response 103
Values recieved from fncs.time_request() 103
it takes 2.39815998077  seconds to process fncs->volttron messages
publish_heartbeat 2017-11-22 04:20:34.478416Z
fncs.time_request( 104 ) request
fncs.time_request() response 104
Values recieved from fncs.time_request() 104
it takes 1.92459106445  seconds to process fncs->volttron messages
publish_heartbeat 2017-11-22 04:20:36.403062Z
fncs.time_request( 105 ) request
fncs.time_request() response 105
Did not receive anything from fncs.time_request() 105
publish_heartbeat 2017-11-22 04:20:37.489396Z
fncs.time_request( 106 ) request
fncs.time_request() response 106
Did not receive anything from fncs.time_request() 106
publish_heartbeat 2017-11-22 04:20:38.529728Z
fncs.time_request( 107 ) request
fncs.time_request() response 107
Values recieved from fncs.time_request() 107
it takes 0.124863862991  seconds to process fncs->volttron messages
publish_heartbeat 2017-11-22 04:20:39.405705Z
fncs.time_request( 108 ) request
fncs.time_request() response 108
Did not receive anything from fncs.time_request() 108
publish_heartbeat 2017-11-22 04:20:40.741184Z
fncs.time_request( 109 ) request
fncs.time_request() response 109
Values recieved from fncs.time_request() 109
it takes 2.57862186432  seconds to process fncs->volttron messages
publish_heartbeat 2017-11-22 04:20:43.319905Z
fncs.time_request( 110 ) request
fncs.time_request() response 110
Values recieved from fncs.time_request() 110
it takes 1.66123390198  seconds to process fncs->volttron messages
publish_heartbeat 2017-11-22 04:20:44.981252Z
fncs.time_request( 111 ) request
fncs.time_request() response 111
Values recieved from fncs.time_request() 111
it takes 1.35695004463  seconds to process fncs->volttron messages
publish_heartbeat 2017-11-22 04:20:46.338255Z
fncs.time_request( 112 ) request
fncs.time_request() response 112
Values recieved from fncs.time_request() 112
it takes 1.29925894737  seconds to process fncs->volttron messages
publish_heartbeat 2017-11-22 04:20:47.637582Z
fncs.time_request( 113 ) request
fncs.time_request() response 113
Did not receive anything from fncs.time_request() 113
publish_heartbeat 2017-11-22 04:20:48.705795Z
fncs.time_request( 114 ) request
fncs.time_request() response 114
Did not receive anything from fncs.time_request() 114
publish_heartbeat 2017-11-22 04:20:49.647251Z
fncs.time_request( 115 ) request
fncs.time_request() response 115
Did not receive anything from fncs.time_request() 115
publish_heartbeat 2017-11-22 04:20:50.728956Z
fncs.time_request( 116 ) request
fncs.time_request() response 116
Values recieved from fncs.time_request() 116
it takes 1.28790092468  seconds to process fncs->volttron messages
publish_heartbeat 2017-11-22 04:20:52.016901Z
fncs.time_request( 117 ) request
fncs.time_request() response 117
Did not receive anything from fncs.time_request() 117
publish_heartbeat 2017-11-22 04:20:53.098935Z
fncs.time_request( 118 ) request
fncs.time_request() response 118
Values recieved from fncs.time_request() 118
it takes 0.0872731208801  seconds to process fncs->volttron messages
publish_heartbeat 2017-11-22 04:20:54.019446Z
fncs.time_request( 119 ) request
fncs.time_request() response 119
Did not receive anything from fncs.time_request() 119
publish_heartbeat 2017-11-22 04:20:55.149988Z
fncs.time_request( 120 ) request
fncs.time_request() response 120
Did not receive anything from fncs.time_request() 120
publish_heartbeat 2017-11-22 04:20:56.044840Z
fncs.time_request( 121 ) request
fncs.time_request() response 121
Did not receive anything from fncs.time_request() 121
publish_heartbeat 2017-11-22 04:20:57.180132Z
fncs.time_request( 122 ) request
fncs.time_request() response 122
Did not receive anything from fncs.time_request() 122
publish_heartbeat 2017-11-22 04:20:58.166496Z
fncs.time_request( 123 ) request
fncs.time_request() response 123
Did not receive anything from fncs.time_request() 123
publish_heartbeat 2017-11-22 04:20:59.199055Z
fncs.time_request( 124 ) request
fncs.time_request() response 124
Did not receive anything from fncs.time_request() 124
publish_heartbeat 2017-11-22 04:21:00.195699Z
fncs.time_request( 125 ) request
fncs.time_request() response 125
Values recieved from fncs.time_request() 125
it takes 3.46946001053  seconds to process fncs->volttron messages
publish_heartbeat 2017-11-22 04:21:03.665439Z
fncs.time_request( 126 ) request
fncs.time_request() response 126
Did not receive anything from fncs.time_request() 126
publish_heartbeat 2017-11-22 04:21:04.801564Z
fncs.time_request( 127 ) request
fncs.time_request() response 127
Values recieved from fncs.time_request() 127
it takes 0.348229169846  seconds to process fncs->volttron messages
publish_heartbeat 2017-11-22 04:21:05.667240Z
fncs.time_request( 128 ) request
fncs.time_request() response 128
Did not receive anything from fncs.time_request() 128
publish_heartbeat 2017-11-22 04:21:06.955813Z
fncs.time_request( 129 ) request
fncs.time_request() response 129
Did not receive anything from fncs.time_request() 129
publish_heartbeat 2017-11-22 04:21:07.696677Z
fncs.time_request( 130 ) request
fncs.time_request() response 130
Values recieved from fncs.time_request() 130
it takes 3.70110797882  seconds to process fncs->volttron messages
publish_heartbeat 2017-11-22 04:21:11.397869Z
fncs.time_request( 131 ) request
fncs.time_request() response 131
Did not receive anything from fncs.time_request() 131
publish_heartbeat 2017-11-22 04:21:12.485355Z
fncs.time_request( 132 ) request
fncs.time_request() response 132
Did not receive anything from fncs.time_request() 132
publish_heartbeat 2017-11-22 04:21:13.438680Z
fncs.time_request( 133 ) request
fncs.time_request() response 133
Did not receive anything from fncs.time_request() 133
publish_heartbeat 2017-11-22 04:21:14.503194Z
fncs.time_request( 134 ) request
fncs.time_request() response 134
Did not receive anything from fncs.time_request() 134
publish_heartbeat 2017-11-22 04:21:15.590163Z
fncs.time_request( 135 ) request
fncs.time_request() response 135
Did not receive anything from fncs.time_request() 135
publish_heartbeat 2017-11-22 04:21:16.646464Z
fncs.time_request( 136 ) request
fncs.time_request() response 136
Did not receive anything from fncs.time_request() 136
publish_heartbeat 2017-11-22 04:21:17.651634Z
fncs.time_request( 137 ) request
fncs.time_request() response 137
Values recieved from fncs.time_request() 137
it takes 3.60291004181  seconds to process fncs->volttron messages
publish_heartbeat 2017-11-22 04:21:21.254651Z
fncs.time_request( 138 ) request
fncs.time_request() response 138
Did not receive anything from fncs.time_request() 138
publish_heartbeat 2017-11-22 04:21:22.286888Z
fncs.time_request( 139 ) request
fncs.time_request() response 139
Did not receive anything from fncs.time_request() 139
publish_heartbeat 2017-11-22 04:21:23.286979Z
fncs.time_request( 140 ) request
fncs.time_request() response 140
Did not receive anything from fncs.time_request() 140
publish_heartbeat 2017-11-22 04:21:24.352759Z
fncs.time_request( 141 ) request
fncs.time_request() response 141
Did not receive anything from fncs.time_request() 141
publish_heartbeat 2017-11-22 04:21:25.312053Z
fncs.time_request( 142 ) request
fncs.time_request() response 142
Did not receive anything from fncs.time_request() 142
publish_heartbeat 2017-11-22 04:21:26.382447Z
fncs.time_request( 143 ) request
fncs.time_request() response 143
Did not receive anything from fncs.time_request() 143
publish_heartbeat 2017-11-22 04:21:27.365611Z
fncs.time_request( 144 ) request
fncs.time_request() response 144
Values recieved from fncs.time_request() 144
it takes 2.68504500389  seconds to process fncs->volttron messages
publish_heartbeat 2017-11-22 04:21:30.050765Z
fncs.time_request( 145 ) request
fncs.time_request() response 145
Did not receive anything from fncs.time_request() 145
publish_heartbeat 2017-11-22 04:21:31.134492Z
fncs.time_request( 146 ) request
fncs.time_request() response 146
Values recieved from fncs.time_request() 146
it takes 1.82558083534  seconds to process fncs->volttron messages
publish_heartbeat 2017-11-22 04:21:32.960139Z
fncs.time_request( 147 ) request
fncs.time_request() response 147
Values recieved from fncs.time_request() 147
it takes 1.65081095695  seconds to process fncs->volttron messages
publish_heartbeat 2017-11-22 04:21:34.611090Z
fncs.time_request( 148 ) request
fncs.time_request() response 148
Did not receive anything from fncs.time_request() 148
publish_heartbeat 2017-11-22 04:21:35.660082Z
fncs.time_request( 149 ) request
fncs.time_request() response 149
Did not receive anything from fncs.time_request() 149
publish_heartbeat 2017-11-22 04:21:36.625422Z
fncs.time_request( 150 ) request
fncs.time_request() response 150
Did not receive anything from fncs.time_request() 150
publish_heartbeat 2017-11-22 04:21:37.680632Z
fncs.time_request( 151 ) request
fncs.time_request() response 151
Did not receive anything from fncs.time_request() 151
publish_heartbeat 2017-11-22 04:21:38.648237Z
fncs.time_request( 152 ) request
fncs.time_request() response 152
Did not receive anything from fncs.time_request() 152
publish_heartbeat 2017-11-22 04:21:39.703311Z
fncs.time_request( 153 ) request
fncs.time_request() response 153
Did not receive anything from fncs.time_request() 153
publish_heartbeat 2017-11-22 04:21:40.699709Z
fncs.time_request( 154 ) request
fncs.time_request() response 154
Values recieved from fncs.time_request() 154
it takes 1.66735291481  seconds to process fncs->volttron messages
publish_heartbeat 2017-11-22 04:21:42.367192Z
fncs.time_request( 155 ) request
fncs.time_request() response 155
Did not receive anything from fncs.time_request() 155
publish_heartbeat 2017-11-22 04:21:43.457791Z
fncs.time_request( 156 ) request
fncs.time_request() response 156
Did not receive anything from fncs.time_request() 156
publish_heartbeat 2017-11-22 04:21:44.392201Z
fncs.time_request( 157 ) request
fncs.time_request() response 157
Values recieved from fncs.time_request() 157
it takes 3.34332418442  seconds to process fncs->volttron messages
publish_heartbeat 2017-11-22 04:21:47.735604Z
fncs.time_request( 158 ) request
fncs.time_request() response 158
Values recieved from fncs.time_request() 158
it takes 0.234719991684  seconds to process fncs->volttron messages
publish_heartbeat 2017-11-22 04:21:48.737472Z
fncs.time_request( 159 ) request
fncs.time_request() response 159
Did not receive anything from fncs.time_request() 159
publish_heartbeat 2017-11-22 04:21:49.917808Z
fncs.time_request( 160 ) request
fncs.time_request() response 160
Values recieved from fncs.time_request() 160
it takes 0.135159015656  seconds to process fncs->volttron messages
publish_heartbeat 2017-11-22 04:21:50.737364Z
fncs.time_request( 161 ) request
fncs.time_request() response 161
Did not receive anything from fncs.time_request() 161
publish_heartbeat 2017-11-22 04:21:52.127426Z
fncs.time_request( 162 ) request
fncs.time_request() response 162
Did not receive anything from fncs.time_request() 162
publish_heartbeat 2017-11-22 04:21:52.837824Z
fncs.time_request( 163 ) request
fncs.time_request() response 163
Values recieved from fncs.time_request() 163
it takes 3.20287489891  seconds to process fncs->volttron messages
publish_heartbeat 2017-11-22 04:21:56.040798Z
fncs.time_request( 164 ) request
fncs.time_request() response 164
Values recieved from fncs.time_request() 164
it takes 1.75216388702  seconds to process fncs->volttron messages
publish_heartbeat 2017-11-22 04:21:57.793027Z
fncs.time_request( 165 ) request
fncs.time_request() response 165
Did not receive anything from fncs.time_request() 165
publish_heartbeat 2017-11-22 04:21:58.954283Z
fncs.time_request( 166 ) request
fncs.time_request() response 166
Did not receive anything from fncs.time_request() 166
publish_heartbeat 2017-11-22 04:21:59.936789Z
fncs.time_request( 167 ) request
fncs.time_request() response 167
Did not receive anything from fncs.time_request() 167
publish_heartbeat 2017-11-22 04:22:00.950385Z
fncs.time_request( 168 ) request
fncs.time_request() response 168
Did not receive anything from fncs.time_request() 168
publish_heartbeat 2017-11-22 04:22:02.008223Z
fncs.time_request( 169 ) request
fncs.time_request() response 169
Did not receive anything from fncs.time_request() 169
publish_heartbeat 2017-11-22 04:22:03.013018Z
fncs.time_request( 170 ) request
fncs.time_request() response 170
Did not receive anything from fncs.time_request() 170
publish_heartbeat 2017-11-22 04:22:04.027857Z
fncs.time_request( 171 ) request
fncs.time_request() response 171
Did not receive anything from fncs.time_request() 171
publish_heartbeat 2017-11-22 04:22:05.059366Z
fncs.time_request( 172 ) request
fncs.time_request() response 172
Did not receive anything from fncs.time_request() 172
publish_heartbeat 2017-11-22 04:22:06.075115Z
fncs.time_request( 173 ) request
fncs.time_request() response 173
Did not receive anything from fncs.time_request() 173
publish_heartbeat 2017-11-22 04:22:07.128498Z
fncs.time_request( 174 ) request
fncs.time_request() response 174
Values recieved from fncs.time_request() 174
it takes 3.68611216545  seconds to process fncs->volttron messages
publish_heartbeat 2017-11-22 04:22:10.814702Z
fncs.time_request( 175 ) request
fncs.time_request() response 175
Values recieved from fncs.time_request() 175
it takes 0.336611032486  seconds to process fncs->volttron messages
publish_heartbeat 2017-11-22 04:22:11.816482Z
fncs.time_request( 176 ) request
fncs.time_request() response 176
Did not receive anything from fncs.time_request() 176
publish_heartbeat 2017-11-22 04:22:13.116445Z
fncs.time_request( 177 ) request
fncs.time_request() response 177
Did not receive anything from fncs.time_request() 177
publish_heartbeat 2017-11-22 04:22:13.893423Z
fncs.time_request( 178 ) request
fncs.time_request() response 178
Did not receive anything from fncs.time_request() 178
publish_heartbeat 2017-11-22 04:22:15.166863Z
fncs.time_request( 179 ) request
fncs.time_request() response 179
Did not receive anything from fncs.time_request() 179
publish_heartbeat 2017-11-22 04:22:15.944272Z
fncs.time_request( 180 ) request
fncs.time_request() response 180
Did not receive anything from fncs.time_request() 180
publish_heartbeat 2017-11-22 04:22:17.225516Z
fncs.time_request( 181 ) request
fncs.time_request() response 181
Did not receive anything from fncs.time_request() 181
publish_heartbeat 2017-11-22 04:22:17.981647Z
fncs.time_request( 182 ) request
fncs.time_request() response 182
Did not receive anything from fncs.time_request() 182
publish_heartbeat 2017-11-22 04:22:19.368086Z
fncs.time_request( 183 ) request
fncs.time_request() response 183
Did not receive anything from fncs.time_request() 183
publish_heartbeat 2017-11-22 04:22:20.002780Z
fncs.time_request( 184 ) request
fncs.time_request() response 184
Did not receive anything from fncs.time_request() 184
publish_heartbeat 2017-11-22 04:22:21.434536Z
fncs.time_request( 185 ) request
fncs.time_request() response 185
Did not receive anything from fncs.time_request() 185
publish_heartbeat 2017-11-22 04:22:22.036259Z
fncs.time_request( 186 ) request
fncs.time_request() response 186
Did not receive anything from fncs.time_request() 186
publish_heartbeat 2017-11-22 04:22:23.514231Z
fncs.time_request( 187 ) request
fncs.time_request() response 187
Did not receive anything from fncs.time_request() 187
publish_heartbeat 2017-11-22 04:22:24.073265Z
fncs.time_request( 188 ) request
fncs.time_request() response 188
Did not receive anything from fncs.time_request() 188
publish_heartbeat 2017-11-22 04:22:25.639159Z
fncs.time_request( 189 ) request
fncs.time_request() response 189
Did not receive anything from fncs.time_request() 189
publish_heartbeat 2017-11-22 04:22:26.103950Z
fncs.time_request( 190 ) request
fncs.time_request() response 190
Values recieved from fncs.time_request() 190
it takes 3.55226397514  seconds to process fncs->volttron messages
publish_heartbeat 2017-11-22 04:22:29.656307Z
fncs.time_request( 191 ) request
fncs.time_request() response 191
Did not receive anything from fncs.time_request() 191
publish_heartbeat 2017-11-22 04:22:30.775611Z
fncs.time_request( 192 ) request
fncs.time_request() response 192
Did not receive anything from fncs.time_request() 192
publish_heartbeat 2017-11-22 04:22:31.714184Z
fncs.time_request( 193 ) request
fncs.time_request() response 193
Values recieved from fncs.time_request() 193
it takes 0.185289859772  seconds to process fncs->volttron messages
publish_heartbeat 2017-11-22 04:22:32.660513Z
fncs.time_request( 194 ) request
fncs.time_request() response 194
Did not receive anything from fncs.time_request() 194
publish_heartbeat 2017-11-22 04:22:33.924248Z
fncs.time_request( 195 ) request
fncs.time_request() response 195
Did not receive anything from fncs.time_request() 195
publish_heartbeat 2017-11-22 04:22:34.710132Z
fncs.time_request( 196 ) request
fncs.time_request() response 196
Did not receive anything from fncs.time_request() 196
publish_heartbeat 2017-11-22 04:22:35.972741Z
fncs.time_request( 197 ) request
fncs.time_request() response 197
Did not receive anything from fncs.time_request() 197
publish_heartbeat 2017-11-22 04:22:36.754318Z
fncs.time_request( 198 ) request
fncs.time_request() response 198
Did not receive anything from fncs.time_request() 198
publish_heartbeat 2017-11-22 04:22:38.009380Z
fncs.time_request( 199 ) request
fncs.time_request() response 199
Did not receive anything from fncs.time_request() 199
publish_heartbeat 2017-11-22 04:22:38.790538Z
fncs.time_request( 200 ) request
fncs.time_request() response 200
Values recieved from fncs.time_request() 200
it takes 3.09533596039  seconds to process fncs->volttron messages
publish_heartbeat 2017-11-22 04:22:41.885990Z
fncs.time_request( 201 ) request
fncs.time_request() response 201
Values recieved from fncs.time_request() 201
it takes 0.280555009842  seconds to process fncs->volttron messages
publish_heartbeat 2017-11-22 04:22:42.886898Z
fncs.time_request( 202 ) request
fncs.time_request() response 202
Values recieved from fncs.time_request() 202
it takes 0.318879842758  seconds to process fncs->volttron messages
publish_heartbeat 2017-11-22 04:22:43.886183Z
fncs.time_request( 203 ) request
fncs.time_request() response 203
Did not receive anything from fncs.time_request() 203
publish_heartbeat 2017-11-22 04:22:45.173420Z
fncs.time_request( 204 ) request
fncs.time_request() response 204
Did not receive anything from fncs.time_request() 204
publish_heartbeat 2017-11-22 04:22:46.061093Z
fncs.time_request( 205 ) request
fncs.time_request() response 205
Did not receive anything from fncs.time_request() 205
publish_heartbeat 2017-11-22 04:22:47.206986Z
fncs.time_request( 206 ) request
fncs.time_request() response 206
Did not receive anything from fncs.time_request() 206
publish_heartbeat 2017-11-22 04:22:48.177884Z
fncs.time_request( 207 ) request
fncs.time_request() response 207
Did not receive anything from fncs.time_request() 207
publish_heartbeat 2017-11-22 04:22:49.238411Z
fncs.time_request( 208 ) request
fncs.time_request() response 208
Did not receive anything from fncs.time_request() 208
publish_heartbeat 2017-11-22 04:22:50.216867Z
fncs.time_request( 209 ) request
fncs.time_request() response 209
Did not receive anything from fncs.time_request() 209
publish_heartbeat 2017-11-22 04:22:51.255736Z
fncs.time_request( 210 ) request
fncs.time_request() response 210
Did not receive anything from fncs.time_request() 210
publish_heartbeat 2017-11-22 04:22:52.256484Z
fncs.time_request( 211 ) request
fncs.time_request() response 211
Did not receive anything from fncs.time_request() 211
publish_heartbeat 2017-11-22 04:22:53.391443Z
fncs.time_request( 212 ) request
fncs.time_request() response 212
Did not receive anything from fncs.time_request() 212
publish_heartbeat 2017-11-22 04:22:54.399586Z
fncs.time_request( 213 ) request
fncs.time_request() response 213
Did not receive anything from fncs.time_request() 213
publish_heartbeat 2017-11-22 04:22:55.463360Z
fncs.time_request( 214 ) request
fncs.time_request() response 214
Did not receive anything from fncs.time_request() 214
publish_heartbeat 2017-11-22 04:22:56.425338Z
fncs.time_request( 215 ) request
fncs.time_request() response 215
Did not receive anything from fncs.time_request() 215
publish_heartbeat 2017-11-22 04:22:57.514000Z
fncs.time_request( 216 ) request
fncs.time_request() response 216
Values recieved from fncs.time_request() 216
it takes 3.11887383461  seconds to process fncs->volttron messages
publish_heartbeat 2017-11-22 04:23:00.632934Z
fncs.time_request( 217 ) request
fncs.time_request() response 217
Did not receive anything from fncs.time_request() 217
publish_heartbeat 2017-11-22 04:23:02.083263Z
fncs.time_request( 218 ) request
fncs.time_request() response 218
Did not receive anything from fncs.time_request() 218
publish_heartbeat 2017-11-22 04:23:02.686954Z
fncs.time_request( 219 ) request
fncs.time_request() response 219
Did not receive anything from fncs.time_request() 219
publish_heartbeat 2017-11-22 04:23:04.216687Z
fncs.time_request( 220 ) request
fncs.time_request() response 220
Did not receive anything from fncs.time_request() 220
publish_heartbeat 2017-11-22 04:23:04.774442Z
fncs.time_request( 221 ) request
fncs.time_request() response 221
Did not receive anything from fncs.time_request() 221
publish_heartbeat 2017-11-22 04:23:06.198656Z
fncs.time_request( 222 ) request
fncs.time_request() response 222
Did not receive anything from fncs.time_request() 222
publish_heartbeat 2017-11-22 04:23:06.788159Z
fncs.time_request( 223 ) request
fncs.time_request() response 223
Values recieved from fncs.time_request() 223
it takes 2.74391007423  seconds to process fncs->volttron messages
publish_heartbeat 2017-11-22 04:23:09.532145Z
fncs.time_request( 224 ) request
fncs.time_request() response 224
Did not receive anything from fncs.time_request() 224
publish_heartbeat 2017-11-22 04:23:10.707198Z
fncs.time_request( 225 ) request
fncs.time_request() response 225
Did not receive anything from fncs.time_request() 225
publish_heartbeat 2017-11-22 04:23:11.553819Z
fncs.time_request( 226 ) request
fncs.time_request() response 226
Did not receive anything from fncs.time_request() 226
publish_heartbeat 2017-11-22 04:23:12.734992Z
fncs.time_request( 227 ) request
fncs.time_request() response 227
Did not receive anything from fncs.time_request() 227
publish_heartbeat 2017-11-22 04:23:13.592174Z
fncs.time_request( 228 ) request
fncs.time_request() response 228
Values recieved from fncs.time_request() 228
it takes 4.554708004  seconds to process fncs->volttron messages
publish_heartbeat 2017-11-22 04:23:18.147534Z
fncs.time_request( 229 ) request
fncs.time_request() response 229
Did not receive anything from fncs.time_request() 229
publish_heartbeat 2017-11-22 04:23:19.505188Z
fncs.time_request( 230 ) request
fncs.time_request() response 230
Did not receive anything from fncs.time_request() 230
publish_heartbeat 2017-11-22 04:23:20.177499Z
fncs.time_request( 231 ) request
fncs.time_request() response 231
Values recieved from fncs.time_request() 231
it takes 0.503548145294  seconds to process fncs->volttron messages
publish_heartbeat 2017-11-22 04:23:21.147875Z
fncs.time_request( 232 ) request
fncs.time_request() response 232
Did not receive anything from fncs.time_request() 232
publish_heartbeat 2017-11-22 04:23:22.799594Z
fncs.time_request( 233 ) request
fncs.time_request() response 233
Did not receive anything from fncs.time_request() 233
publish_heartbeat 2017-11-22 04:23:23.174389Z
fncs.time_request( 234 ) request
fncs.time_request() response 234
Values recieved from fncs.time_request() 234
it takes 5.08955001831  seconds to process fncs->volttron messages
publish_heartbeat 2017-11-22 04:23:28.264195Z
fncs.time_request( 235 ) request
fncs.time_request() response 235
Values recieved from fncs.time_request() 235
it takes 2.20261001587  seconds to process fncs->volttron messages
publish_heartbeat 2017-11-22 04:23:30.466847Z
fncs.time_request( 236 ) request
fncs.time_request() response 236
Did not receive anything from fncs.time_request() 236
publish_heartbeat 2017-11-22 04:23:31.844819Z
fncs.time_request( 237 ) request
fncs.time_request() response 237
Did not receive anything from fncs.time_request() 237
publish_heartbeat 2017-11-22 04:23:32.571592Z
fncs.time_request( 238 ) request
fncs.time_request() response 238
Did not receive anything from fncs.time_request() 238
publish_heartbeat 2017-11-22 04:23:33.870039Z
fncs.time_request( 239 ) request
fncs.time_request() response 239
Did not receive anything from fncs.time_request() 239
publish_heartbeat 2017-11-22 04:23:34.620697Z
fncs.time_request( 240 ) request
fncs.time_request() response 240
Did not receive anything from fncs.time_request() 240
publish_heartbeat 2017-11-22 04:23:35.862657Z
fncs.time_request( 241 ) request
fncs.time_request() response 241
Did not receive anything from fncs.time_request() 241
publish_heartbeat 2017-11-22 04:23:36.670586Z
fncs.time_request( 242 ) request
fncs.time_request() response 242
Did not receive anything from fncs.time_request() 242
publish_heartbeat 2017-11-22 04:23:37.940403Z
fncs.time_request( 243 ) request
fncs.time_request() response 243
Did not receive anything from fncs.time_request() 243
publish_heartbeat 2017-11-22 04:23:38.682676Z
fncs.time_request( 244 ) request
fncs.time_request() response 244
Values recieved from fncs.time_request() 244
it takes 3.75311589241  seconds to process fncs->volttron messages
publish_heartbeat 2017-11-22 04:23:42.435928Z
fncs.time_request( 245 ) request
ERROR: unrecognized message type
