2017-11-21 20:18:14,474 volttron.platform.vip.agent.core DEBUG: address: tcp://127.0.0.1:22916?serverkey=XDMM3_KrXqSaaPXEM3vL7rumk4nd-A30dcksjfFWNyM&publickey=cDc4_Lli13dt-__ju-vpgAeOEbbRPaOVzQoeQ5KHjUk&secretkey=k19_VwSSfbFUzm4Op3DGBlOH6Vd7rMJWy4iQo_t-wuw
2017-11-21 20:18:14,474 volttron.platform.vip.agent.core DEBUG: identity: FNCS_Volttron_Bridge39
2017-11-21 20:18:14,474 volttron.platform.vip.agent.core DEBUG: agent_uuid: None
2017-11-21 20:18:14,474 volttron.platform.vip.agent.core DEBUG: serverkey: None
2017-11-21 20:18:16,089 volttron.platform.vip.agent.core INFO: Connected to platform: router: 783ba6c5-7811-4df4-bf1d-888a0732edee version: 1.0 identity: FNCS_Volttron_Bridge39
2017-11-21 20:18:16,089 volttron.platform.vip.agent.core DEBUG: Running onstart methods.
2017-11-21 20:18:24,464 volttron.platform.vip.agent.subsystems.configstore DEBUG: Processing callbacks for affected files: {}
publish_heartbeat 2017-11-22 04:18:20.057225Z
fncs.time_request( 1 ) request
fncs.time_request() response 1
Values recieved from fncs.time_request() 1
it takes 16.7421350479  seconds to process fncs->volttron messages
1
publish_heartbeat 2017-11-22 04:18:36.799480Z
fncs.time_request( 2 ) request
fncs.time_request() response 2
Did not receive anything from fncs.time_request() 2
publish_heartbeat 2017-11-22 04:18:38.195619Z
fncs.time_request( 3 ) request
fncs.time_request() response 3
Did not receive anything from fncs.time_request() 3
publish_heartbeat 2017-11-22 04:18:38.817503Z
fncs.time_request( 4 ) request
fncs.time_request() response 4
Did not receive anything from fncs.time_request() 4
publish_heartbeat 2017-11-22 04:18:40.205587Z
fncs.time_request( 5 ) request
fncs.time_request() response 5
Did not receive anything from fncs.time_request() 5
publish_heartbeat 2017-11-22 04:18:40.831986Z
fncs.time_request( 6 ) request
fncs.time_request() response 6
Did not receive anything from fncs.time_request() 6
publish_heartbeat 2017-11-22 04:18:42.208840Z
fncs.time_request( 7 ) request
fncs.time_request() response 7
Did not receive anything from fncs.time_request() 7
publish_heartbeat 2017-11-22 04:18:42.857321Z
fncs.time_request( 8 ) request
fncs.time_request() response 8
Did not receive anything from fncs.time_request() 8
publish_heartbeat 2017-11-22 04:18:44.217001Z
fncs.time_request( 9 ) request
fncs.time_request() response 9
Did not receive anything from fncs.time_request() 9
publish_heartbeat 2017-11-22 04:18:44.866318Z
fncs.time_request( 10 ) request
fncs.time_request() response 10
Did not receive anything from fncs.time_request() 10
publish_heartbeat 2017-11-22 04:18:46.226296Z
fncs.time_request( 11 ) request
fncs.time_request() response 11
Did not receive anything from fncs.time_request() 11
publish_heartbeat 2017-11-22 04:18:46.873410Z
fncs.time_request( 12 ) request
fncs.time_request() response 12
Did not receive anything from fncs.time_request() 12
publish_heartbeat 2017-11-22 04:18:48.241715Z
fncs.time_request( 13 ) request
fncs.time_request() response 13
Did not receive anything from fncs.time_request() 13
publish_heartbeat 2017-11-22 04:18:48.905868Z
fncs.time_request( 14 ) request
fncs.time_request() response 14
Did not receive anything from fncs.time_request() 14
publish_heartbeat 2017-11-22 04:18:50.330416Z
fncs.time_request( 15 ) request
fncs.time_request() response 15
Did not receive anything from fncs.time_request() 15
publish_heartbeat 2017-11-22 04:18:50.948953Z
fncs.time_request( 16 ) request
fncs.time_request() response 16
Did not receive anything from fncs.time_request() 16
publish_heartbeat 2017-11-22 04:18:52.384152Z
fncs.time_request( 17 ) request
fncs.time_request() response 17
Did not receive anything from fncs.time_request() 17
publish_heartbeat 2017-11-22 04:18:53.007403Z
fncs.time_request( 18 ) request
fncs.time_request() response 18
Did not receive anything from fncs.time_request() 18
publish_heartbeat 2017-11-22 04:18:54.394397Z
fncs.time_request( 19 ) request
fncs.time_request() response 19
Did not receive anything from fncs.time_request() 19
publish_heartbeat 2017-11-22 04:18:55.076518Z
fncs.time_request( 20 ) request
fncs.time_request() response 20
Did not receive anything from fncs.time_request() 20
publish_heartbeat 2017-11-22 04:18:56.477853Z
fncs.time_request( 21 ) request
fncs.time_request() response 21
Did not receive anything from fncs.time_request() 21
publish_heartbeat 2017-11-22 04:18:57.097282Z
fncs.time_request( 22 ) request
fncs.time_request() response 22
Did not receive anything from fncs.time_request() 22
publish_heartbeat 2017-11-22 04:18:58.487501Z
fncs.time_request( 23 ) request
fncs.time_request() response 23
Did not receive anything from fncs.time_request() 23
publish_heartbeat 2017-11-22 04:18:59.115099Z
fncs.time_request( 24 ) request
fncs.time_request() response 24
Did not receive anything from fncs.time_request() 24
publish_heartbeat 2017-11-22 04:19:00.509714Z
fncs.time_request( 25 ) request
fncs.time_request() response 25
Did not receive anything from fncs.time_request() 25
publish_heartbeat 2017-11-22 04:19:01.209655Z
fncs.time_request( 26 ) request
fncs.time_request() response 26
Did not receive anything from fncs.time_request() 26
publish_heartbeat 2017-11-22 04:19:02.594682Z
fncs.time_request( 27 ) request
fncs.time_request() response 27
Did not receive anything from fncs.time_request() 27
publish_heartbeat 2017-11-22 04:19:03.269392Z
fncs.time_request( 28 ) request
fncs.time_request() response 28
Did not receive anything from fncs.time_request() 28
publish_heartbeat 2017-11-22 04:19:04.643802Z
fncs.time_request( 29 ) request
fncs.time_request() response 29
Did not receive anything from fncs.time_request() 29
publish_heartbeat 2017-11-22 04:19:05.425139Z
fncs.time_request( 30 ) request
fncs.time_request() response 30
Did not receive anything from fncs.time_request() 30
publish_heartbeat 2017-11-22 04:19:06.929532Z
fncs.time_request( 31 ) request
fncs.time_request() response 31
Did not receive anything from fncs.time_request() 31
publish_heartbeat 2017-11-22 04:19:07.565235Z
fncs.time_request( 32 ) request
fncs.time_request() response 32
Did not receive anything from fncs.time_request() 32
publish_heartbeat 2017-11-22 04:19:09.966717Z
fncs.time_request( 33 ) request
fncs.time_request() response 33
Did not receive anything from fncs.time_request() 33
publish_heartbeat 2017-11-22 04:19:10.021135Z
fncs.time_request( 34 ) request
fncs.time_request() response 34
Did not receive anything from fncs.time_request() 34
publish_heartbeat 2017-11-22 04:19:12.145514Z
fncs.time_request( 35 ) request
fncs.time_request() response 35
Did not receive anything from fncs.time_request() 35
publish_heartbeat 2017-11-22 04:19:12.195754Z
fncs.time_request( 36 ) request
fncs.time_request() response 36
Did not receive anything from fncs.time_request() 36
publish_heartbeat 2017-11-22 04:19:14.268227Z
fncs.time_request( 37 ) request
fncs.time_request() response 37
Did not receive anything from fncs.time_request() 37
publish_heartbeat 2017-11-22 04:19:14.348873Z
fncs.time_request( 38 ) request
fncs.time_request() response 38
Did not receive anything from fncs.time_request() 38
publish_heartbeat 2017-11-22 04:19:16.421639Z
fncs.time_request( 39 ) request
fncs.time_request() response 39
Did not receive anything from fncs.time_request() 39
publish_heartbeat 2017-11-22 04:19:16.463164Z
fncs.time_request( 40 ) request
fncs.time_request() response 40
Did not receive anything from fncs.time_request() 40
publish_heartbeat 2017-11-22 04:19:18.489748Z
fncs.time_request( 41 ) request
fncs.time_request() response 41
Did not receive anything from fncs.time_request() 41
publish_heartbeat 2017-11-22 04:19:18.515294Z
fncs.time_request( 42 ) request
fncs.time_request() response 42
Did not receive anything from fncs.time_request() 42
publish_heartbeat 2017-11-22 04:19:20.531135Z
fncs.time_request( 43 ) request
fncs.time_request() response 43
Did not receive anything from fncs.time_request() 43
publish_heartbeat 2017-11-22 04:19:20.550438Z
fncs.time_request( 44 ) request
fncs.time_request() response 44
Did not receive anything from fncs.time_request() 44
publish_heartbeat 2017-11-22 04:19:22.684472Z
fncs.time_request( 45 ) request
fncs.time_request() response 45
Did not receive anything from fncs.time_request() 45
publish_heartbeat 2017-11-22 04:19:22.760419Z
fncs.time_request( 46 ) request
fncs.time_request() response 46
Did not receive anything from fncs.time_request() 46
publish_heartbeat 2017-11-22 04:19:24.776966Z
fncs.time_request( 47 ) request
fncs.time_request() response 47
Did not receive anything from fncs.time_request() 47
publish_heartbeat 2017-11-22 04:19:24.833420Z
fncs.time_request( 48 ) request
fncs.time_request() response 48
Did not receive anything from fncs.time_request() 48
publish_heartbeat 2017-11-22 04:19:26.840966Z
fncs.time_request( 49 ) request
fncs.time_request() response 49
Did not receive anything from fncs.time_request() 49
publish_heartbeat 2017-11-22 04:19:26.874336Z
fncs.time_request( 50 ) request
fncs.time_request() response 50
Did not receive anything from fncs.time_request() 50
publish_heartbeat 2017-11-22 04:19:28.975603Z
fncs.time_request( 51 ) request
fncs.time_request() response 51
Did not receive anything from fncs.time_request() 51
publish_heartbeat 2017-11-22 04:19:29.047467Z
fncs.time_request( 52 ) request
fncs.time_request() response 52
Did not receive anything from fncs.time_request() 52
publish_heartbeat 2017-11-22 04:19:31.115068Z
fncs.time_request( 53 ) request
fncs.time_request() response 53
Did not receive anything from fncs.time_request() 53
publish_heartbeat 2017-11-22 04:19:31.152282Z
fncs.time_request( 54 ) request
fncs.time_request() response 54
Did not receive anything from fncs.time_request() 54
publish_heartbeat 2017-11-22 04:19:33.231353Z
fncs.time_request( 55 ) request
fncs.time_request() response 55
Did not receive anything from fncs.time_request() 55
publish_heartbeat 2017-11-22 04:19:33.343775Z
fncs.time_request( 56 ) request
fncs.time_request() response 56
Did not receive anything from fncs.time_request() 56
publish_heartbeat 2017-11-22 04:19:35.423799Z
fncs.time_request( 57 ) request
fncs.time_request() response 57
Did not receive anything from fncs.time_request() 57
publish_heartbeat 2017-11-22 04:19:35.470582Z
fncs.time_request( 58 ) request
fncs.time_request() response 58
Did not receive anything from fncs.time_request() 58
publish_heartbeat 2017-11-22 04:19:37.569909Z
fncs.time_request( 59 ) request
fncs.time_request() response 59
Did not receive anything from fncs.time_request() 59
publish_heartbeat 2017-11-22 04:19:37.599465Z
fncs.time_request( 60 ) request
fncs.time_request() response 60
Did not receive anything from fncs.time_request() 60
publish_heartbeat 2017-11-22 04:19:39.691362Z
fncs.time_request( 61 ) request
fncs.time_request() response 61
Did not receive anything from fncs.time_request() 61
publish_heartbeat 2017-11-22 04:19:39.785406Z
fncs.time_request( 62 ) request
fncs.time_request() response 62
Did not receive anything from fncs.time_request() 62
publish_heartbeat 2017-11-22 04:19:41.982038Z
fncs.time_request( 63 ) request
fncs.time_request() response 63
Did not receive anything from fncs.time_request() 63
publish_heartbeat 2017-11-22 04:19:42.076181Z
fncs.time_request( 64 ) request
fncs.time_request() response 64
Did not receive anything from fncs.time_request() 64
publish_heartbeat 2017-11-22 04:19:44.174180Z
fncs.time_request( 65 ) request
fncs.time_request() response 65
Values recieved from fncs.time_request() 65
it takes 0.24497294426  seconds to process fncs->volttron messages
publish_heartbeat 2017-11-22 04:19:44.419289Z
fncs.time_request( 66 ) request
fncs.time_request() response 66
Did not receive anything from fncs.time_request() 66
publish_heartbeat 2017-11-22 04:19:46.308326Z
fncs.time_request( 67 ) request
fncs.time_request() response 67
Did not receive anything from fncs.time_request() 67
publish_heartbeat 2017-11-22 04:19:46.531827Z
fncs.time_request( 68 ) request
fncs.time_request() response 68
Did not receive anything from fncs.time_request() 68
publish_heartbeat 2017-11-22 04:19:48.338061Z
fncs.time_request( 69 ) request
fncs.time_request() response 69
Did not receive anything from fncs.time_request() 69
publish_heartbeat 2017-11-22 04:19:48.628935Z
fncs.time_request( 70 ) request
fncs.time_request() response 70
Did not receive anything from fncs.time_request() 70
publish_heartbeat 2017-11-22 04:19:50.342516Z
fncs.time_request( 71 ) request
fncs.time_request() response 71
Did not receive anything from fncs.time_request() 71
publish_heartbeat 2017-11-22 04:19:50.667841Z
fncs.time_request( 72 ) request
fncs.time_request() response 72
Did not receive anything from fncs.time_request() 72
publish_heartbeat 2017-11-22 04:19:52.392315Z
fncs.time_request( 73 ) request
fncs.time_request() response 73
Did not receive anything from fncs.time_request() 73
publish_heartbeat 2017-11-22 04:19:52.843185Z
fncs.time_request( 74 ) request
fncs.time_request() response 74
Values recieved from fncs.time_request() 74
it takes 1.93376398087  seconds to process fncs->volttron messages
publish_heartbeat 2017-11-22 04:19:54.777200Z
fncs.time_request( 75 ) request
fncs.time_request() response 75
Did not receive anything from fncs.time_request() 75
publish_heartbeat 2017-11-22 04:19:56.951691Z
fncs.time_request( 76 ) request
fncs.time_request() response 76
Values recieved from fncs.time_request() 76
it takes 0.878788948059  seconds to process fncs->volttron messages
publish_heartbeat 2017-11-22 04:19:57.830542Z
fncs.time_request( 77 ) request
fncs.time_request() response 77
Did not receive anything from fncs.time_request() 77
publish_heartbeat 2017-11-22 04:19:59.182256Z
fncs.time_request( 78 ) request
fncs.time_request() response 78
Did not receive anything from fncs.time_request() 78
publish_heartbeat 2017-11-22 04:19:59.912858Z
fncs.time_request( 79 ) request
fncs.time_request() response 79
Did not receive anything from fncs.time_request() 79
publish_heartbeat 2017-11-22 04:20:01.204449Z
fncs.time_request( 80 ) request
fncs.time_request() response 80
Did not receive anything from fncs.time_request() 80
publish_heartbeat 2017-11-22 04:20:01.989494Z
fncs.time_request( 81 ) request
fncs.time_request() response 81
Did not receive anything from fncs.time_request() 81
publish_heartbeat 2017-11-22 04:20:03.242681Z
fncs.time_request( 82 ) request
fncs.time_request() response 82
Values recieved from fncs.time_request() 82
it takes 1.9795589447  seconds to process fncs->volttron messages
publish_heartbeat 2017-11-22 04:20:05.222326Z
fncs.time_request( 83 ) request
fncs.time_request() response 83
Values recieved from fncs.time_request() 83
it takes 1.60967111588  seconds to process fncs->volttron messages
publish_heartbeat 2017-11-22 04:20:06.832046Z
fncs.time_request( 84 ) request
fncs.time_request() response 84
Did not receive anything from fncs.time_request() 84
publish_heartbeat 2017-11-22 04:20:08.225053Z
fncs.time_request( 85 ) request
fncs.time_request() response 85
Did not receive anything from fncs.time_request() 85
publish_heartbeat 2017-11-22 04:20:08.852464Z
fncs.time_request( 86 ) request
fncs.time_request() response 86
Did not receive anything from fncs.time_request() 86
publish_heartbeat 2017-11-22 04:20:10.274301Z
fncs.time_request( 87 ) request
fncs.time_request() response 87
Did not receive anything from fncs.time_request() 87
publish_heartbeat 2017-11-22 04:20:10.873340Z
fncs.time_request( 88 ) request
fncs.time_request() response 88
Did not receive anything from fncs.time_request() 88
publish_heartbeat 2017-11-22 04:20:12.345690Z
fncs.time_request( 89 ) request
fncs.time_request() response 89
Values recieved from fncs.time_request() 89
it takes 1.06860208511  seconds to process fncs->volttron messages
publish_heartbeat 2017-11-22 04:20:13.414413Z
fncs.time_request( 90 ) request
fncs.time_request() response 90
Values recieved from fncs.time_request() 90
it takes 1.5361289978  seconds to process fncs->volttron messages
publish_heartbeat 2017-11-22 04:20:14.950641Z
fncs.time_request( 91 ) request
fncs.time_request() response 91
Did not receive anything from fncs.time_request() 91
publish_heartbeat 2017-11-22 04:20:16.829910Z
fncs.time_request( 92 ) request
fncs.time_request() response 92
Did not receive anything from fncs.time_request() 92
publish_heartbeat 2017-11-22 04:20:16.972364Z
fncs.time_request( 93 ) request
fncs.time_request() response 93
Values recieved from fncs.time_request() 93
it takes 1.47390604019  seconds to process fncs->volttron messages
publish_heartbeat 2017-11-22 04:20:18.446789Z
fncs.time_request( 94 ) request
fncs.time_request() response 94
Did not receive anything from fncs.time_request() 94
publish_heartbeat 2017-11-22 04:20:21.063973Z
fncs.time_request( 95 ) request
fncs.time_request() response 95
Values recieved from fncs.time_request() 95
it takes 0.14715719223  seconds to process fncs->volttron messages
publish_heartbeat 2017-11-22 04:20:21.211187Z
fncs.time_request( 96 ) request
fncs.time_request() response 96
Did not receive anything from fncs.time_request() 96
publish_heartbeat 2017-11-22 04:20:23.128548Z
fncs.time_request( 97 ) request
fncs.time_request() response 97
Values recieved from fncs.time_request() 97
it takes 1.88946390152  seconds to process fncs->volttron messages
publish_heartbeat 2017-11-22 04:20:25.018189Z
fncs.time_request( 98 ) request
fncs.time_request() response 98
Did not receive anything from fncs.time_request() 98
publish_heartbeat 2017-11-22 04:20:26.424040Z
fncs.time_request( 99 ) request
fncs.time_request() response 99
Did not receive anything from fncs.time_request() 99
publish_heartbeat 2017-11-22 04:20:27.074136Z
fncs.time_request( 100 ) request
fncs.time_request() response 100
Values recieved from fncs.time_request() 100
it takes 2.5076239109  seconds to process fncs->volttron messages
publish_heartbeat 2017-11-22 04:20:29.581980Z
fncs.time_request( 101 ) request
fncs.time_request() response 101
Did not receive anything from fncs.time_request() 101
publish_heartbeat 2017-11-22 04:20:31.001104Z
fncs.time_request( 102 ) request
fncs.time_request() response 102
Did not receive anything from fncs.time_request() 102
publish_heartbeat 2017-11-22 04:20:31.660688Z
fncs.time_request( 103 ) request
fncs.time_request() response 103
Values recieved from fncs.time_request() 103
it takes 2.31675195694  seconds to process fncs->volttron messages
publish_heartbeat 2017-11-22 04:20:33.977560Z
fncs.time_request( 104 ) request
fncs.time_request() response 104
Values recieved from fncs.time_request() 104
it takes 2.03058505058  seconds to process fncs->volttron messages
publish_heartbeat 2017-11-22 04:20:36.008209Z
fncs.time_request( 105 ) request
fncs.time_request() response 105
Did not receive anything from fncs.time_request() 105
publish_heartbeat 2017-11-22 04:20:37.453200Z
fncs.time_request( 106 ) request
fncs.time_request() response 106
Did not receive anything from fncs.time_request() 106
publish_heartbeat 2017-11-22 04:20:38.123272Z
fncs.time_request( 107 ) request
fncs.time_request() response 107
Did not receive anything from fncs.time_request() 107
publish_heartbeat 2017-11-22 04:20:39.513164Z
fncs.time_request( 108 ) request
fncs.time_request() response 108
Did not receive anything from fncs.time_request() 108
publish_heartbeat 2017-11-22 04:20:40.174258Z
fncs.time_request( 109 ) request
fncs.time_request() response 109
Values recieved from fncs.time_request() 109
it takes 2.73310208321  seconds to process fncs->volttron messages
publish_heartbeat 2017-11-22 04:20:42.907527Z
fncs.time_request( 110 ) request
fncs.time_request() response 110
Values recieved from fncs.time_request() 110
it takes 1.64855217934  seconds to process fncs->volttron messages
publish_heartbeat 2017-11-22 04:20:44.556150Z
fncs.time_request( 111 ) request
fncs.time_request() response 111
Values recieved from fncs.time_request() 111
it takes 1.34718990326  seconds to process fncs->volttron messages
publish_heartbeat 2017-11-22 04:20:45.903429Z
fncs.time_request( 112 ) request
fncs.time_request() response 112
Values recieved from fncs.time_request() 112
it takes 1.49115395546  seconds to process fncs->volttron messages
publish_heartbeat 2017-11-22 04:20:47.394674Z
fncs.time_request( 113 ) request
fncs.time_request() response 113
Values recieved from fncs.time_request() 113
it takes 0.36205291748  seconds to process fncs->volttron messages
publish_heartbeat 2017-11-22 04:20:48.396122Z
fncs.time_request( 114 ) request
fncs.time_request() response 114
Did not receive anything from fncs.time_request() 114
publish_heartbeat 2017-11-22 04:20:49.718686Z
fncs.time_request( 115 ) request
fncs.time_request() response 115
Did not receive anything from fncs.time_request() 115
publish_heartbeat 2017-11-22 04:20:50.407580Z
fncs.time_request( 116 ) request
fncs.time_request() response 116
Values recieved from fncs.time_request() 116
it takes 1.26923394203  seconds to process fncs->volttron messages
publish_heartbeat 2017-11-22 04:20:51.676876Z
fncs.time_request( 117 ) request
fncs.time_request() response 117
Did not receive anything from fncs.time_request() 117
publish_heartbeat 2017-11-22 04:20:53.078946Z
fncs.time_request( 118 ) request
fncs.time_request() response 118
Did not receive anything from fncs.time_request() 118
publish_heartbeat 2017-11-22 04:20:53.706675Z
fncs.time_request( 119 ) request
fncs.time_request() response 119
Did not receive anything from fncs.time_request() 119
publish_heartbeat 2017-11-22 04:20:55.135146Z
fncs.time_request( 120 ) request
fncs.time_request() response 120
Did not receive anything from fncs.time_request() 120
publish_heartbeat 2017-11-22 04:20:55.713747Z
fncs.time_request( 121 ) request
fncs.time_request() response 121
Did not receive anything from fncs.time_request() 121
publish_heartbeat 2017-11-22 04:20:57.182958Z
fncs.time_request( 122 ) request
fncs.time_request() response 122
Did not receive anything from fncs.time_request() 122
publish_heartbeat 2017-11-22 04:20:57.772287Z
fncs.time_request( 123 ) request
fncs.time_request() response 123
Did not receive anything from fncs.time_request() 123
publish_heartbeat 2017-11-22 04:20:59.253469Z
fncs.time_request( 124 ) request
fncs.time_request() response 124
Did not receive anything from fncs.time_request() 124
publish_heartbeat 2017-11-22 04:20:59.806193Z
fncs.time_request( 125 ) request
fncs.time_request() response 125
Values recieved from fncs.time_request() 125
it takes 3.40630984306  seconds to process fncs->volttron messages
publish_heartbeat 2017-11-22 04:21:03.212571Z
fncs.time_request( 126 ) request
fncs.time_request() response 126
Did not receive anything from fncs.time_request() 126
publish_heartbeat 2017-11-22 04:21:04.801866Z
fncs.time_request( 127 ) request
fncs.time_request() response 127
Did not receive anything from fncs.time_request() 127
publish_heartbeat 2017-11-22 04:21:05.231430Z
fncs.time_request( 128 ) request
fncs.time_request() response 128
Did not receive anything from fncs.time_request() 128
publish_heartbeat 2017-11-22 04:21:06.919321Z
fncs.time_request( 129 ) request
fncs.time_request() response 129
Did not receive anything from fncs.time_request() 129
publish_heartbeat 2017-11-22 04:21:07.270218Z
fncs.time_request( 130 ) request
fncs.time_request() response 130
Values recieved from fncs.time_request() 130
it takes 3.53312492371  seconds to process fncs->volttron messages
publish_heartbeat 2017-11-22 04:21:10.803466Z
fncs.time_request( 131 ) request
fncs.time_request() response 131
Did not receive anything from fncs.time_request() 131
publish_heartbeat 2017-11-22 04:21:12.463072Z
fncs.time_request( 132 ) request
fncs.time_request() response 132
Did not receive anything from fncs.time_request() 132
publish_heartbeat 2017-11-22 04:21:12.849883Z
fncs.time_request( 133 ) request
fncs.time_request() response 133
Did not receive anything from fncs.time_request() 133
publish_heartbeat 2017-11-22 04:21:14.500552Z
fncs.time_request( 134 ) request
fncs.time_request() response 134
Did not receive anything from fncs.time_request() 134
publish_heartbeat 2017-11-22 04:21:14.984006Z
fncs.time_request( 135 ) request
fncs.time_request() response 135
Did not receive anything from fncs.time_request() 135
publish_heartbeat 2017-11-22 04:21:16.659658Z
fncs.time_request( 136 ) request
fncs.time_request() response 136
Did not receive anything from fncs.time_request() 136
publish_heartbeat 2017-11-22 04:21:17.043157Z
fncs.time_request( 137 ) request
fncs.time_request() response 137
Values recieved from fncs.time_request() 137
it takes 3.18159198761  seconds to process fncs->volttron messages
publish_heartbeat 2017-11-22 04:21:20.224864Z
fncs.time_request( 138 ) request
fncs.time_request() response 138
Did not receive anything from fncs.time_request() 138
publish_heartbeat 2017-11-22 04:21:22.278154Z
fncs.time_request( 139 ) request
fncs.time_request() response 139
Did not receive anything from fncs.time_request() 139
publish_heartbeat 2017-11-22 04:21:22.314583Z
fncs.time_request( 140 ) request
fncs.time_request() response 140
Did not receive anything from fncs.time_request() 140
publish_heartbeat 2017-11-22 04:21:24.379268Z
fncs.time_request( 141 ) request
fncs.time_request() response 141
Did not receive anything from fncs.time_request() 141
publish_heartbeat 2017-11-22 04:21:24.401272Z
fncs.time_request( 142 ) request
fncs.time_request() response 142
Did not receive anything from fncs.time_request() 142
publish_heartbeat 2017-11-22 04:21:26.427283Z
fncs.time_request( 143 ) request
fncs.time_request() response 143
Did not receive anything from fncs.time_request() 143
publish_heartbeat 2017-11-22 04:21:26.500274Z
fncs.time_request( 144 ) request
fncs.time_request() response 144
Values recieved from fncs.time_request() 144
it takes 3.22999286652  seconds to process fncs->volttron messages
publish_heartbeat 2017-11-22 04:21:29.730356Z
fncs.time_request( 145 ) request
fncs.time_request() response 145
Did not receive anything from fncs.time_request() 145
publish_heartbeat 2017-11-22 04:21:31.131420Z
fncs.time_request( 146 ) request
fncs.time_request() response 146
Values recieved from fncs.time_request() 146
it takes 1.5226521492  seconds to process fncs->volttron messages
publish_heartbeat 2017-11-22 04:21:32.654139Z
fncs.time_request( 147 ) request
fncs.time_request() response 147
Values recieved from fncs.time_request() 147
it takes 1.52403903008  seconds to process fncs->volttron messages
publish_heartbeat 2017-11-22 04:21:34.178238Z
fncs.time_request( 148 ) request
fncs.time_request() response 148
Values recieved from fncs.time_request() 148
it takes 0.517142057419  seconds to process fncs->volttron messages
publish_heartbeat 2017-11-22 04:21:35.179411Z
fncs.time_request( 149 ) request
fncs.time_request() response 149
Did not receive anything from fncs.time_request() 149
publish_heartbeat 2017-11-22 04:21:36.673067Z
fncs.time_request( 150 ) request
fncs.time_request() response 150
Did not receive anything from fncs.time_request() 150
publish_heartbeat 2017-11-22 04:21:37.200397Z
fncs.time_request( 151 ) request
fncs.time_request() response 151
Did not receive anything from fncs.time_request() 151
publish_heartbeat 2017-11-22 04:21:38.699630Z
fncs.time_request( 152 ) request
fncs.time_request() response 152
Did not receive anything from fncs.time_request() 152
publish_heartbeat 2017-11-22 04:21:39.212911Z
fncs.time_request( 153 ) request
fncs.time_request() response 153
Did not receive anything from fncs.time_request() 153
publish_heartbeat 2017-11-22 04:21:40.744510Z
fncs.time_request( 154 ) request
fncs.time_request() response 154
Values recieved from fncs.time_request() 154
it takes 1.01180815697  seconds to process fncs->volttron messages
publish_heartbeat 2017-11-22 04:21:41.756367Z
fncs.time_request( 155 ) request
fncs.time_request() response 155
Did not receive anything from fncs.time_request() 155
publish_heartbeat 2017-11-22 04:21:43.449401Z
fncs.time_request( 156 ) request
fncs.time_request() response 156
Did not receive anything from fncs.time_request() 156
publish_heartbeat 2017-11-22 04:21:43.827852Z
fncs.time_request( 157 ) request
fncs.time_request() response 157
Values recieved from fncs.time_request() 157
it takes 3.72114992142  seconds to process fncs->volttron messages
publish_heartbeat 2017-11-22 04:21:47.549097Z
fncs.time_request( 158 ) request
fncs.time_request() response 158
Did not receive anything from fncs.time_request() 158
publish_heartbeat 2017-11-22 04:21:48.886003Z
fncs.time_request( 159 ) request
fncs.time_request() response 159
Did not receive anything from fncs.time_request() 159
publish_heartbeat 2017-11-22 04:21:49.607182Z
fncs.time_request( 160 ) request
fncs.time_request() response 160
Did not receive anything from fncs.time_request() 160
publish_heartbeat 2017-11-22 04:21:50.931459Z
fncs.time_request( 161 ) request
fncs.time_request() response 161
Did not receive anything from fncs.time_request() 161
publish_heartbeat 2017-11-22 04:21:51.773252Z
fncs.time_request( 162 ) request
fncs.time_request() response 162
Did not receive anything from fncs.time_request() 162
publish_heartbeat 2017-11-22 04:21:52.998769Z
fncs.time_request( 163 ) request
fncs.time_request() response 163
Values recieved from fncs.time_request() 163
it takes 2.39251494408  seconds to process fncs->volttron messages
publish_heartbeat 2017-11-22 04:21:55.391355Z
fncs.time_request( 164 ) request
fncs.time_request() response 164
Values recieved from fncs.time_request() 164
it takes 1.76444911957  seconds to process fncs->volttron messages
publish_heartbeat 2017-11-22 04:21:57.155987Z
fncs.time_request( 165 ) request
fncs.time_request() response 165
Did not receive anything from fncs.time_request() 165
publish_heartbeat 2017-11-22 04:21:58.923054Z
fncs.time_request( 166 ) request
fncs.time_request() response 166
Did not receive anything from fncs.time_request() 166
publish_heartbeat 2017-11-22 04:21:59.217625Z
fncs.time_request( 167 ) request
fncs.time_request() response 167
Did not receive anything from fncs.time_request() 167
publish_heartbeat 2017-11-22 04:22:01.017825Z
fncs.time_request( 168 ) request
fncs.time_request() response 168
Did not receive anything from fncs.time_request() 168
publish_heartbeat 2017-11-22 04:22:01.287109Z
fncs.time_request( 169 ) request
fncs.time_request() response 169
Did not receive anything from fncs.time_request() 169
publish_heartbeat 2017-11-22 04:22:03.088845Z
fncs.time_request( 170 ) request
fncs.time_request() response 170
Did not receive anything from fncs.time_request() 170
publish_heartbeat 2017-11-22 04:22:03.312989Z
fncs.time_request( 171 ) request
fncs.time_request() response 171
Did not receive anything from fncs.time_request() 171
publish_heartbeat 2017-11-22 04:22:05.126068Z
fncs.time_request( 172 ) request
fncs.time_request() response 172
Did not receive anything from fncs.time_request() 172
publish_heartbeat 2017-11-22 04:22:05.360959Z
fncs.time_request( 173 ) request
fncs.time_request() response 173
Did not receive anything from fncs.time_request() 173
publish_heartbeat 2017-11-22 04:22:07.158551Z
fncs.time_request( 174 ) request
fncs.time_request() response 174
Values recieved from fncs.time_request() 174
it takes 2.6582839489  seconds to process fncs->volttron messages
publish_heartbeat 2017-11-22 04:22:09.816921Z
fncs.time_request( 175 ) request
fncs.time_request() response 175
Did not receive anything from fncs.time_request() 175
publish_heartbeat 2017-11-22 04:22:12.067992Z
fncs.time_request( 176 ) request
fncs.time_request() response 176
Did not receive anything from fncs.time_request() 176
publish_heartbeat 2017-11-22 04:22:12.127570Z
fncs.time_request( 177 ) request
fncs.time_request() response 177
Did not receive anything from fncs.time_request() 177
publish_heartbeat 2017-11-22 04:22:14.193833Z
fncs.time_request( 178 ) request
fncs.time_request() response 178
Did not receive anything from fncs.time_request() 178
publish_heartbeat 2017-11-22 04:22:14.251080Z
fncs.time_request( 179 ) request
fncs.time_request() response 179
Did not receive anything from fncs.time_request() 179
publish_heartbeat 2017-11-22 04:22:16.284267Z
fncs.time_request( 180 ) request
fncs.time_request() response 180
Did not receive anything from fncs.time_request() 180
publish_heartbeat 2017-11-22 04:22:16.365976Z
fncs.time_request( 181 ) request
fncs.time_request() response 181
Did not receive anything from fncs.time_request() 181
publish_heartbeat 2017-11-22 04:22:18.384175Z
fncs.time_request( 182 ) request
fncs.time_request() response 182
Did not receive anything from fncs.time_request() 182
publish_heartbeat 2017-11-22 04:22:18.512681Z
fncs.time_request( 183 ) request
fncs.time_request() response 183
Did not receive anything from fncs.time_request() 183
publish_heartbeat 2017-11-22 04:22:20.551980Z
fncs.time_request( 184 ) request
fncs.time_request() response 184
Did not receive anything from fncs.time_request() 184
publish_heartbeat 2017-11-22 04:22:20.608159Z
fncs.time_request( 185 ) request
fncs.time_request() response 185
Did not receive anything from fncs.time_request() 185
publish_heartbeat 2017-11-22 04:22:22.679627Z
fncs.time_request( 186 ) request
fncs.time_request() response 186
Did not receive anything from fncs.time_request() 186
publish_heartbeat 2017-11-22 04:22:22.735862Z
fncs.time_request( 187 ) request
fncs.time_request() response 187
Did not receive anything from fncs.time_request() 187
publish_heartbeat 2017-11-22 04:22:24.746592Z
fncs.time_request( 188 ) request
fncs.time_request() response 188
Did not receive anything from fncs.time_request() 188
publish_heartbeat 2017-11-22 04:22:24.820054Z
fncs.time_request( 189 ) request
fncs.time_request() response 189
Did not receive anything from fncs.time_request() 189
publish_heartbeat 2017-11-22 04:22:26.926423Z
fncs.time_request( 190 ) request
fncs.time_request() response 190
Values recieved from fncs.time_request() 190
it takes 1.48114395142  seconds to process fncs->volttron messages
publish_heartbeat 2017-11-22 04:22:28.407633Z
fncs.time_request( 191 ) request
fncs.time_request() response 191
Did not receive anything from fncs.time_request() 191
publish_heartbeat 2017-11-22 04:22:30.776776Z
fncs.time_request( 192 ) request
fncs.time_request() response 192
Values recieved from fncs.time_request() 192
it takes 0.159973144531  seconds to process fncs->volttron messages
publish_heartbeat 2017-11-22 04:22:30.936847Z
fncs.time_request( 193 ) request
fncs.time_request() response 193
Did not receive anything from fncs.time_request() 193
publish_heartbeat 2017-11-22 04:22:32.902458Z
fncs.time_request( 194 ) request
fncs.time_request() response 194
Did not receive anything from fncs.time_request() 194
publish_heartbeat 2017-11-22 04:22:32.966181Z
fncs.time_request( 195 ) request
fncs.time_request() response 195
Did not receive anything from fncs.time_request() 195
publish_heartbeat 2017-11-22 04:22:34.937924Z
fncs.time_request( 196 ) request
fncs.time_request() response 196
Did not receive anything from fncs.time_request() 196
publish_heartbeat 2017-11-22 04:22:35.028534Z
fncs.time_request( 197 ) request
fncs.time_request() response 197
Did not receive anything from fncs.time_request() 197
publish_heartbeat 2017-11-22 04:22:37.047878Z
fncs.time_request( 198 ) request
fncs.time_request() response 198
Did not receive anything from fncs.time_request() 198
publish_heartbeat 2017-11-22 04:22:37.100874Z
fncs.time_request( 199 ) request
fncs.time_request() response 199
Did not receive anything from fncs.time_request() 199
publish_heartbeat 2017-11-22 04:22:39.135619Z
fncs.time_request( 200 ) request
fncs.time_request() response 200
Values recieved from fncs.time_request() 200
it takes 2.0840280056  seconds to process fncs->volttron messages
publish_heartbeat 2017-11-22 04:22:41.219709Z
fncs.time_request( 201 ) request
fncs.time_request() response 201
Did not receive anything from fncs.time_request() 201
publish_heartbeat 2017-11-22 04:22:43.074070Z
fncs.time_request( 202 ) request
fncs.time_request() response 202
Did not receive anything from fncs.time_request() 202
publish_heartbeat 2017-11-22 04:22:43.254848Z
fncs.time_request( 203 ) request
fncs.time_request() response 203
Did not receive anything from fncs.time_request() 203
publish_heartbeat 2017-11-22 04:22:45.092526Z
fncs.time_request( 204 ) request
fncs.time_request() response 204
Did not receive anything from fncs.time_request() 204
publish_heartbeat 2017-11-22 04:22:45.313487Z
fncs.time_request( 205 ) request
fncs.time_request() response 205
Did not receive anything from fncs.time_request() 205
publish_heartbeat 2017-11-22 04:22:47.287903Z
fncs.time_request( 206 ) request
fncs.time_request() response 206
Did not receive anything from fncs.time_request() 206
publish_heartbeat 2017-11-22 04:22:47.413535Z
fncs.time_request( 207 ) request
fncs.time_request() response 207
Values recieved from fncs.time_request() 207
it takes 1.19490289688  seconds to process fncs->volttron messages
publish_heartbeat 2017-11-22 04:22:48.608539Z
fncs.time_request( 208 ) request
fncs.time_request() response 208
Did not receive anything from fncs.time_request() 208
publish_heartbeat 2017-11-22 04:22:50.570025Z
fncs.time_request( 209 ) request
fncs.time_request() response 209
Did not receive anything from fncs.time_request() 209
publish_heartbeat 2017-11-22 04:22:50.627627Z
fncs.time_request( 210 ) request
fncs.time_request() response 210
Did not receive anything from fncs.time_request() 210
publish_heartbeat 2017-11-22 04:22:52.591078Z
fncs.time_request( 211 ) request
fncs.time_request() response 211
Did not receive anything from fncs.time_request() 211
publish_heartbeat 2017-11-22 04:22:52.753470Z
fncs.time_request( 212 ) request
fncs.time_request() response 212
Did not receive anything from fncs.time_request() 212
publish_heartbeat 2017-11-22 04:22:54.744792Z
fncs.time_request( 213 ) request
fncs.time_request() response 213
Did not receive anything from fncs.time_request() 213
publish_heartbeat 2017-11-22 04:22:54.973085Z
fncs.time_request( 214 ) request
fncs.time_request() response 214
Did not receive anything from fncs.time_request() 214
publish_heartbeat 2017-11-22 04:22:56.996315Z
fncs.time_request( 215 ) request
fncs.time_request() response 215
Did not receive anything from fncs.time_request() 215
publish_heartbeat 2017-11-22 04:22:57.049403Z
fncs.time_request( 216 ) request
fncs.time_request() response 216
Values recieved from fncs.time_request() 216
it takes 2.61658406258  seconds to process fncs->volttron messages
publish_heartbeat 2017-11-22 04:22:59.666045Z
fncs.time_request( 217 ) request
fncs.time_request() response 217
Did not receive anything from fncs.time_request() 217
publish_heartbeat 2017-11-22 04:23:02.078121Z
fncs.time_request( 218 ) request
fncs.time_request() response 218
Did not receive anything from fncs.time_request() 218
publish_heartbeat 2017-11-22 04:23:02.119445Z
fncs.time_request( 219 ) request
fncs.time_request() response 219
Did not receive anything from fncs.time_request() 219
publish_heartbeat 2017-11-22 04:23:04.243838Z
fncs.time_request( 220 ) request
fncs.time_request() response 220
Did not receive anything from fncs.time_request() 220
publish_heartbeat 2017-11-22 04:23:04.271982Z
fncs.time_request( 221 ) request
fncs.time_request() response 221
Did not receive anything from fncs.time_request() 221
publish_heartbeat 2017-11-22 04:23:06.336141Z
fncs.time_request( 222 ) request
fncs.time_request() response 222
Did not receive anything from fncs.time_request() 222
publish_heartbeat 2017-11-22 04:23:06.351301Z
fncs.time_request( 223 ) request
fncs.time_request() response 223
Values recieved from fncs.time_request() 223
it takes 2.35526204109  seconds to process fncs->volttron messages
publish_heartbeat 2017-11-22 04:23:08.706630Z
fncs.time_request( 224 ) request
fncs.time_request() response 224
Did not receive anything from fncs.time_request() 224
publish_heartbeat 2017-11-22 04:23:10.702871Z
fncs.time_request( 225 ) request
fncs.time_request() response 225
Did not receive anything from fncs.time_request() 225
publish_heartbeat 2017-11-22 04:23:10.734832Z
fncs.time_request( 226 ) request
fncs.time_request() response 226
Did not receive anything from fncs.time_request() 226
publish_heartbeat 2017-11-22 04:23:12.728404Z
fncs.time_request( 227 ) request
fncs.time_request() response 227
Did not receive anything from fncs.time_request() 227
publish_heartbeat 2017-11-22 04:23:12.775829Z
fncs.time_request( 228 ) request
fncs.time_request() response 228
Values recieved from fncs.time_request() 228
it takes 3.51098489761  seconds to process fncs->volttron messages
publish_heartbeat 2017-11-22 04:23:16.286882Z
fncs.time_request( 229 ) request
fncs.time_request() response 229
Did not receive anything from fncs.time_request() 229
publish_heartbeat 2017-11-22 04:23:19.499401Z
fncs.time_request( 230 ) request
fncs.time_request() response 230
Did not receive anything from fncs.time_request() 230
publish_heartbeat 2017-11-22 04:23:19.516217Z
fncs.time_request( 231 ) request
fncs.time_request() response 231
Did not receive anything from fncs.time_request() 231
publish_heartbeat 2017-11-22 04:23:21.567405Z
fncs.time_request( 232 ) request
fncs.time_request() response 232
Did not receive anything from fncs.time_request() 232
publish_heartbeat 2017-11-22 04:23:21.610910Z
fncs.time_request( 233 ) request
fncs.time_request() response 233
Did not receive anything from fncs.time_request() 233
publish_heartbeat 2017-11-22 04:23:23.810364Z
fncs.time_request( 234 ) request
fncs.time_request() response 234
Values recieved from fncs.time_request() 234
it takes 3.03592610359  seconds to process fncs->volttron messages
publish_heartbeat 2017-11-22 04:23:26.847335Z
fncs.time_request( 235 ) request
fncs.time_request() response 235
Values recieved from fncs.time_request() 235
it takes 2.63990497589  seconds to process fncs->volttron messages
publish_heartbeat 2017-11-22 04:23:29.487300Z
fncs.time_request( 236 ) request
fncs.time_request() response 236
Did not receive anything from fncs.time_request() 236
publish_heartbeat 2017-11-22 04:23:31.842301Z
fncs.time_request( 237 ) request
fncs.time_request() response 237
Did not receive anything from fncs.time_request() 237
publish_heartbeat 2017-11-22 04:23:31.951395Z
fncs.time_request( 238 ) request
fncs.time_request() response 238
Did not receive anything from fncs.time_request() 238
publish_heartbeat 2017-11-22 04:23:33.971634Z
fncs.time_request( 239 ) request
fncs.time_request() response 239
Did not receive anything from fncs.time_request() 239
publish_heartbeat 2017-11-22 04:23:33.998305Z
fncs.time_request( 240 ) request
fncs.time_request() response 240
Did not receive anything from fncs.time_request() 240
publish_heartbeat 2017-11-22 04:23:36.009000Z
fncs.time_request( 241 ) request
fncs.time_request() response 241
Did not receive anything from fncs.time_request() 241
publish_heartbeat 2017-11-22 04:23:36.054770Z
fncs.time_request( 242 ) request
fncs.time_request() response 242
Did not receive anything from fncs.time_request() 242
publish_heartbeat 2017-11-22 04:23:38.114267Z
fncs.time_request( 243 ) request
fncs.time_request() response 243
Values recieved from fncs.time_request() 243
it takes 0.15327000618  seconds to process fncs->volttron messages
publish_heartbeat 2017-11-22 04:23:38.267683Z
fncs.time_request( 244 ) request
fncs.time_request() response 244
Values recieved from fncs.time_request() 244
it takes 3.6256608963  seconds to process fncs->volttron messages
publish_heartbeat 2017-11-22 04:23:41.893462Z
fncs.time_request( 245 ) request
ERROR: unrecognized message type
