2017-11-21 20:18:13,764 volttron.platform.vip.agent.core DEBUG: address: tcp://127.0.0.1:22916?serverkey=XDMM3_KrXqSaaPXEM3vL7rumk4nd-A30dcksjfFWNyM&publickey=cDc4_Lli13dt-__ju-vpgAeOEbbRPaOVzQoeQ5KHjUk&secretkey=k19_VwSSfbFUzm4Op3DGBlOH6Vd7rMJWy4iQo_t-wuw
2017-11-21 20:18:13,764 volttron.platform.vip.agent.core DEBUG: identity: FNCS_Volttron_Bridge47
2017-11-21 20:18:13,764 volttron.platform.vip.agent.core DEBUG: agent_uuid: None
2017-11-21 20:18:13,764 volttron.platform.vip.agent.core DEBUG: serverkey: None
2017-11-21 20:18:15,353 volttron.platform.vip.agent.core INFO: Connected to platform: router: 783ba6c5-7811-4df4-bf1d-888a0732edee version: 1.0 identity: FNCS_Volttron_Bridge47
2017-11-21 20:18:15,353 volttron.platform.vip.agent.core DEBUG: Running onstart methods.
2017-11-21 20:18:25,624 volttron.platform.vip.agent.subsystems.configstore DEBUG: Processing callbacks for affected files: {}
publish_heartbeat 2017-11-22 04:18:20.056787Z
fncs.time_request( 1 ) request
fncs.time_request() response 1
Values recieved from fncs.time_request() 1
it takes 17.135491848  seconds to process fncs->volttron messages
1
publish_heartbeat 2017-11-22 04:18:37.192375Z
fncs.time_request( 2 ) request
fncs.time_request() response 2
Did not receive anything from fncs.time_request() 2
publish_heartbeat 2017-11-22 04:18:38.199542Z
fncs.time_request( 3 ) request
fncs.time_request() response 3
Did not receive anything from fncs.time_request() 3
publish_heartbeat 2017-11-22 04:18:39.214987Z
fncs.time_request( 4 ) request
fncs.time_request() response 4
Did not receive anything from fncs.time_request() 4
publish_heartbeat 2017-11-22 04:18:40.203434Z
fncs.time_request( 5 ) request
fncs.time_request() response 5
Did not receive anything from fncs.time_request() 5
publish_heartbeat 2017-11-22 04:18:41.230448Z
fncs.time_request( 6 ) request
fncs.time_request() response 6
Did not receive anything from fncs.time_request() 6
publish_heartbeat 2017-11-22 04:18:42.203274Z
fncs.time_request( 7 ) request
fncs.time_request() response 7
Did not receive anything from fncs.time_request() 7
publish_heartbeat 2017-11-22 04:18:43.255901Z
fncs.time_request( 8 ) request
fncs.time_request() response 8
Did not receive anything from fncs.time_request() 8
publish_heartbeat 2017-11-22 04:18:44.212596Z
fncs.time_request( 9 ) request
fncs.time_request() response 9
Did not receive anything from fncs.time_request() 9
publish_heartbeat 2017-11-22 04:18:45.264556Z
fncs.time_request( 10 ) request
fncs.time_request() response 10
Values recieved from fncs.time_request() 10
it takes 0.0505728721619  seconds to process fncs->volttron messages
publish_heartbeat 2017-11-22 04:18:46.193996Z
fncs.time_request( 11 ) request
fncs.time_request() response 11
Did not receive anything from fncs.time_request() 11
publish_heartbeat 2017-11-22 04:18:47.299259Z
fncs.time_request( 12 ) request
fncs.time_request() response 12
Did not receive anything from fncs.time_request() 12
publish_heartbeat 2017-11-22 04:18:48.209548Z
fncs.time_request( 13 ) request
fncs.time_request() response 13
Did not receive anything from fncs.time_request() 13
publish_heartbeat 2017-11-22 04:18:49.337694Z
fncs.time_request( 14 ) request
fncs.time_request() response 14
Did not receive anything from fncs.time_request() 14
publish_heartbeat 2017-11-22 04:18:50.297312Z
fncs.time_request( 15 ) request
fncs.time_request() response 15
Did not receive anything from fncs.time_request() 15
publish_heartbeat 2017-11-22 04:18:51.377196Z
fncs.time_request( 16 ) request
fncs.time_request() response 16
Did not receive anything from fncs.time_request() 16
publish_heartbeat 2017-11-22 04:18:52.352286Z
fncs.time_request( 17 ) request
fncs.time_request() response 17
Did not receive anything from fncs.time_request() 17
publish_heartbeat 2017-11-22 04:18:53.416971Z
fncs.time_request( 18 ) request
fncs.time_request() response 18
Did not receive anything from fncs.time_request() 18
publish_heartbeat 2017-11-22 04:18:54.412090Z
fncs.time_request( 19 ) request
fncs.time_request() response 19
Did not receive anything from fncs.time_request() 19
publish_heartbeat 2017-11-22 04:18:55.443165Z
fncs.time_request( 20 ) request
fncs.time_request() response 20
Did not receive anything from fncs.time_request() 20
publish_heartbeat 2017-11-22 04:18:56.489434Z
fncs.time_request( 21 ) request
fncs.time_request() response 21
Did not receive anything from fncs.time_request() 21
publish_heartbeat 2017-11-22 04:18:57.471108Z
fncs.time_request( 22 ) request
fncs.time_request() response 22
Did not receive anything from fncs.time_request() 22
publish_heartbeat 2017-11-22 04:18:58.509703Z
fncs.time_request( 23 ) request
fncs.time_request() response 23
Did not receive anything from fncs.time_request() 23
publish_heartbeat 2017-11-22 04:18:59.483919Z
fncs.time_request( 24 ) request
fncs.time_request() response 24
Did not receive anything from fncs.time_request() 24
publish_heartbeat 2017-11-22 04:19:00.534143Z
fncs.time_request( 25 ) request
fncs.time_request() response 25
Did not receive anything from fncs.time_request() 25
publish_heartbeat 2017-11-22 04:19:01.578524Z
fncs.time_request( 26 ) request
fncs.time_request() response 26
Did not receive anything from fncs.time_request() 26
publish_heartbeat 2017-11-22 04:19:02.612747Z
fncs.time_request( 27 ) request
fncs.time_request() response 27
Did not receive anything from fncs.time_request() 27
publish_heartbeat 2017-11-22 04:19:03.593819Z
fncs.time_request( 28 ) request
fncs.time_request() response 28
Did not receive anything from fncs.time_request() 28
publish_heartbeat 2017-11-22 04:19:04.701285Z
fncs.time_request( 29 ) request
fncs.time_request() response 29
Values recieved from fncs.time_request() 29
it takes 1.42424511909  seconds to process fncs->volttron messages
publish_heartbeat 2017-11-22 04:19:06.125630Z
fncs.time_request( 30 ) request
fncs.time_request() response 30
Values recieved from fncs.time_request() 30
it takes 0.541637897491  seconds to process fncs->volttron messages
publish_heartbeat 2017-11-22 04:19:07.125822Z
fncs.time_request( 31 ) request
fncs.time_request() response 31
Values recieved from fncs.time_request() 31
it takes 0.822485923767  seconds to process fncs->volttron messages
publish_heartbeat 2017-11-22 04:19:08.138992Z
fncs.time_request( 32 ) request
fncs.time_request() response 32
Values recieved from fncs.time_request() 32
it takes 0.937297105789  seconds to process fncs->volttron messages
publish_heartbeat 2017-11-22 04:19:09.126512Z
fncs.time_request( 33 ) request
fncs.time_request() response 33
Did not receive anything from fncs.time_request() 33
publish_heartbeat 2017-11-22 04:19:11.023274Z
fncs.time_request( 34 ) request
fncs.time_request() response 34
Did not receive anything from fncs.time_request() 34
publish_heartbeat 2017-11-22 04:19:11.267145Z
fncs.time_request( 35 ) request
fncs.time_request() response 35
Did not receive anything from fncs.time_request() 35
publish_heartbeat 2017-11-22 04:19:13.112017Z
fncs.time_request( 36 ) request
fncs.time_request() response 36
Did not receive anything from fncs.time_request() 36
publish_heartbeat 2017-11-22 04:19:13.297369Z
fncs.time_request( 37 ) request
fncs.time_request() response 37
Did not receive anything from fncs.time_request() 37
publish_heartbeat 2017-11-22 04:19:15.171000Z
fncs.time_request( 38 ) request
fncs.time_request() response 38
Did not receive anything from fncs.time_request() 38
publish_heartbeat 2017-11-22 04:19:15.423141Z
fncs.time_request( 39 ) request
fncs.time_request() response 39
Did not receive anything from fncs.time_request() 39
publish_heartbeat 2017-11-22 04:19:17.457286Z
fncs.time_request( 40 ) request
fncs.time_request() response 40
Did not receive anything from fncs.time_request() 40
publish_heartbeat 2017-11-22 04:19:17.483228Z
fncs.time_request( 41 ) request
fncs.time_request() response 41
Did not receive anything from fncs.time_request() 41
publish_heartbeat 2017-11-22 04:19:19.504004Z
fncs.time_request( 42 ) request
fncs.time_request() response 42
Did not receive anything from fncs.time_request() 42
publish_heartbeat 2017-11-22 04:19:19.524434Z
fncs.time_request( 43 ) request
fncs.time_request() response 43
Did not receive anything from fncs.time_request() 43
publish_heartbeat 2017-11-22 04:19:21.542678Z
fncs.time_request( 44 ) request
fncs.time_request() response 44
Did not receive anything from fncs.time_request() 44
publish_heartbeat 2017-11-22 04:19:21.714375Z
fncs.time_request( 45 ) request
fncs.time_request() response 45
Did not receive anything from fncs.time_request() 45
publish_heartbeat 2017-11-22 04:19:23.750836Z
fncs.time_request( 46 ) request
fncs.time_request() response 46
Did not receive anything from fncs.time_request() 46
publish_heartbeat 2017-11-22 04:19:23.771929Z
fncs.time_request( 47 ) request
fncs.time_request() response 47
Did not receive anything from fncs.time_request() 47
publish_heartbeat 2017-11-22 04:19:25.807827Z
fncs.time_request( 48 ) request
fncs.time_request() response 48
Did not receive anything from fncs.time_request() 48
publish_heartbeat 2017-11-22 04:19:25.854174Z
fncs.time_request( 49 ) request
fncs.time_request() response 49
Did not receive anything from fncs.time_request() 49
publish_heartbeat 2017-11-22 04:19:27.871594Z
fncs.time_request( 50 ) request
fncs.time_request() response 50
Did not receive anything from fncs.time_request() 50
publish_heartbeat 2017-11-22 04:19:28.006107Z
fncs.time_request( 51 ) request
fncs.time_request() response 51
Did not receive anything from fncs.time_request() 51
publish_heartbeat 2017-11-22 04:19:30.044165Z
fncs.time_request( 52 ) request
fncs.time_request() response 52
Did not receive anything from fncs.time_request() 52
publish_heartbeat 2017-11-22 04:19:30.111701Z
fncs.time_request( 53 ) request
fncs.time_request() response 53
Did not receive anything from fncs.time_request() 53
publish_heartbeat 2017-11-22 04:19:32.144571Z
fncs.time_request( 54 ) request
fncs.time_request() response 54
Values recieved from fncs.time_request() 54
it takes 0.202880859375  seconds to process fncs->volttron messages
publish_heartbeat 2017-11-22 04:19:32.347544Z
fncs.time_request( 55 ) request
fncs.time_request() response 55
Did not receive anything from fncs.time_request() 55
publish_heartbeat 2017-11-22 04:19:34.312584Z
fncs.time_request( 56 ) request
fncs.time_request() response 56
Did not receive anything from fncs.time_request() 56
publish_heartbeat 2017-11-22 04:19:34.463693Z
fncs.time_request( 57 ) request
fncs.time_request() response 57
Did not receive anything from fncs.time_request() 57
publish_heartbeat 2017-11-22 04:19:36.355399Z
fncs.time_request( 58 ) request
fncs.time_request() response 58
Did not receive anything from fncs.time_request() 58
publish_heartbeat 2017-11-22 04:19:36.573476Z
fncs.time_request( 59 ) request
fncs.time_request() response 59
Did not receive anything from fncs.time_request() 59
publish_heartbeat 2017-11-22 04:19:38.600237Z
fncs.time_request( 60 ) request
fncs.time_request() response 60
Did not receive anything from fncs.time_request() 60
publish_heartbeat 2017-11-22 04:19:38.686413Z
fncs.time_request( 61 ) request
fncs.time_request() response 61
Did not receive anything from fncs.time_request() 61
publish_heartbeat 2017-11-22 04:19:40.943437Z
fncs.time_request( 62 ) request
fncs.time_request() response 62
Did not receive anything from fncs.time_request() 62
publish_heartbeat 2017-11-22 04:19:40.995841Z
fncs.time_request( 63 ) request
fncs.time_request() response 63
Did not receive anything from fncs.time_request() 63
publish_heartbeat 2017-11-22 04:19:43.062627Z
fncs.time_request( 64 ) request
fncs.time_request() response 64
Did not receive anything from fncs.time_request() 64
publish_heartbeat 2017-11-22 04:19:43.173957Z
fncs.time_request( 65 ) request
fncs.time_request() response 65
Did not receive anything from fncs.time_request() 65
publish_heartbeat 2017-11-22 04:19:45.194086Z
fncs.time_request( 66 ) request
fncs.time_request() response 66
Did not receive anything from fncs.time_request() 66
publish_heartbeat 2017-11-22 04:19:45.250144Z
fncs.time_request( 67 ) request
fncs.time_request() response 67
Did not receive anything from fncs.time_request() 67
publish_heartbeat 2017-11-22 04:19:47.375871Z
fncs.time_request( 68 ) request
fncs.time_request() response 68
Did not receive anything from fncs.time_request() 68
publish_heartbeat 2017-11-22 04:19:47.443107Z
fncs.time_request( 69 ) request
fncs.time_request() response 69
Did not receive anything from fncs.time_request() 69
publish_heartbeat 2017-11-22 04:19:49.457548Z
fncs.time_request( 70 ) request
fncs.time_request() response 70
Did not receive anything from fncs.time_request() 70
publish_heartbeat 2017-11-22 04:19:49.561995Z
fncs.time_request( 71 ) request
fncs.time_request() response 71
Did not receive anything from fncs.time_request() 71
publish_heartbeat 2017-11-22 04:19:51.587929Z
fncs.time_request( 72 ) request
fncs.time_request() response 72
Did not receive anything from fncs.time_request() 72
publish_heartbeat 2017-11-22 04:19:51.643057Z
fncs.time_request( 73 ) request
fncs.time_request() response 73
Did not receive anything from fncs.time_request() 73
publish_heartbeat 2017-11-22 04:19:53.797349Z
fncs.time_request( 74 ) request
fncs.time_request() response 74
Values recieved from fncs.time_request() 74
it takes 0.723863124847  seconds to process fncs->volttron messages
publish_heartbeat 2017-11-22 04:19:54.521344Z
fncs.time_request( 75 ) request
fncs.time_request() response 75
Did not receive anything from fncs.time_request() 75
publish_heartbeat 2017-11-22 04:19:56.948700Z
fncs.time_request( 76 ) request
fncs.time_request() response 76
Values recieved from fncs.time_request() 76
it takes 0.175895929337  seconds to process fncs->volttron messages
publish_heartbeat 2017-11-22 04:19:57.124674Z
fncs.time_request( 77 ) request
fncs.time_request() response 77
Did not receive anything from fncs.time_request() 77
publish_heartbeat 2017-11-22 04:19:59.181109Z
fncs.time_request( 78 ) request
fncs.time_request() response 78
Did not receive anything from fncs.time_request() 78
publish_heartbeat 2017-11-22 04:19:59.220761Z
fncs.time_request( 79 ) request
fncs.time_request() response 79
Did not receive anything from fncs.time_request() 79
publish_heartbeat 2017-11-22 04:20:01.282141Z
fncs.time_request( 80 ) request
fncs.time_request() response 80
Did not receive anything from fncs.time_request() 80
publish_heartbeat 2017-11-22 04:20:01.351005Z
fncs.time_request( 81 ) request
fncs.time_request() response 81
Did not receive anything from fncs.time_request() 81
publish_heartbeat 2017-11-22 04:20:03.394619Z
fncs.time_request( 82 ) request
fncs.time_request() response 82
Values recieved from fncs.time_request() 82
it takes 0.406575202942  seconds to process fncs->volttron messages
publish_heartbeat 2017-11-22 04:20:03.801301Z
fncs.time_request( 83 ) request
fncs.time_request() response 83
Values recieved from fncs.time_request() 83
it takes 2.56386494637  seconds to process fncs->volttron messages
publish_heartbeat 2017-11-22 04:20:06.365239Z
fncs.time_request( 84 ) request
fncs.time_request() response 84
Did not receive anything from fncs.time_request() 84
publish_heartbeat 2017-11-22 04:20:08.223107Z
fncs.time_request( 85 ) request
fncs.time_request() response 85
Did not receive anything from fncs.time_request() 85
publish_heartbeat 2017-11-22 04:20:08.382597Z
fncs.time_request( 86 ) request
fncs.time_request() response 86
Did not receive anything from fncs.time_request() 86
publish_heartbeat 2017-11-22 04:20:10.280576Z
fncs.time_request( 87 ) request
fncs.time_request() response 87
Did not receive anything from fncs.time_request() 87
publish_heartbeat 2017-11-22 04:20:10.433041Z
fncs.time_request( 88 ) request
fncs.time_request() response 88
Did not receive anything from fncs.time_request() 88
publish_heartbeat 2017-11-22 04:20:12.279986Z
fncs.time_request( 89 ) request
fncs.time_request() response 89
Values recieved from fncs.time_request() 89
it takes 0.574088096619  seconds to process fncs->volttron messages
publish_heartbeat 2017-11-22 04:20:12.854164Z
fncs.time_request( 90 ) request
fncs.time_request() response 90
Values recieved from fncs.time_request() 90
it takes 1.58692598343  seconds to process fncs->volttron messages
publish_heartbeat 2017-11-22 04:20:14.441190Z
fncs.time_request( 91 ) request
fncs.time_request() response 91
Did not receive anything from fncs.time_request() 91
publish_heartbeat 2017-11-22 04:20:16.827154Z
fncs.time_request( 92 ) request
fncs.time_request() response 92
Did not receive anything from fncs.time_request() 92
publish_heartbeat 2017-11-22 04:20:16.847769Z
fncs.time_request( 93 ) request
fncs.time_request() response 93
Values recieved from fncs.time_request() 93
it takes 1.8332118988  seconds to process fncs->volttron messages
publish_heartbeat 2017-11-22 04:20:18.681061Z
fncs.time_request( 94 ) request
fncs.time_request() response 94
Did not receive anything from fncs.time_request() 94
publish_heartbeat 2017-11-22 04:20:21.054240Z
fncs.time_request( 95 ) request
fncs.time_request() response 95
Did not receive anything from fncs.time_request() 95
publish_heartbeat 2017-11-22 04:20:21.074707Z
fncs.time_request( 96 ) request
fncs.time_request() response 96
Did not receive anything from fncs.time_request() 96
publish_heartbeat 2017-11-22 04:20:23.127897Z
fncs.time_request( 97 ) request
fncs.time_request() response 97
Values recieved from fncs.time_request() 97
it takes 0.377816915512  seconds to process fncs->volttron messages
publish_heartbeat 2017-11-22 04:20:23.505834Z
fncs.time_request( 98 ) request
fncs.time_request() response 98
Did not receive anything from fncs.time_request() 98
publish_heartbeat 2017-11-22 04:20:26.373481Z
fncs.time_request( 99 ) request
fncs.time_request() response 99
Did not receive anything from fncs.time_request() 99
publish_heartbeat 2017-11-22 04:20:26.473771Z
fncs.time_request( 100 ) request
fncs.time_request() response 100
Values recieved from fncs.time_request() 100
it takes 1.67695188522  seconds to process fncs->volttron messages
publish_heartbeat 2017-11-22 04:20:28.150855Z
fncs.time_request( 101 ) request
fncs.time_request() response 101
Did not receive anything from fncs.time_request() 101
publish_heartbeat 2017-11-22 04:20:30.971336Z
fncs.time_request( 102 ) request
fncs.time_request() response 102
Values recieved from fncs.time_request() 102
it takes 0.217424869537  seconds to process fncs->volttron messages
publish_heartbeat 2017-11-22 04:20:31.188906Z
fncs.time_request( 103 ) request
fncs.time_request() response 103
Values recieved from fncs.time_request() 103
it takes 2.29863595963  seconds to process fncs->volttron messages
publish_heartbeat 2017-11-22 04:20:33.487663Z
fncs.time_request( 104 ) request
fncs.time_request() response 104
Values recieved from fncs.time_request() 104
it takes 1.97812390327  seconds to process fncs->volttron messages
publish_heartbeat 2017-11-22 04:20:35.465855Z
fncs.time_request( 105 ) request
fncs.time_request() response 105
Did not receive anything from fncs.time_request() 105
publish_heartbeat 2017-11-22 04:20:37.458412Z
fncs.time_request( 106 ) request
fncs.time_request() response 106
Did not receive anything from fncs.time_request() 106
publish_heartbeat 2017-11-22 04:20:37.573852Z
fncs.time_request( 107 ) request
fncs.time_request() response 107
Did not receive anything from fncs.time_request() 107
publish_heartbeat 2017-11-22 04:20:39.515175Z
fncs.time_request( 108 ) request
fncs.time_request() response 108
Did not receive anything from fncs.time_request() 108
publish_heartbeat 2017-11-22 04:20:39.678062Z
fncs.time_request( 109 ) request
fncs.time_request() response 109
Values recieved from fncs.time_request() 109
it takes 1.58733701706  seconds to process fncs->volttron messages
publish_heartbeat 2017-11-22 04:20:41.265536Z
fncs.time_request( 110 ) request
fncs.time_request() response 110
Values recieved from fncs.time_request() 110
it takes 2.57580780983  seconds to process fncs->volttron messages
publish_heartbeat 2017-11-22 04:20:43.841417Z
fncs.time_request( 111 ) request
fncs.time_request() response 111
Values recieved from fncs.time_request() 111
it takes 1.93226003647  seconds to process fncs->volttron messages
publish_heartbeat 2017-11-22 04:20:45.773731Z
fncs.time_request( 112 ) request
fncs.time_request() response 112
Values recieved from fncs.time_request() 112
it takes 1.2737660408  seconds to process fncs->volttron messages
publish_heartbeat 2017-11-22 04:20:47.047552Z
fncs.time_request( 113 ) request
fncs.time_request() response 113
Did not receive anything from fncs.time_request() 113
publish_heartbeat 2017-11-22 04:20:48.696505Z
fncs.time_request( 114 ) request
fncs.time_request() response 114
Did not receive anything from fncs.time_request() 114
publish_heartbeat 2017-11-22 04:20:49.063314Z
fncs.time_request( 115 ) request
fncs.time_request() response 115
Did not receive anything from fncs.time_request() 115
publish_heartbeat 2017-11-22 04:20:50.713632Z
fncs.time_request( 116 ) request
fncs.time_request() response 116
Values recieved from fncs.time_request() 116
it takes 0.625068902969  seconds to process fncs->volttron messages
publish_heartbeat 2017-11-22 04:20:51.338809Z
fncs.time_request( 117 ) request
fncs.time_request() response 117
Did not receive anything from fncs.time_request() 117
publish_heartbeat 2017-11-22 04:20:53.077814Z
fncs.time_request( 118 ) request
fncs.time_request() response 118
Did not receive anything from fncs.time_request() 118
publish_heartbeat 2017-11-22 04:20:53.373455Z
fncs.time_request( 119 ) request
fncs.time_request() response 119
Did not receive anything from fncs.time_request() 119
publish_heartbeat 2017-11-22 04:20:55.112882Z
fncs.time_request( 120 ) request
fncs.time_request() response 120
Did not receive anything from fncs.time_request() 120
publish_heartbeat 2017-11-22 04:20:55.392028Z
fncs.time_request( 121 ) request
fncs.time_request() response 121
Did not receive anything from fncs.time_request() 121
publish_heartbeat 2017-11-22 04:20:57.151955Z
fncs.time_request( 122 ) request
fncs.time_request() response 122
Did not receive anything from fncs.time_request() 122
publish_heartbeat 2017-11-22 04:20:57.505800Z
fncs.time_request( 123 ) request
fncs.time_request() response 123
Did not receive anything from fncs.time_request() 123
publish_heartbeat 2017-11-22 04:20:59.222442Z
fncs.time_request( 124 ) request
fncs.time_request() response 124
Did not receive anything from fncs.time_request() 124
publish_heartbeat 2017-11-22 04:20:59.482664Z
fncs.time_request( 125 ) request
fncs.time_request() response 125
Values recieved from fncs.time_request() 125
it takes 2.6735458374  seconds to process fncs->volttron messages
publish_heartbeat 2017-11-22 04:21:02.156590Z
fncs.time_request( 126 ) request
fncs.time_request() response 126
Values recieved from fncs.time_request() 126
it takes 1.69430398941  seconds to process fncs->volttron messages
publish_heartbeat 2017-11-22 04:21:03.850999Z
fncs.time_request( 127 ) request
fncs.time_request() response 127
Did not receive anything from fncs.time_request() 127
publish_heartbeat 2017-11-22 04:21:05.825135Z
fncs.time_request( 128 ) request
fncs.time_request() response 128
Did not receive anything from fncs.time_request() 128
publish_heartbeat 2017-11-22 04:21:05.968687Z
fncs.time_request( 129 ) request
fncs.time_request() response 129
Did not receive anything from fncs.time_request() 129
publish_heartbeat 2017-11-22 04:21:07.853761Z
fncs.time_request( 130 ) request
fncs.time_request() response 130
Values recieved from fncs.time_request() 130
it takes 2.08019304276  seconds to process fncs->volttron messages
publish_heartbeat 2017-11-22 04:21:09.934037Z
fncs.time_request( 131 ) request
fncs.time_request() response 131
Did not receive anything from fncs.time_request() 131
publish_heartbeat 2017-11-22 04:21:12.462262Z
fncs.time_request( 132 ) request
fncs.time_request() response 132
Did not receive anything from fncs.time_request() 132
publish_heartbeat 2017-11-22 04:21:12.495629Z
fncs.time_request( 133 ) request
fncs.time_request() response 133
Did not receive anything from fncs.time_request() 133
publish_heartbeat 2017-11-22 04:21:14.536738Z
fncs.time_request( 134 ) request
fncs.time_request() response 134
Did not receive anything from fncs.time_request() 134
publish_heartbeat 2017-11-22 04:21:14.611896Z
fncs.time_request( 135 ) request
fncs.time_request() response 135
Did not receive anything from fncs.time_request() 135
publish_heartbeat 2017-11-22 04:21:16.839801Z
fncs.time_request( 136 ) request
fncs.time_request() response 136
Did not receive anything from fncs.time_request() 136
publish_heartbeat 2017-11-22 04:21:16.897811Z
fncs.time_request( 137 ) request
fncs.time_request() response 137
Values recieved from fncs.time_request() 137
it takes 3.49324798584  seconds to process fncs->volttron messages
publish_heartbeat 2017-11-22 04:21:20.391135Z
fncs.time_request( 138 ) request
fncs.time_request() response 138
Did not receive anything from fncs.time_request() 138
publish_heartbeat 2017-11-22 04:21:22.290566Z
fncs.time_request( 139 ) request
fncs.time_request() response 139
Did not receive anything from fncs.time_request() 139
publish_heartbeat 2017-11-22 04:21:22.432243Z
fncs.time_request( 140 ) request
fncs.time_request() response 140
Did not receive anything from fncs.time_request() 140
publish_heartbeat 2017-11-22 04:21:24.350752Z
fncs.time_request( 141 ) request
fncs.time_request() response 141
Did not receive anything from fncs.time_request() 141
publish_heartbeat 2017-11-22 04:21:24.447111Z
fncs.time_request( 142 ) request
fncs.time_request() response 142
Did not receive anything from fncs.time_request() 142
publish_heartbeat 2017-11-22 04:21:26.372089Z
fncs.time_request( 143 ) request
fncs.time_request() response 143
Did not receive anything from fncs.time_request() 143
publish_heartbeat 2017-11-22 04:21:26.565269Z
fncs.time_request( 144 ) request
fncs.time_request() response 144
Values recieved from fncs.time_request() 144
it takes 2.64159202576  seconds to process fncs->volttron messages
publish_heartbeat 2017-11-22 04:21:29.206944Z
fncs.time_request( 145 ) request
fncs.time_request() response 145
Did not receive anything from fncs.time_request() 145
publish_heartbeat 2017-11-22 04:21:31.136067Z
fncs.time_request( 146 ) request
fncs.time_request() response 146
Values recieved from fncs.time_request() 146
it takes 1.48551106453  seconds to process fncs->volttron messages
publish_heartbeat 2017-11-22 04:21:32.621658Z
fncs.time_request( 147 ) request
fncs.time_request() response 147
Values recieved from fncs.time_request() 147
it takes 1.53895401955  seconds to process fncs->volttron messages
publish_heartbeat 2017-11-22 04:21:34.160674Z
fncs.time_request( 148 ) request
fncs.time_request() response 148
Did not receive anything from fncs.time_request() 148
publish_heartbeat 2017-11-22 04:21:35.649716Z
fncs.time_request( 149 ) request
fncs.time_request() response 149
Did not receive anything from fncs.time_request() 149
publish_heartbeat 2017-11-22 04:21:36.199355Z
fncs.time_request( 150 ) request
fncs.time_request() response 150
Did not receive anything from fncs.time_request() 150
publish_heartbeat 2017-11-22 04:21:37.657907Z
fncs.time_request( 151 ) request
fncs.time_request() response 151
Did not receive anything from fncs.time_request() 151
publish_heartbeat 2017-11-22 04:21:38.223438Z
fncs.time_request( 152 ) request
fncs.time_request() response 152
Did not receive anything from fncs.time_request() 152
publish_heartbeat 2017-11-22 04:21:39.680925Z
fncs.time_request( 153 ) request
fncs.time_request() response 153
Did not receive anything from fncs.time_request() 153
publish_heartbeat 2017-11-22 04:21:40.276084Z
fncs.time_request( 154 ) request
fncs.time_request() response 154
Values recieved from fncs.time_request() 154
it takes 1.62469792366  seconds to process fncs->volttron messages
publish_heartbeat 2017-11-22 04:21:41.900857Z
fncs.time_request( 155 ) request
fncs.time_request() response 155
Did not receive anything from fncs.time_request() 155
publish_heartbeat 2017-11-22 04:21:43.448158Z
fncs.time_request( 156 ) request
fncs.time_request() response 156
Did not receive anything from fncs.time_request() 156
publish_heartbeat 2017-11-22 04:21:43.934333Z
fncs.time_request( 157 ) request
fncs.time_request() response 157
Values recieved from fncs.time_request() 157
it takes 3.46230196953  seconds to process fncs->volttron messages
publish_heartbeat 2017-11-22 04:21:47.396784Z
fncs.time_request( 158 ) request
fncs.time_request() response 158
Did not receive anything from fncs.time_request() 158
publish_heartbeat 2017-11-22 04:21:48.876047Z
fncs.time_request( 159 ) request
fncs.time_request() response 159
Did not receive anything from fncs.time_request() 159
publish_heartbeat 2017-11-22 04:21:49.450022Z
fncs.time_request( 160 ) request
fncs.time_request() response 160
Did not receive anything from fncs.time_request() 160
publish_heartbeat 2017-11-22 04:21:50.935476Z
fncs.time_request( 161 ) request
fncs.time_request() response 161
Did not receive anything from fncs.time_request() 161
publish_heartbeat 2017-11-22 04:21:51.682732Z
fncs.time_request( 162 ) request
fncs.time_request() response 162
Did not receive anything from fncs.time_request() 162
publish_heartbeat 2017-11-22 04:21:52.955799Z
fncs.time_request( 163 ) request
fncs.time_request() response 163
Values recieved from fncs.time_request() 163
it takes 2.42571210861  seconds to process fncs->volttron messages
publish_heartbeat 2017-11-22 04:21:55.381650Z
fncs.time_request( 164 ) request
fncs.time_request() response 164
Values recieved from fncs.time_request() 164
it takes 2.07140398026  seconds to process fncs->volttron messages
publish_heartbeat 2017-11-22 04:21:57.453116Z
fncs.time_request( 165 ) request
fncs.time_request() response 165
Did not receive anything from fncs.time_request() 165
publish_heartbeat 2017-11-22 04:21:58.935634Z
fncs.time_request( 166 ) request
fncs.time_request() response 166
Did not receive anything from fncs.time_request() 166
publish_heartbeat 2017-11-22 04:21:59.613133Z
fncs.time_request( 167 ) request
fncs.time_request() response 167
Did not receive anything from fncs.time_request() 167
publish_heartbeat 2017-11-22 04:22:00.926551Z
fncs.time_request( 168 ) request
fncs.time_request() response 168
Did not receive anything from fncs.time_request() 168
publish_heartbeat 2017-11-22 04:22:01.683247Z
fncs.time_request( 169 ) request
fncs.time_request() response 169
Did not receive anything from fncs.time_request() 169
publish_heartbeat 2017-11-22 04:22:03.016291Z
fncs.time_request( 170 ) request
fncs.time_request() response 170
Did not receive anything from fncs.time_request() 170
publish_heartbeat 2017-11-22 04:22:03.694180Z
fncs.time_request( 171 ) request
fncs.time_request() response 171
Did not receive anything from fncs.time_request() 171
publish_heartbeat 2017-11-22 04:22:05.044338Z
fncs.time_request( 172 ) request
fncs.time_request() response 172
Did not receive anything from fncs.time_request() 172
publish_heartbeat 2017-11-22 04:22:05.738684Z
fncs.time_request( 173 ) request
fncs.time_request() response 173
Did not receive anything from fncs.time_request() 173
publish_heartbeat 2017-11-22 04:22:07.075664Z
fncs.time_request( 174 ) request
fncs.time_request() response 174
Values recieved from fncs.time_request() 174
it takes 3.23523187637  seconds to process fncs->volttron messages
publish_heartbeat 2017-11-22 04:22:10.311173Z
fncs.time_request( 175 ) request
fncs.time_request() response 175
Did not receive anything from fncs.time_request() 175
publish_heartbeat 2017-11-22 04:22:12.067974Z
fncs.time_request( 176 ) request
fncs.time_request() response 176
Did not receive anything from fncs.time_request() 176
publish_heartbeat 2017-11-22 04:22:12.385652Z
fncs.time_request( 177 ) request
fncs.time_request() response 177
Did not receive anything from fncs.time_request() 177
publish_heartbeat 2017-11-22 04:22:14.135929Z
fncs.time_request( 178 ) request
fncs.time_request() response 178
Did not receive anything from fncs.time_request() 178
publish_heartbeat 2017-11-22 04:22:14.407903Z
fncs.time_request( 179 ) request
fncs.time_request() response 179
Did not receive anything from fncs.time_request() 179
publish_heartbeat 2017-11-22 04:22:16.185367Z
fncs.time_request( 180 ) request
fncs.time_request() response 180
Did not receive anything from fncs.time_request() 180
publish_heartbeat 2017-11-22 04:22:16.445371Z
fncs.time_request( 181 ) request
fncs.time_request() response 181
Did not receive anything from fncs.time_request() 181
publish_heartbeat 2017-11-22 04:22:18.241549Z
fncs.time_request( 182 ) request
fncs.time_request() response 182
Did not receive anything from fncs.time_request() 182
publish_heartbeat 2017-11-22 04:22:18.615994Z
fncs.time_request( 183 ) request
fncs.time_request() response 183
Did not receive anything from fncs.time_request() 183
publish_heartbeat 2017-11-22 04:22:20.268630Z
fncs.time_request( 184 ) request
fncs.time_request() response 184
Did not receive anything from fncs.time_request() 184
publish_heartbeat 2017-11-22 04:22:20.693034Z
fncs.time_request( 185 ) request
fncs.time_request() response 185
Did not receive anything from fncs.time_request() 185
publish_heartbeat 2017-11-22 04:22:22.268202Z
fncs.time_request( 186 ) request
fncs.time_request() response 186
Did not receive anything from fncs.time_request() 186
publish_heartbeat 2017-11-22 04:22:22.778836Z
fncs.time_request( 187 ) request
fncs.time_request() response 187
Did not receive anything from fncs.time_request() 187
publish_heartbeat 2017-11-22 04:22:24.309192Z
fncs.time_request( 188 ) request
fncs.time_request() response 188
Did not receive anything from fncs.time_request() 188
publish_heartbeat 2017-11-22 04:22:24.834310Z
fncs.time_request( 189 ) request
fncs.time_request() response 189
Did not receive anything from fncs.time_request() 189
publish_heartbeat 2017-11-22 04:22:26.400952Z
fncs.time_request( 190 ) request
fncs.time_request() response 190
Values recieved from fncs.time_request() 190
it takes 2.02695393562  seconds to process fncs->volttron messages
publish_heartbeat 2017-11-22 04:22:28.427977Z
fncs.time_request( 191 ) request
fncs.time_request() response 191
Did not receive anything from fncs.time_request() 191
publish_heartbeat 2017-11-22 04:22:30.771695Z
fncs.time_request( 192 ) request
fncs.time_request() response 192
Did not receive anything from fncs.time_request() 192
publish_heartbeat 2017-11-22 04:22:30.787872Z
fncs.time_request( 193 ) request
fncs.time_request() response 193
Did not receive anything from fncs.time_request() 193
publish_heartbeat 2017-11-22 04:22:32.855696Z
fncs.time_request( 194 ) request
fncs.time_request() response 194
Did not receive anything from fncs.time_request() 194
publish_heartbeat 2017-11-22 04:22:32.931856Z
fncs.time_request( 195 ) request
fncs.time_request() response 195
Values recieved from fncs.time_request() 195
it takes 1.18298602104  seconds to process fncs->volttron messages
publish_heartbeat 2017-11-22 04:22:34.115495Z
fncs.time_request( 196 ) request
fncs.time_request() response 196
Did not receive anything from fncs.time_request() 196
publish_heartbeat 2017-11-22 04:22:36.032298Z
fncs.time_request( 197 ) request
fncs.time_request() response 197
Did not receive anything from fncs.time_request() 197
publish_heartbeat 2017-11-22 04:22:36.178062Z
fncs.time_request( 198 ) request
fncs.time_request() response 198
Did not receive anything from fncs.time_request() 198
publish_heartbeat 2017-11-22 04:22:38.044348Z
fncs.time_request( 199 ) request
fncs.time_request() response 199
Did not receive anything from fncs.time_request() 199
publish_heartbeat 2017-11-22 04:22:38.252947Z
fncs.time_request( 200 ) request
fncs.time_request() response 200
Values recieved from fncs.time_request() 200
it takes 2.964594841  seconds to process fncs->volttron messages
publish_heartbeat 2017-11-22 04:22:41.217630Z
fncs.time_request( 201 ) request
fncs.time_request() response 201
Did not receive anything from fncs.time_request() 201
publish_heartbeat 2017-11-22 04:22:43.074983Z
fncs.time_request( 202 ) request
fncs.time_request() response 202
Did not receive anything from fncs.time_request() 202
publish_heartbeat 2017-11-22 04:22:43.257389Z
fncs.time_request( 203 ) request
fncs.time_request() response 203
Did not receive anything from fncs.time_request() 203
publish_heartbeat 2017-11-22 04:22:45.087531Z
fncs.time_request( 204 ) request
fncs.time_request() response 204
Did not receive anything from fncs.time_request() 204
publish_heartbeat 2017-11-22 04:22:45.363240Z
fncs.time_request( 205 ) request
fncs.time_request() response 205
Did not receive anything from fncs.time_request() 205
publish_heartbeat 2017-11-22 04:22:47.225444Z
fncs.time_request( 206 ) request
fncs.time_request() response 206
Did not receive anything from fncs.time_request() 206
publish_heartbeat 2017-11-22 04:22:47.430430Z
fncs.time_request( 207 ) request
fncs.time_request() response 207
Did not receive anything from fncs.time_request() 207
publish_heartbeat 2017-11-22 04:22:49.500868Z
fncs.time_request( 208 ) request
fncs.time_request() response 208
Did not receive anything from fncs.time_request() 208
publish_heartbeat 2017-11-22 04:22:49.580369Z
fncs.time_request( 209 ) request
fncs.time_request() response 209
Did not receive anything from fncs.time_request() 209
publish_heartbeat 2017-11-22 04:22:51.581088Z
fncs.time_request( 210 ) request
fncs.time_request() response 210
Did not receive anything from fncs.time_request() 210
publish_heartbeat 2017-11-22 04:22:51.612353Z
fncs.time_request( 211 ) request
fncs.time_request() response 211
Did not receive anything from fncs.time_request() 211
publish_heartbeat 2017-11-22 04:22:53.735222Z
fncs.time_request( 212 ) request
fncs.time_request() response 212
Did not receive anything from fncs.time_request() 212
publish_heartbeat 2017-11-22 04:22:53.889876Z
fncs.time_request( 213 ) request
fncs.time_request() response 213
Did not receive anything from fncs.time_request() 213
publish_heartbeat 2017-11-22 04:22:55.971774Z
fncs.time_request( 214 ) request
fncs.time_request() response 214
Did not receive anything from fncs.time_request() 214
publish_heartbeat 2017-11-22 04:22:56.000640Z
fncs.time_request( 215 ) request
fncs.time_request() response 215
Did not receive anything from fncs.time_request() 215
publish_heartbeat 2017-11-22 04:22:58.041572Z
fncs.time_request( 216 ) request
fncs.time_request() response 216
Values recieved from fncs.time_request() 216
it takes 2.10012316704  seconds to process fncs->volttron messages
publish_heartbeat 2017-11-22 04:23:00.141759Z
fncs.time_request( 217 ) request
fncs.time_request() response 217
Did not receive anything from fncs.time_request() 217
publish_heartbeat 2017-11-22 04:23:02.078880Z
fncs.time_request( 218 ) request
fncs.time_request() response 218
Did not receive anything from fncs.time_request() 218
publish_heartbeat 2017-11-22 04:23:02.194812Z
fncs.time_request( 219 ) request
fncs.time_request() response 219
Did not receive anything from fncs.time_request() 219
publish_heartbeat 2017-11-22 04:23:04.189886Z
fncs.time_request( 220 ) request
fncs.time_request() response 220
Did not receive anything from fncs.time_request() 220
publish_heartbeat 2017-11-22 04:23:04.270197Z
fncs.time_request( 221 ) request
fncs.time_request() response 221
Did not receive anything from fncs.time_request() 221
publish_heartbeat 2017-11-22 04:23:06.336915Z
fncs.time_request( 222 ) request
fncs.time_request() response 222
Did not receive anything from fncs.time_request() 222
publish_heartbeat 2017-11-22 04:23:06.349977Z
fncs.time_request( 223 ) request
fncs.time_request() response 223
Values recieved from fncs.time_request() 223
it takes 2.2111158371  seconds to process fncs->volttron messages
publish_heartbeat 2017-11-22 04:23:08.561140Z
fncs.time_request( 224 ) request
fncs.time_request() response 224
Did not receive anything from fncs.time_request() 224
publish_heartbeat 2017-11-22 04:23:10.707024Z
fncs.time_request( 225 ) request
fncs.time_request() response 225
Did not receive anything from fncs.time_request() 225
publish_heartbeat 2017-11-22 04:23:10.727717Z
fncs.time_request( 226 ) request
fncs.time_request() response 226
Did not receive anything from fncs.time_request() 226
publish_heartbeat 2017-11-22 04:23:12.748532Z
fncs.time_request( 227 ) request
fncs.time_request() response 227
Did not receive anything from fncs.time_request() 227
publish_heartbeat 2017-11-22 04:23:12.785125Z
fncs.time_request( 228 ) request
fncs.time_request() response 228
Values recieved from fncs.time_request() 228
it takes 3.85015797615  seconds to process fncs->volttron messages
publish_heartbeat 2017-11-22 04:23:16.635327Z
fncs.time_request( 229 ) request
fncs.time_request() response 229
Did not receive anything from fncs.time_request() 229
publish_heartbeat 2017-11-22 04:23:19.503692Z
fncs.time_request( 230 ) request
fncs.time_request() response 230
Values recieved from fncs.time_request() 230
it takes 0.0988640785217  seconds to process fncs->volttron messages
publish_heartbeat 2017-11-22 04:23:19.602612Z
fncs.time_request( 231 ) request
fncs.time_request() response 231
Did not receive anything from fncs.time_request() 231
publish_heartbeat 2017-11-22 04:23:21.603149Z
fncs.time_request( 232 ) request
fncs.time_request() response 232
Did not receive anything from fncs.time_request() 232
publish_heartbeat 2017-11-22 04:23:21.609218Z
fncs.time_request( 233 ) request
fncs.time_request() response 233
Did not receive anything from fncs.time_request() 233
publish_heartbeat 2017-11-22 04:23:23.844443Z
fncs.time_request( 234 ) request
fncs.time_request() response 234
Values recieved from fncs.time_request() 234
it takes 2.75758504868  seconds to process fncs->volttron messages
publish_heartbeat 2017-11-22 04:23:26.602140Z
fncs.time_request( 235 ) request
fncs.time_request() response 235
Values recieved from fncs.time_request() 235
it takes 3.13301801682  seconds to process fncs->volttron messages
publish_heartbeat 2017-11-22 04:23:29.735287Z
fncs.time_request( 236 ) request
fncs.time_request() response 236
Did not receive anything from fncs.time_request() 236
publish_heartbeat 2017-11-22 04:23:31.825628Z
fncs.time_request( 237 ) request
fncs.time_request() response 237
Did not receive anything from fncs.time_request() 237
publish_heartbeat 2017-11-22 04:23:31.892371Z
fncs.time_request( 238 ) request
fncs.time_request() response 238
Did not receive anything from fncs.time_request() 238
publish_heartbeat 2017-11-22 04:23:33.961313Z
fncs.time_request( 239 ) request
fncs.time_request() response 239
Did not receive anything from fncs.time_request() 239
publish_heartbeat 2017-11-22 04:23:33.996796Z
fncs.time_request( 240 ) request
fncs.time_request() response 240
Did not receive anything from fncs.time_request() 240
publish_heartbeat 2017-11-22 04:23:36.009042Z
fncs.time_request( 241 ) request
fncs.time_request() response 241
Did not receive anything from fncs.time_request() 241
publish_heartbeat 2017-11-22 04:23:36.053620Z
fncs.time_request( 242 ) request
fncs.time_request() response 242
Did not receive anything from fncs.time_request() 242
publish_heartbeat 2017-11-22 04:23:38.116295Z
fncs.time_request( 243 ) request
fncs.time_request() response 243
Did not receive anything from fncs.time_request() 243
publish_heartbeat 2017-11-22 04:23:38.196363Z
fncs.time_request( 244 ) request
fncs.time_request() response 244
Values recieved from fncs.time_request() 244
it takes 3.6071138382  seconds to process fncs->volttron messages
publish_heartbeat 2017-11-22 04:23:41.803633Z
fncs.time_request( 245 ) request
ERROR: unrecognized message type
