2017-11-21 20:18:13,267 volttron.platform.vip.agent.core DEBUG: address: tcp://127.0.0.1:22916?serverkey=XDMM3_KrXqSaaPXEM3vL7rumk4nd-A30dcksjfFWNyM&publickey=cDc4_Lli13dt-__ju-vpgAeOEbbRPaOVzQoeQ5KHjUk&secretkey=k19_VwSSfbFUzm4Op3DGBlOH6Vd7rMJWy4iQo_t-wuw
2017-11-21 20:18:13,267 volttron.platform.vip.agent.core DEBUG: identity: FNCS_Volttron_Bridge8
2017-11-21 20:18:13,267 volttron.platform.vip.agent.core DEBUG: agent_uuid: None
2017-11-21 20:18:13,267 volttron.platform.vip.agent.core DEBUG: serverkey: None
2017-11-21 20:18:13,859 volttron.platform.vip.agent.core INFO: Connected to platform: router: 783ba6c5-7811-4df4-bf1d-888a0732edee version: 1.0 identity: FNCS_Volttron_Bridge8
2017-11-21 20:18:13,859 volttron.platform.vip.agent.core DEBUG: Running onstart methods.
2017-11-21 20:18:23,279 volttron.platform.vip.agent.subsystems.configstore DEBUG: Processing callbacks for affected files: {}
publish_heartbeat 2017-11-22 04:18:20.049955Z
fncs.time_request( 1 ) request
fncs.time_request() response 1
Values recieved from fncs.time_request() 1
it takes 17.0558850765  seconds to process fncs->volttron messages
1
publish_heartbeat 2017-11-22 04:18:37.105970Z
fncs.time_request( 2 ) request
fncs.time_request() response 2
Did not receive anything from fncs.time_request() 2
publish_heartbeat 2017-11-22 04:18:38.207191Z
fncs.time_request( 3 ) request
fncs.time_request() response 3
Did not receive anything from fncs.time_request() 3
publish_heartbeat 2017-11-22 04:18:39.116618Z
fncs.time_request( 4 ) request
fncs.time_request() response 4
Did not receive anything from fncs.time_request() 4
publish_heartbeat 2017-11-22 04:18:40.220625Z
fncs.time_request( 5 ) request
fncs.time_request() response 5
Did not receive anything from fncs.time_request() 5
publish_heartbeat 2017-11-22 04:18:41.127457Z
fncs.time_request( 6 ) request
fncs.time_request() response 6
Did not receive anything from fncs.time_request() 6
publish_heartbeat 2017-11-22 04:18:42.223174Z
fncs.time_request( 7 ) request
fncs.time_request() response 7
Did not receive anything from fncs.time_request() 7
publish_heartbeat 2017-11-22 04:18:43.152499Z
fncs.time_request( 8 ) request
fncs.time_request() response 8
Did not receive anything from fncs.time_request() 8
publish_heartbeat 2017-11-22 04:18:44.231068Z
fncs.time_request( 9 ) request
fncs.time_request() response 9
Values recieved from fncs.time_request() 9
it takes 0.085736989975  seconds to process fncs->volttron messages
publish_heartbeat 2017-11-22 04:18:45.107481Z
fncs.time_request( 10 ) request
fncs.time_request() response 10
Did not receive anything from fncs.time_request() 10
publish_heartbeat 2017-11-22 04:18:46.291262Z
fncs.time_request( 11 ) request
fncs.time_request() response 11
Values recieved from fncs.time_request() 11
it takes 0.0352520942688  seconds to process fncs->volttron messages
publish_heartbeat 2017-11-22 04:18:47.107597Z
fncs.time_request( 12 ) request
fncs.time_request() response 12
Did not receive anything from fncs.time_request() 12
publish_heartbeat 2017-11-22 04:18:48.315384Z
fncs.time_request( 13 ) request
fncs.time_request() response 13
Did not receive anything from fncs.time_request() 13
publish_heartbeat 2017-11-22 04:18:49.129013Z
fncs.time_request( 14 ) request
fncs.time_request() response 14
Did not receive anything from fncs.time_request() 14
publish_heartbeat 2017-11-22 04:18:50.417151Z
fncs.time_request( 15 ) request
fncs.time_request() response 15
Did not receive anything from fncs.time_request() 15
publish_heartbeat 2017-11-22 04:18:51.169017Z
fncs.time_request( 16 ) request
fncs.time_request() response 16
Did not receive anything from fncs.time_request() 16
publish_heartbeat 2017-11-22 04:18:52.497699Z
fncs.time_request( 17 ) request
fncs.time_request() response 17
Did not receive anything from fncs.time_request() 17
publish_heartbeat 2017-11-22 04:18:53.243057Z
fncs.time_request( 18 ) request
fncs.time_request() response 18
Did not receive anything from fncs.time_request() 18
publish_heartbeat 2017-11-22 04:18:54.516348Z
fncs.time_request( 19 ) request
fncs.time_request() response 19
Did not receive anything from fncs.time_request() 19
publish_heartbeat 2017-11-22 04:18:55.286106Z
fncs.time_request( 20 ) request
fncs.time_request() response 20
Did not receive anything from fncs.time_request() 20
publish_heartbeat 2017-11-22 04:18:56.561740Z
fncs.time_request( 21 ) request
fncs.time_request() response 21
Values recieved from fncs.time_request() 21
it takes 0.247230052948  seconds to process fncs->volttron messages
publish_heartbeat 2017-11-22 04:18:57.106497Z
fncs.time_request( 22 ) request
fncs.time_request() response 22
Did not receive anything from fncs.time_request() 22
publish_heartbeat 2017-11-22 04:18:58.784335Z
fncs.time_request( 23 ) request
fncs.time_request() response 23
Did not receive anything from fncs.time_request() 23
publish_heartbeat 2017-11-22 04:18:59.130178Z
fncs.time_request( 24 ) request
fncs.time_request() response 24
Did not receive anything from fncs.time_request() 24
publish_heartbeat 2017-11-22 04:19:00.798437Z
fncs.time_request( 25 ) request
fncs.time_request() response 25
Did not receive anything from fncs.time_request() 25
publish_heartbeat 2017-11-22 04:19:01.206309Z
fncs.time_request( 26 ) request
fncs.time_request() response 26
Did not receive anything from fncs.time_request() 26
publish_heartbeat 2017-11-22 04:19:02.896086Z
fncs.time_request( 27 ) request
fncs.time_request() response 27
Did not receive anything from fncs.time_request() 27
publish_heartbeat 2017-11-22 04:19:03.216851Z
fncs.time_request( 28 ) request
fncs.time_request() response 28
Did not receive anything from fncs.time_request() 28
publish_heartbeat 2017-11-22 04:19:04.974440Z
fncs.time_request( 29 ) request
fncs.time_request() response 29
Values recieved from fncs.time_request() 29
it takes 1.50779891014  seconds to process fncs->volttron messages
publish_heartbeat 2017-11-22 04:19:06.482346Z
fncs.time_request( 30 ) request
fncs.time_request() response 30
Values recieved from fncs.time_request() 30
it takes 0.775285959244  seconds to process fncs->volttron messages
publish_heartbeat 2017-11-22 04:19:07.484645Z
fncs.time_request( 31 ) request
fncs.time_request() response 31
Values recieved from fncs.time_request() 31
it takes 1.47529315948  seconds to process fncs->volttron messages
publish_heartbeat 2017-11-22 04:19:08.960027Z
fncs.time_request( 32 ) request
fncs.time_request() response 32
Values recieved from fncs.time_request() 32
it takes 0.822047948837  seconds to process fncs->volttron messages
publish_heartbeat 2017-11-22 04:19:09.961349Z
fncs.time_request( 33 ) request
fncs.time_request() response 33
Did not receive anything from fncs.time_request() 33
publish_heartbeat 2017-11-22 04:19:11.135847Z
fncs.time_request( 34 ) request
fncs.time_request() response 34
Did not receive anything from fncs.time_request() 34
publish_heartbeat 2017-11-22 04:19:11.999923Z
fncs.time_request( 35 ) request
fncs.time_request() response 35
Did not receive anything from fncs.time_request() 35
publish_heartbeat 2017-11-22 04:19:13.214542Z
fncs.time_request( 36 ) request
fncs.time_request() response 36
Did not receive anything from fncs.time_request() 36
publish_heartbeat 2017-11-22 04:19:14.014435Z
fncs.time_request( 37 ) request
fncs.time_request() response 37
Did not receive anything from fncs.time_request() 37
publish_heartbeat 2017-11-22 04:19:15.358707Z
fncs.time_request( 38 ) request
fncs.time_request() response 38
Values recieved from fncs.time_request() 38
it takes 0.103079080582  seconds to process fncs->volttron messages
publish_heartbeat 2017-11-22 04:19:15.963432Z
fncs.time_request( 39 ) request
fncs.time_request() response 39
Did not receive anything from fncs.time_request() 39
publish_heartbeat 2017-11-22 04:19:17.453142Z
fncs.time_request( 40 ) request
fncs.time_request() response 40
Did not receive anything from fncs.time_request() 40
publish_heartbeat 2017-11-22 04:19:18.007108Z
fncs.time_request( 41 ) request
fncs.time_request() response 41
Did not receive anything from fncs.time_request() 41
publish_heartbeat 2017-11-22 04:19:19.474104Z
fncs.time_request( 42 ) request
fncs.time_request() response 42
Did not receive anything from fncs.time_request() 42
publish_heartbeat 2017-11-22 04:19:20.024961Z
fncs.time_request( 43 ) request
fncs.time_request() response 43
Did not receive anything from fncs.time_request() 43
publish_heartbeat 2017-11-22 04:19:21.499171Z
fncs.time_request( 44 ) request
fncs.time_request() response 44
Values recieved from fncs.time_request() 44
it takes 0.221637964249  seconds to process fncs->volttron messages
publish_heartbeat 2017-11-22 04:19:21.961452Z
fncs.time_request( 45 ) request
fncs.time_request() response 45
Did not receive anything from fncs.time_request() 45
publish_heartbeat 2017-11-22 04:19:23.756864Z
fncs.time_request( 46 ) request
fncs.time_request() response 46
Did not receive anything from fncs.time_request() 46
publish_heartbeat 2017-11-22 04:19:23.982108Z
fncs.time_request( 47 ) request
fncs.time_request() response 47
Did not receive anything from fncs.time_request() 47
publish_heartbeat 2017-11-22 04:19:25.821331Z
fncs.time_request( 48 ) request
fncs.time_request() response 48
Did not receive anything from fncs.time_request() 48
publish_heartbeat 2017-11-22 04:19:25.997374Z
fncs.time_request( 49 ) request
fncs.time_request() response 49
Did not receive anything from fncs.time_request() 49
publish_heartbeat 2017-11-22 04:19:27.848483Z
fncs.time_request( 50 ) request
fncs.time_request() response 50
Did not receive anything from fncs.time_request() 50
publish_heartbeat 2017-11-22 04:19:28.103382Z
fncs.time_request( 51 ) request
fncs.time_request() response 51
Did not receive anything from fncs.time_request() 51
publish_heartbeat 2017-11-22 04:19:29.901500Z
fncs.time_request( 52 ) request
fncs.time_request() response 52
Values recieved from fncs.time_request() 52
it takes 0.240864992142  seconds to process fncs->volttron messages
publish_heartbeat 2017-11-22 04:19:30.142457Z
fncs.time_request( 53 ) request
fncs.time_request() response 53
Did not receive anything from fncs.time_request() 53
publish_heartbeat 2017-11-22 04:19:32.227567Z
fncs.time_request( 54 ) request
fncs.time_request() response 54
Did not receive anything from fncs.time_request() 54
publish_heartbeat 2017-11-22 04:19:32.247038Z
fncs.time_request( 55 ) request
fncs.time_request() response 55
Did not receive anything from fncs.time_request() 55
publish_heartbeat 2017-11-22 04:19:34.310522Z
fncs.time_request( 56 ) request
fncs.time_request() response 56
Did not receive anything from fncs.time_request() 56
publish_heartbeat 2017-11-22 04:19:34.420975Z
fncs.time_request( 57 ) request
fncs.time_request() response 57
Did not receive anything from fncs.time_request() 57
publish_heartbeat 2017-11-22 04:19:36.470904Z
fncs.time_request( 58 ) request
fncs.time_request() response 58
Did not receive anything from fncs.time_request() 58
publish_heartbeat 2017-11-22 04:19:36.573291Z
fncs.time_request( 59 ) request
fncs.time_request() response 59
Did not receive anything from fncs.time_request() 59
publish_heartbeat 2017-11-22 04:19:38.592455Z
fncs.time_request( 60 ) request
fncs.time_request() response 60
Did not receive anything from fncs.time_request() 60
publish_heartbeat 2017-11-22 04:19:38.684045Z
fncs.time_request( 61 ) request
fncs.time_request() response 61
Did not receive anything from fncs.time_request() 61
publish_heartbeat 2017-11-22 04:19:40.781950Z
fncs.time_request( 62 ) request
fncs.time_request() response 62
Did not receive anything from fncs.time_request() 62
publish_heartbeat 2017-11-22 04:19:40.979928Z
fncs.time_request( 63 ) request
fncs.time_request() response 63
Did not receive anything from fncs.time_request() 63
publish_heartbeat 2017-11-22 04:19:43.130466Z
fncs.time_request( 64 ) request
fncs.time_request() response 64
Did not receive anything from fncs.time_request() 64
publish_heartbeat 2017-11-22 04:19:43.183290Z
fncs.time_request( 65 ) request
fncs.time_request() response 65
Did not receive anything from fncs.time_request() 65
publish_heartbeat 2017-11-22 04:19:45.189509Z
fncs.time_request( 66 ) request
fncs.time_request() response 66
Did not receive anything from fncs.time_request() 66
publish_heartbeat 2017-11-22 04:19:45.247692Z
fncs.time_request( 67 ) request
fncs.time_request() response 67
Values recieved from fncs.time_request() 67
it takes 1.19441986084  seconds to process fncs->volttron messages
publish_heartbeat 2017-11-22 04:19:46.442377Z
fncs.time_request( 68 ) request
fncs.time_request() response 68
Did not receive anything from fncs.time_request() 68
publish_heartbeat 2017-11-22 04:19:48.429469Z
fncs.time_request( 69 ) request
fncs.time_request() response 69
Values recieved from fncs.time_request() 69
it takes 0.177310943604  seconds to process fncs->volttron messages
publish_heartbeat 2017-11-22 04:19:48.606946Z
fncs.time_request( 70 ) request
fncs.time_request() response 70
Did not receive anything from fncs.time_request() 70
publish_heartbeat 2017-11-22 04:19:50.581692Z
fncs.time_request( 71 ) request
fncs.time_request() response 71
Did not receive anything from fncs.time_request() 71
publish_heartbeat 2017-11-22 04:19:50.627949Z
fncs.time_request( 72 ) request
fncs.time_request() response 72
Did not receive anything from fncs.time_request() 72
publish_heartbeat 2017-11-22 04:19:52.771389Z
fncs.time_request( 73 ) request
fncs.time_request() response 73
Did not receive anything from fncs.time_request() 73
publish_heartbeat 2017-11-22 04:19:52.794099Z
fncs.time_request( 74 ) request
fncs.time_request() response 74
Values recieved from fncs.time_request() 74
it takes 3.14944505692  seconds to process fncs->volttron messages
publish_heartbeat 2017-11-22 04:19:55.943816Z
fncs.time_request( 75 ) request
fncs.time_request() response 75
Did not receive anything from fncs.time_request() 75
publish_heartbeat 2017-11-22 04:19:56.963041Z
fncs.time_request( 76 ) request
fncs.time_request() response 76
Values recieved from fncs.time_request() 76
it takes 1.21566987038  seconds to process fncs->volttron messages
publish_heartbeat 2017-11-22 04:19:58.178766Z
fncs.time_request( 77 ) request
fncs.time_request() response 77
Did not receive anything from fncs.time_request() 77
publish_heartbeat 2017-11-22 04:19:59.205832Z
fncs.time_request( 78 ) request
fncs.time_request() response 78
Did not receive anything from fncs.time_request() 78
publish_heartbeat 2017-11-22 04:20:00.242333Z
fncs.time_request( 79 ) request
fncs.time_request() response 79
Did not receive anything from fncs.time_request() 79
publish_heartbeat 2017-11-22 04:20:01.236985Z
fncs.time_request( 80 ) request
fncs.time_request() response 80
Values recieved from fncs.time_request() 80
it takes 0.193066120148  seconds to process fncs->volttron messages
publish_heartbeat 2017-11-22 04:20:02.179047Z
fncs.time_request( 81 ) request
fncs.time_request() response 81
Did not receive anything from fncs.time_request() 81
publish_heartbeat 2017-11-22 04:20:03.425745Z
fncs.time_request( 82 ) request
fncs.time_request() response 82
Values recieved from fncs.time_request() 82
it takes 2.35326910019  seconds to process fncs->volttron messages
publish_heartbeat 2017-11-22 04:20:05.779103Z
fncs.time_request( 83 ) request
fncs.time_request() response 83
Values recieved from fncs.time_request() 83
it takes 1.4386370182  seconds to process fncs->volttron messages
publish_heartbeat 2017-11-22 04:20:07.217823Z
fncs.time_request( 84 ) request
fncs.time_request() response 84
Did not receive anything from fncs.time_request() 84
publish_heartbeat 2017-11-22 04:20:08.232690Z
fncs.time_request( 85 ) request
fncs.time_request() response 85
Values recieved from fncs.time_request() 85
it takes 0.0435590744019  seconds to process fncs->volttron messages
publish_heartbeat 2017-11-22 04:20:09.218581Z
fncs.time_request( 86 ) request
fncs.time_request() response 86
Did not receive anything from fncs.time_request() 86
publish_heartbeat 2017-11-22 04:20:10.299615Z
fncs.time_request( 87 ) request
fncs.time_request() response 87
Did not receive anything from fncs.time_request() 87
publish_heartbeat 2017-11-22 04:20:11.256052Z
fncs.time_request( 88 ) request
fncs.time_request() response 88
Did not receive anything from fncs.time_request() 88
publish_heartbeat 2017-11-22 04:20:12.360189Z
fncs.time_request( 89 ) request
fncs.time_request() response 89
Values recieved from fncs.time_request() 89
it takes 1.88508582115  seconds to process fncs->volttron messages
publish_heartbeat 2017-11-22 04:20:14.251729Z
fncs.time_request( 90 ) request
fncs.time_request() response 90
Values recieved from fncs.time_request() 90
it takes 1.54732513428  seconds to process fncs->volttron messages
publish_heartbeat 2017-11-22 04:20:15.799122Z
fncs.time_request( 91 ) request
fncs.time_request() response 91
Did not receive anything from fncs.time_request() 91
publish_heartbeat 2017-11-22 04:20:16.828270Z
fncs.time_request( 92 ) request
fncs.time_request() response 92
Did not receive anything from fncs.time_request() 92
publish_heartbeat 2017-11-22 04:20:17.884438Z
fncs.time_request( 93 ) request
fncs.time_request() response 93
Values recieved from fncs.time_request() 93
it takes 2.15997886658  seconds to process fncs->volttron messages
publish_heartbeat 2017-11-22 04:20:20.044569Z
fncs.time_request( 94 ) request
fncs.time_request() response 94
Did not receive anything from fncs.time_request() 94
publish_heartbeat 2017-11-22 04:20:21.055756Z
fncs.time_request( 95 ) request
fncs.time_request() response 95
Values recieved from fncs.time_request() 95
it takes 0.0851490497589  seconds to process fncs->volttron messages
publish_heartbeat 2017-11-22 04:20:22.044792Z
fncs.time_request( 96 ) request
fncs.time_request() response 96
Did not receive anything from fncs.time_request() 96
publish_heartbeat 2017-11-22 04:20:23.124136Z
fncs.time_request( 97 ) request
fncs.time_request() response 97
Values recieved from fncs.time_request() 97
it takes 2.23488497734  seconds to process fncs->volttron messages
publish_heartbeat 2017-11-22 04:20:25.359114Z
fncs.time_request( 98 ) request
fncs.time_request() response 98
Did not receive anything from fncs.time_request() 98
publish_heartbeat 2017-11-22 04:20:26.428620Z
fncs.time_request( 99 ) request
fncs.time_request() response 99
Did not receive anything from fncs.time_request() 99
publish_heartbeat 2017-11-22 04:20:27.400661Z
fncs.time_request( 100 ) request
fncs.time_request() response 100
Values recieved from fncs.time_request() 100
it takes 2.56014585495  seconds to process fncs->volttron messages
publish_heartbeat 2017-11-22 04:20:29.960905Z
fncs.time_request( 101 ) request
fncs.time_request() response 101
Did not receive anything from fncs.time_request() 101
publish_heartbeat 2017-11-22 04:20:31.003876Z
fncs.time_request( 102 ) request
fncs.time_request() response 102
Did not receive anything from fncs.time_request() 102
publish_heartbeat 2017-11-22 04:20:32.021445Z
fncs.time_request( 103 ) request
fncs.time_request() response 103
Values recieved from fncs.time_request() 103
it takes 2.47901916504  seconds to process fncs->volttron messages
publish_heartbeat 2017-11-22 04:20:34.500597Z
fncs.time_request( 104 ) request
fncs.time_request() response 104
Values recieved from fncs.time_request() 104
it takes 1.93294405937  seconds to process fncs->volttron messages
publish_heartbeat 2017-11-22 04:20:36.433605Z
fncs.time_request( 105 ) request
fncs.time_request() response 105
Did not receive anything from fncs.time_request() 105
publish_heartbeat 2017-11-22 04:20:37.450712Z
fncs.time_request( 106 ) request
fncs.time_request() response 106
Did not receive anything from fncs.time_request() 106
publish_heartbeat 2017-11-22 04:20:38.476319Z
fncs.time_request( 107 ) request
fncs.time_request() response 107
Did not receive anything from fncs.time_request() 107
publish_heartbeat 2017-11-22 04:20:39.574419Z
fncs.time_request( 108 ) request
fncs.time_request() response 108
Did not receive anything from fncs.time_request() 108
publish_heartbeat 2017-11-22 04:20:40.536667Z
fncs.time_request( 109 ) request
fncs.time_request() response 109
Values recieved from fncs.time_request() 109
it takes 2.83597612381  seconds to process fncs->volttron messages
publish_heartbeat 2017-11-22 04:20:43.372739Z
fncs.time_request( 110 ) request
fncs.time_request() response 110
Values recieved from fncs.time_request() 110
it takes 1.68874287605  seconds to process fncs->volttron messages
publish_heartbeat 2017-11-22 04:20:45.061547Z
fncs.time_request( 111 ) request
fncs.time_request() response 111
Values recieved from fncs.time_request() 111
it takes 1.29222297668  seconds to process fncs->volttron messages
publish_heartbeat 2017-11-22 04:20:46.353820Z
fncs.time_request( 112 ) request
fncs.time_request() response 112
Values recieved from fncs.time_request() 112
it takes 1.33349204063  seconds to process fncs->volttron messages
publish_heartbeat 2017-11-22 04:20:47.687368Z
fncs.time_request( 113 ) request
fncs.time_request() response 113
Did not receive anything from fncs.time_request() 113
publish_heartbeat 2017-11-22 04:20:48.706472Z
fncs.time_request( 114 ) request
fncs.time_request() response 114
Did not receive anything from fncs.time_request() 114
publish_heartbeat 2017-11-22 04:20:49.697929Z
fncs.time_request( 115 ) request
fncs.time_request() response 115
Did not receive anything from fncs.time_request() 115
publish_heartbeat 2017-11-22 04:20:50.727804Z
fncs.time_request( 116 ) request
fncs.time_request() response 116
Values recieved from fncs.time_request() 116
it takes 1.32171392441  seconds to process fncs->volttron messages
publish_heartbeat 2017-11-22 04:20:52.049577Z
fncs.time_request( 117 ) request
fncs.time_request() response 117
Did not receive anything from fncs.time_request() 117
publish_heartbeat 2017-11-22 04:20:53.101788Z
fncs.time_request( 118 ) request
fncs.time_request() response 118
Did not receive anything from fncs.time_request() 118
publish_heartbeat 2017-11-22 04:20:54.050945Z
fncs.time_request( 119 ) request
fncs.time_request() response 119
Did not receive anything from fncs.time_request() 119
publish_heartbeat 2017-11-22 04:20:55.152620Z
fncs.time_request( 120 ) request
fncs.time_request() response 120
Did not receive anything from fncs.time_request() 120
publish_heartbeat 2017-11-22 04:20:56.092876Z
fncs.time_request( 121 ) request
fncs.time_request() response 121
Did not receive anything from fncs.time_request() 121
publish_heartbeat 2017-11-22 04:20:57.176185Z
fncs.time_request( 122 ) request
fncs.time_request() response 122
Values recieved from fncs.time_request() 122
it takes 0.160602092743  seconds to process fncs->volttron messages
publish_heartbeat 2017-11-22 04:20:58.050438Z
fncs.time_request( 123 ) request
fncs.time_request() response 123
Did not receive anything from fncs.time_request() 123
publish_heartbeat 2017-11-22 04:20:59.355875Z
fncs.time_request( 124 ) request
fncs.time_request() response 124
Did not receive anything from fncs.time_request() 124
publish_heartbeat 2017-11-22 04:21:00.076657Z
fncs.time_request( 125 ) request
fncs.time_request() response 125
Values recieved from fncs.time_request() 125
it takes 3.70500397682  seconds to process fncs->volttron messages
publish_heartbeat 2017-11-22 04:21:03.781729Z
fncs.time_request( 126 ) request
fncs.time_request() response 126
Did not receive anything from fncs.time_request() 126
publish_heartbeat 2017-11-22 04:21:04.812259Z
fncs.time_request( 127 ) request
fncs.time_request() response 127
Did not receive anything from fncs.time_request() 127
publish_heartbeat 2017-11-22 04:21:05.796731Z
fncs.time_request( 128 ) request
fncs.time_request() response 128
Values recieved from fncs.time_request() 128
it takes 0.161602020264  seconds to process fncs->volttron messages
publish_heartbeat 2017-11-22 04:21:06.783160Z
fncs.time_request( 129 ) request
fncs.time_request() response 129
Did not receive anything from fncs.time_request() 129
publish_heartbeat 2017-11-22 04:21:07.985509Z
fncs.time_request( 130 ) request
fncs.time_request() response 130
Values recieved from fncs.time_request() 130
it takes 3.46265697479  seconds to process fncs->volttron messages
publish_heartbeat 2017-11-22 04:21:11.448381Z
fncs.time_request( 131 ) request
fncs.time_request() response 131
Did not receive anything from fncs.time_request() 131
publish_heartbeat 2017-11-22 04:21:12.494160Z
fncs.time_request( 132 ) request
fncs.time_request() response 132
Did not receive anything from fncs.time_request() 132
publish_heartbeat 2017-11-22 04:21:13.509597Z
fncs.time_request( 133 ) request
fncs.time_request() response 133
Did not receive anything from fncs.time_request() 133
publish_heartbeat 2017-11-22 04:21:14.485271Z
fncs.time_request( 134 ) request
fncs.time_request() response 134
Did not receive anything from fncs.time_request() 134
publish_heartbeat 2017-11-22 04:21:15.576660Z
fncs.time_request( 135 ) request
fncs.time_request() response 135
Values recieved from fncs.time_request() 135
it takes 0.388746976852  seconds to process fncs->volttron messages
publish_heartbeat 2017-11-22 04:21:16.450543Z
fncs.time_request( 136 ) request
fncs.time_request() response 136
Did not receive anything from fncs.time_request() 136
publish_heartbeat 2017-11-22 04:21:17.902025Z
fncs.time_request( 137 ) request
fncs.time_request() response 137
Values recieved from fncs.time_request() 137
it takes 3.32681894302  seconds to process fncs->volttron messages
publish_heartbeat 2017-11-22 04:21:21.229091Z
fncs.time_request( 138 ) request
fncs.time_request() response 138
Did not receive anything from fncs.time_request() 138
publish_heartbeat 2017-11-22 04:21:22.285838Z
fncs.time_request( 139 ) request
fncs.time_request() response 139
Did not receive anything from fncs.time_request() 139
publish_heartbeat 2017-11-22 04:21:23.263768Z
fncs.time_request( 140 ) request
fncs.time_request() response 140
Did not receive anything from fncs.time_request() 140
publish_heartbeat 2017-11-22 04:21:24.345506Z
fncs.time_request( 141 ) request
fncs.time_request() response 141
Did not receive anything from fncs.time_request() 141
publish_heartbeat 2017-11-22 04:21:25.287402Z
fncs.time_request( 142 ) request
fncs.time_request() response 142
Did not receive anything from fncs.time_request() 142
publish_heartbeat 2017-11-22 04:21:26.354964Z
fncs.time_request( 143 ) request
fncs.time_request() response 143
Did not receive anything from fncs.time_request() 143
publish_heartbeat 2017-11-22 04:21:27.391075Z
fncs.time_request( 144 ) request
fncs.time_request() response 144
Values recieved from fncs.time_request() 144
it takes 2.7159011364  seconds to process fncs->volttron messages
publish_heartbeat 2017-11-22 04:21:30.107097Z
fncs.time_request( 145 ) request
fncs.time_request() response 145
Values recieved from fncs.time_request() 145
it takes 0.0692179203033  seconds to process fncs->volttron messages
publish_heartbeat 2017-11-22 04:21:31.108413Z
fncs.time_request( 146 ) request
fncs.time_request() response 146
Values recieved from fncs.time_request() 146
it takes 1.9083571434  seconds to process fncs->volttron messages
publish_heartbeat 2017-11-22 04:21:33.016835Z
fncs.time_request( 147 ) request
fncs.time_request() response 147
Values recieved from fncs.time_request() 147
it takes 1.61920285225  seconds to process fncs->volttron messages
publish_heartbeat 2017-11-22 04:21:34.636109Z
fncs.time_request( 148 ) request
fncs.time_request() response 148
Did not receive anything from fncs.time_request() 148
publish_heartbeat 2017-11-22 04:21:35.664472Z
fncs.time_request( 149 ) request
fncs.time_request() response 149
Did not receive anything from fncs.time_request() 149
publish_heartbeat 2017-11-22 04:21:36.646089Z
fncs.time_request( 150 ) request
fncs.time_request() response 150
Did not receive anything from fncs.time_request() 150
publish_heartbeat 2017-11-22 04:21:37.685464Z
fncs.time_request( 151 ) request
fncs.time_request() response 151
Did not receive anything from fncs.time_request() 151
publish_heartbeat 2017-11-22 04:21:38.666624Z
fncs.time_request( 152 ) request
fncs.time_request() response 152
Did not receive anything from fncs.time_request() 152
publish_heartbeat 2017-11-22 04:21:39.711618Z
fncs.time_request( 153 ) request
fncs.time_request() response 153
Did not receive anything from fncs.time_request() 153
publish_heartbeat 2017-11-22 04:21:40.701653Z
fncs.time_request( 154 ) request
fncs.time_request() response 154
Values recieved from fncs.time_request() 154
it takes 1.72064900398  seconds to process fncs->volttron messages
publish_heartbeat 2017-11-22 04:21:42.422360Z
fncs.time_request( 155 ) request
fncs.time_request() response 155
Did not receive anything from fncs.time_request() 155
publish_heartbeat 2017-11-22 04:21:43.469799Z
fncs.time_request( 156 ) request
fncs.time_request() response 156
Did not receive anything from fncs.time_request() 156
publish_heartbeat 2017-11-22 04:21:44.459124Z
fncs.time_request( 157 ) request
fncs.time_request() response 157
Values recieved from fncs.time_request() 157
it takes 3.40334391594  seconds to process fncs->volttron messages
publish_heartbeat 2017-11-22 04:21:47.862643Z
fncs.time_request( 158 ) request
fncs.time_request() response 158
Values recieved from fncs.time_request() 158
it takes 0.150840997696  seconds to process fncs->volttron messages
publish_heartbeat 2017-11-22 04:21:48.865330Z
fncs.time_request( 159 ) request
fncs.time_request() response 159
Did not receive anything from fncs.time_request() 159
publish_heartbeat 2017-11-22 04:21:49.975718Z
fncs.time_request( 160 ) request
fncs.time_request() response 160
Did not receive anything from fncs.time_request() 160
publish_heartbeat 2017-11-22 04:21:50.883016Z
fncs.time_request( 161 ) request
fncs.time_request() response 161
Did not receive anything from fncs.time_request() 161
publish_heartbeat 2017-11-22 04:21:52.214756Z
fncs.time_request( 162 ) request
fncs.time_request() response 162
Did not receive anything from fncs.time_request() 162
publish_heartbeat 2017-11-22 04:21:52.908765Z
fncs.time_request( 163 ) request
fncs.time_request() response 163
Values recieved from fncs.time_request() 163
it takes 3.19579005241  seconds to process fncs->volttron messages
publish_heartbeat 2017-11-22 04:21:56.104628Z
fncs.time_request( 164 ) request
fncs.time_request() response 164
Values recieved from fncs.time_request() 164
it takes 1.81307911873  seconds to process fncs->volttron messages
publish_heartbeat 2017-11-22 04:21:57.917748Z
fncs.time_request( 165 ) request
fncs.time_request() response 165
Did not receive anything from fncs.time_request() 165
publish_heartbeat 2017-11-22 04:21:58.961512Z
fncs.time_request( 166 ) request
fncs.time_request() response 166
Did not receive anything from fncs.time_request() 166
publish_heartbeat 2017-11-22 04:21:59.976810Z
fncs.time_request( 167 ) request
fncs.time_request() response 167
Did not receive anything from fncs.time_request() 167
publish_heartbeat 2017-11-22 04:22:01.018179Z
fncs.time_request( 168 ) request
fncs.time_request() response 168
Did not receive anything from fncs.time_request() 168
publish_heartbeat 2017-11-22 04:22:02.060853Z
fncs.time_request( 169 ) request
fncs.time_request() response 169
Did not receive anything from fncs.time_request() 169
publish_heartbeat 2017-11-22 04:22:03.089577Z
fncs.time_request( 170 ) request
fncs.time_request() response 170
Did not receive anything from fncs.time_request() 170
publish_heartbeat 2017-11-22 04:22:04.072140Z
fncs.time_request( 171 ) request
fncs.time_request() response 171
Values recieved from fncs.time_request() 171
it takes 0.571609973907  seconds to process fncs->volttron messages
publish_heartbeat 2017-11-22 04:22:04.919290Z
fncs.time_request( 172 ) request
fncs.time_request() response 172
Did not receive anything from fncs.time_request() 172
publish_heartbeat 2017-11-22 04:22:06.342517Z
fncs.time_request( 173 ) request
fncs.time_request() response 173
Did not receive anything from fncs.time_request() 173
publish_heartbeat 2017-11-22 04:22:06.925209Z
fncs.time_request( 174 ) request
fncs.time_request() response 174
Values recieved from fncs.time_request() 174
it takes 4.13115906715  seconds to process fncs->volttron messages
publish_heartbeat 2017-11-22 04:22:11.056455Z
fncs.time_request( 175 ) request
fncs.time_request() response 175
Did not receive anything from fncs.time_request() 175
publish_heartbeat 2017-11-22 04:22:12.093064Z
fncs.time_request( 176 ) request
fncs.time_request() response 176
Did not receive anything from fncs.time_request() 176
publish_heartbeat 2017-11-22 04:22:13.067391Z
fncs.time_request( 177 ) request
fncs.time_request() response 177
Did not receive anything from fncs.time_request() 177
publish_heartbeat 2017-11-22 04:22:14.172931Z
fncs.time_request( 178 ) request
fncs.time_request() response 178
Values recieved from fncs.time_request() 178
it takes 0.14018702507  seconds to process fncs->volttron messages
publish_heartbeat 2017-11-22 04:22:15.056718Z
fncs.time_request( 179 ) request
fncs.time_request() response 179
Did not receive anything from fncs.time_request() 179
publish_heartbeat 2017-11-22 04:22:16.277784Z
fncs.time_request( 180 ) request
fncs.time_request() response 180
Did not receive anything from fncs.time_request() 180
publish_heartbeat 2017-11-22 04:22:17.092069Z
fncs.time_request( 181 ) request
fncs.time_request() response 181
Did not receive anything from fncs.time_request() 181
publish_heartbeat 2017-11-22 04:22:18.436018Z
fncs.time_request( 182 ) request
fncs.time_request() response 182
Did not receive anything from fncs.time_request() 182
publish_heartbeat 2017-11-22 04:22:19.109284Z
fncs.time_request( 183 ) request
fncs.time_request() response 183
Did not receive anything from fncs.time_request() 183
publish_heartbeat 2017-11-22 04:22:20.500669Z
fncs.time_request( 184 ) request
fncs.time_request() response 184
Did not receive anything from fncs.time_request() 184
publish_heartbeat 2017-11-22 04:22:21.164099Z
fncs.time_request( 185 ) request
fncs.time_request() response 185
Did not receive anything from fncs.time_request() 185
publish_heartbeat 2017-11-22 04:22:22.572528Z
fncs.time_request( 186 ) request
fncs.time_request() response 186
Did not receive anything from fncs.time_request() 186
publish_heartbeat 2017-11-22 04:22:23.218665Z
fncs.time_request( 187 ) request
fncs.time_request() response 187
Did not receive anything from fncs.time_request() 187
publish_heartbeat 2017-11-22 04:22:24.632707Z
fncs.time_request( 188 ) request
fncs.time_request() response 188
Did not receive anything from fncs.time_request() 188
publish_heartbeat 2017-11-22 04:22:25.233032Z
fncs.time_request( 189 ) request
fncs.time_request() response 189
Did not receive anything from fncs.time_request() 189
publish_heartbeat 2017-11-22 04:22:26.729758Z
fncs.time_request( 190 ) request
fncs.time_request() response 190
Values recieved from fncs.time_request() 190
it takes 2.99622392654  seconds to process fncs->volttron messages
publish_heartbeat 2017-11-22 04:22:29.726089Z
fncs.time_request( 191 ) request
fncs.time_request() response 191
Did not receive anything from fncs.time_request() 191
publish_heartbeat 2017-11-22 04:22:30.776320Z
fncs.time_request( 192 ) request
fncs.time_request() response 192
Did not receive anything from fncs.time_request() 192
publish_heartbeat 2017-11-22 04:22:31.783505Z
fncs.time_request( 193 ) request
fncs.time_request() response 193
Did not receive anything from fncs.time_request() 193
publish_heartbeat 2017-11-22 04:22:32.792651Z
fncs.time_request( 194 ) request
fncs.time_request() response 194
Did not receive anything from fncs.time_request() 194
publish_heartbeat 2017-11-22 04:22:33.854255Z
fncs.time_request( 195 ) request
fncs.time_request() response 195
Did not receive anything from fncs.time_request() 195
publish_heartbeat 2017-11-22 04:22:34.851942Z
fncs.time_request( 196 ) request
fncs.time_request() response 196
Did not receive anything from fncs.time_request() 196
publish_heartbeat 2017-11-22 04:22:35.899370Z
fncs.time_request( 197 ) request
fncs.time_request() response 197
Did not receive anything from fncs.time_request() 197
publish_heartbeat 2017-11-22 04:22:36.878085Z
fncs.time_request( 198 ) request
fncs.time_request() response 198
Did not receive anything from fncs.time_request() 198
publish_heartbeat 2017-11-22 04:22:37.970521Z
fncs.time_request( 199 ) request
fncs.time_request() response 199
Did not receive anything from fncs.time_request() 199
publish_heartbeat 2017-11-22 04:22:38.923987Z
fncs.time_request( 200 ) request
fncs.time_request() response 200
Values recieved from fncs.time_request() 200
it takes 3.13954687119  seconds to process fncs->volttron messages
publish_heartbeat 2017-11-22 04:22:42.065459Z
fncs.time_request( 201 ) request
fncs.time_request() response 201
Did not receive anything from fncs.time_request() 201
publish_heartbeat 2017-11-22 04:22:43.080291Z
fncs.time_request( 202 ) request
fncs.time_request() response 202
Did not receive anything from fncs.time_request() 202
publish_heartbeat 2017-11-22 04:22:44.098915Z
fncs.time_request( 203 ) request
fncs.time_request() response 203
Did not receive anything from fncs.time_request() 203
publish_heartbeat 2017-11-22 04:22:45.101441Z
fncs.time_request( 204 ) request
fncs.time_request() response 204
Did not receive anything from fncs.time_request() 204
publish_heartbeat 2017-11-22 04:22:46.310187Z
fncs.time_request( 205 ) request
fncs.time_request() response 205
Did not receive anything from fncs.time_request() 205
publish_heartbeat 2017-11-22 04:22:47.132462Z
fncs.time_request( 206 ) request
fncs.time_request() response 206
Did not receive anything from fncs.time_request() 206
publish_heartbeat 2017-11-22 04:22:48.356506Z
fncs.time_request( 207 ) request
fncs.time_request() response 207
Did not receive anything from fncs.time_request() 207
publish_heartbeat 2017-11-22 04:22:49.217344Z
fncs.time_request( 208 ) request
fncs.time_request() response 208
Did not receive anything from fncs.time_request() 208
publish_heartbeat 2017-11-22 04:22:50.393983Z
fncs.time_request( 209 ) request
fncs.time_request() response 209
Did not receive anything from fncs.time_request() 209
publish_heartbeat 2017-11-22 04:22:51.252372Z
fncs.time_request( 210 ) request
fncs.time_request() response 210
Did not receive anything from fncs.time_request() 210
publish_heartbeat 2017-11-22 04:22:52.417615Z
fncs.time_request( 211 ) request
fncs.time_request() response 211
Did not receive anything from fncs.time_request() 211
publish_heartbeat 2017-11-22 04:22:53.380396Z
fncs.time_request( 212 ) request
fncs.time_request() response 212
Values recieved from fncs.time_request() 212
it takes 0.781973838806  seconds to process fncs->volttron messages
publish_heartbeat 2017-11-22 04:22:54.162471Z
fncs.time_request( 213 ) request
fncs.time_request() response 213
Did not receive anything from fncs.time_request() 213
publish_heartbeat 2017-11-22 04:22:55.988558Z
fncs.time_request( 214 ) request
fncs.time_request() response 214
Did not receive anything from fncs.time_request() 214
publish_heartbeat 2017-11-22 04:22:56.175272Z
fncs.time_request( 215 ) request
fncs.time_request() response 215
Did not receive anything from fncs.time_request() 215
publish_heartbeat 2017-11-22 04:22:58.026945Z
fncs.time_request( 216 ) request
fncs.time_request() response 216
Values recieved from fncs.time_request() 216
it takes 2.98158478737  seconds to process fncs->volttron messages
publish_heartbeat 2017-11-22 04:23:01.008587Z
fncs.time_request( 217 ) request
fncs.time_request() response 217
Did not receive anything from fncs.time_request() 217
publish_heartbeat 2017-11-22 04:23:02.090376Z
fncs.time_request( 218 ) request
fncs.time_request() response 218
Values recieved from fncs.time_request() 218
it takes 0.2550740242  seconds to process fncs->volttron messages
publish_heartbeat 2017-11-22 04:23:03.009837Z
fncs.time_request( 219 ) request
fncs.time_request() response 219
Did not receive anything from fncs.time_request() 219
publish_heartbeat 2017-11-22 04:23:04.243985Z
fncs.time_request( 220 ) request
fncs.time_request() response 220
Did not receive anything from fncs.time_request() 220
publish_heartbeat 2017-11-22 04:23:05.103465Z
fncs.time_request( 221 ) request
fncs.time_request() response 221
Did not receive anything from fncs.time_request() 221
publish_heartbeat 2017-11-22 04:23:06.233356Z
fncs.time_request( 222 ) request
fncs.time_request() response 222
Did not receive anything from fncs.time_request() 222
publish_heartbeat 2017-11-22 04:23:07.141763Z
fncs.time_request( 223 ) request
fncs.time_request() response 223
Values recieved from fncs.time_request() 223
it takes 2.48163890839  seconds to process fncs->volttron messages
publish_heartbeat 2017-11-22 04:23:09.623468Z
fncs.time_request( 224 ) request
fncs.time_request() response 224
Did not receive anything from fncs.time_request() 224
publish_heartbeat 2017-11-22 04:23:10.690287Z
fncs.time_request( 225 ) request
fncs.time_request() response 225
Did not receive anything from fncs.time_request() 225
publish_heartbeat 2017-11-22 04:23:11.672056Z
fncs.time_request( 226 ) request
fncs.time_request() response 226
Did not receive anything from fncs.time_request() 226
publish_heartbeat 2017-11-22 04:23:12.699830Z
fncs.time_request( 227 ) request
fncs.time_request() response 227
Did not receive anything from fncs.time_request() 227
publish_heartbeat 2017-11-22 04:23:13.700741Z
fncs.time_request( 228 ) request
fncs.time_request() response 228
Values recieved from fncs.time_request() 228
it takes 4.79317593575  seconds to process fncs->volttron messages
publish_heartbeat 2017-11-22 04:23:18.494032Z
fncs.time_request( 229 ) request
fncs.time_request() response 229
Did not receive anything from fncs.time_request() 229
publish_heartbeat 2017-11-22 04:23:19.511475Z
fncs.time_request( 230 ) request
fncs.time_request() response 230
Did not receive anything from fncs.time_request() 230
publish_heartbeat 2017-11-22 04:23:20.545245Z
fncs.time_request( 231 ) request
fncs.time_request() response 231
Did not receive anything from fncs.time_request() 231
publish_heartbeat 2017-11-22 04:23:21.506134Z
fncs.time_request( 232 ) request
fncs.time_request() response 232
Did not receive anything from fncs.time_request() 232
publish_heartbeat 2017-11-22 04:23:22.786581Z
fncs.time_request( 233 ) request
fncs.time_request() response 233
Did not receive anything from fncs.time_request() 233
publish_heartbeat 2017-11-22 04:23:23.511131Z
fncs.time_request( 234 ) request
fncs.time_request() response 234
Values recieved from fncs.time_request() 234
it takes 4.90312290192  seconds to process fncs->volttron messages
publish_heartbeat 2017-11-22 04:23:28.415130Z
fncs.time_request( 235 ) request
fncs.time_request() response 235
Values recieved from fncs.time_request() 235
it takes 2.38219094276  seconds to process fncs->volttron messages
publish_heartbeat 2017-11-22 04:23:30.797382Z
fncs.time_request( 236 ) request
fncs.time_request() response 236
Did not receive anything from fncs.time_request() 236
publish_heartbeat 2017-11-22 04:23:31.882212Z
fncs.time_request( 237 ) request
fncs.time_request() response 237
Did not receive anything from fncs.time_request() 237
publish_heartbeat 2017-11-22 04:23:32.885720Z
fncs.time_request( 238 ) request
fncs.time_request() response 238
Did not receive anything from fncs.time_request() 238
publish_heartbeat 2017-11-22 04:23:33.893503Z
fncs.time_request( 239 ) request
fncs.time_request() response 239
Did not receive anything from fncs.time_request() 239
publish_heartbeat 2017-11-22 04:23:34.911354Z
fncs.time_request( 240 ) request
fncs.time_request() response 240
Did not receive anything from fncs.time_request() 240
publish_heartbeat 2017-11-22 04:23:35.900125Z
fncs.time_request( 241 ) request
fncs.time_request() response 241
Did not receive anything from fncs.time_request() 241
publish_heartbeat 2017-11-22 04:23:36.952281Z
fncs.time_request( 242 ) request
fncs.time_request() response 242
Did not receive anything from fncs.time_request() 242
publish_heartbeat 2017-11-22 04:23:37.968755Z
fncs.time_request( 243 ) request
fncs.time_request() response 243
Did not receive anything from fncs.time_request() 243
publish_heartbeat 2017-11-22 04:23:39.012267Z
fncs.time_request( 244 ) request
fncs.time_request() response 244
Values recieved from fncs.time_request() 244
it takes 3.63543915749  seconds to process fncs->volttron messages
publish_heartbeat 2017-11-22 04:23:42.647783Z
fncs.time_request( 245 ) request
ERROR: unrecognized message type
