2017-11-21 20:18:13,900 volttron.platform.vip.agent.core DEBUG: address: tcp://127.0.0.1:22916?serverkey=XDMM3_KrXqSaaPXEM3vL7rumk4nd-A30dcksjfFWNyM&publickey=cDc4_Lli13dt-__ju-vpgAeOEbbRPaOVzQoeQ5KHjUk&secretkey=k19_VwSSfbFUzm4Op3DGBlOH6Vd7rMJWy4iQo_t-wuw
2017-11-21 20:18:13,901 volttron.platform.vip.agent.core DEBUG: identity: FNCS_Volttron_Bridge44
2017-11-21 20:18:13,901 volttron.platform.vip.agent.core DEBUG: agent_uuid: None
2017-11-21 20:18:13,901 volttron.platform.vip.agent.core DEBUG: serverkey: None
2017-11-21 20:18:15,878 volttron.platform.vip.agent.core INFO: Connected to platform: router: 783ba6c5-7811-4df4-bf1d-888a0732edee version: 1.0 identity: FNCS_Volttron_Bridge44
2017-11-21 20:18:15,878 volttron.platform.vip.agent.core DEBUG: Running onstart methods.
2017-11-21 20:18:22,885 volttron.platform.vip.agent.subsystems.configstore DEBUG: Processing callbacks for affected files: {}
publish_heartbeat 2017-11-22 04:18:20.058674Z
fncs.time_request( 1 ) request
fncs.time_request() response 1
Values recieved from fncs.time_request() 1
it takes 16.9714579582  seconds to process fncs->volttron messages
1
publish_heartbeat 2017-11-22 04:18:37.030207Z
fncs.time_request( 2 ) request
fncs.time_request() response 2
Did not receive anything from fncs.time_request() 2
publish_heartbeat 2017-11-22 04:18:38.194847Z
fncs.time_request( 3 ) request
fncs.time_request() response 3
Did not receive anything from fncs.time_request() 3
publish_heartbeat 2017-11-22 04:18:39.050904Z
fncs.time_request( 4 ) request
fncs.time_request() response 4
Did not receive anything from fncs.time_request() 4
publish_heartbeat 2017-11-22 04:18:40.198534Z
fncs.time_request( 5 ) request
fncs.time_request() response 5
Did not receive anything from fncs.time_request() 5
publish_heartbeat 2017-11-22 04:18:41.069711Z
fncs.time_request( 6 ) request
fncs.time_request() response 6
Did not receive anything from fncs.time_request() 6
publish_heartbeat 2017-11-22 04:18:42.198431Z
fncs.time_request( 7 ) request
fncs.time_request() response 7
Did not receive anything from fncs.time_request() 7
publish_heartbeat 2017-11-22 04:18:43.121514Z
fncs.time_request( 8 ) request
fncs.time_request() response 8
Did not receive anything from fncs.time_request() 8
publish_heartbeat 2017-11-22 04:18:44.183429Z
fncs.time_request( 9 ) request
fncs.time_request() response 9
Did not receive anything from fncs.time_request() 9
publish_heartbeat 2017-11-22 04:18:45.131480Z
fncs.time_request( 10 ) request
fncs.time_request() response 10
Did not receive anything from fncs.time_request() 10
publish_heartbeat 2017-11-22 04:18:46.190473Z
fncs.time_request( 11 ) request
fncs.time_request() response 11
Did not receive anything from fncs.time_request() 11
publish_heartbeat 2017-11-22 04:18:47.140622Z
fncs.time_request( 12 ) request
fncs.time_request() response 12
Did not receive anything from fncs.time_request() 12
publish_heartbeat 2017-11-22 04:18:48.204696Z
fncs.time_request( 13 ) request
fncs.time_request() response 13
Did not receive anything from fncs.time_request() 13
publish_heartbeat 2017-11-22 04:18:49.246092Z
fncs.time_request( 14 ) request
fncs.time_request() response 14
Did not receive anything from fncs.time_request() 14
publish_heartbeat 2017-11-22 04:18:50.233032Z
fncs.time_request( 15 ) request
fncs.time_request() response 15
Did not receive anything from fncs.time_request() 15
publish_heartbeat 2017-11-22 04:18:51.284169Z
fncs.time_request( 16 ) request
fncs.time_request() response 16
Did not receive anything from fncs.time_request() 16
publish_heartbeat 2017-11-22 04:18:52.292581Z
fncs.time_request( 17 ) request
fncs.time_request() response 17
Did not receive anything from fncs.time_request() 17
publish_heartbeat 2017-11-22 04:18:53.308772Z
fncs.time_request( 18 ) request
fncs.time_request() response 18
Did not receive anything from fncs.time_request() 18
publish_heartbeat 2017-11-22 04:18:54.320103Z
fncs.time_request( 19 ) request
fncs.time_request() response 19
Did not receive anything from fncs.time_request() 19
publish_heartbeat 2017-11-22 04:18:55.375611Z
fncs.time_request( 20 ) request
fncs.time_request() response 20
Did not receive anything from fncs.time_request() 20
publish_heartbeat 2017-11-22 04:18:56.388194Z
fncs.time_request( 21 ) request
fncs.time_request() response 21
Did not receive anything from fncs.time_request() 21
publish_heartbeat 2017-11-22 04:18:57.410562Z
fncs.time_request( 22 ) request
fncs.time_request() response 22
Did not receive anything from fncs.time_request() 22
publish_heartbeat 2017-11-22 04:18:58.405171Z
fncs.time_request( 23 ) request
fncs.time_request() response 23
Did not receive anything from fncs.time_request() 23
publish_heartbeat 2017-11-22 04:18:59.426833Z
fncs.time_request( 24 ) request
fncs.time_request() response 24
Did not receive anything from fncs.time_request() 24
publish_heartbeat 2017-11-22 04:19:00.428094Z
fncs.time_request( 25 ) request
fncs.time_request() response 25
Did not receive anything from fncs.time_request() 25
publish_heartbeat 2017-11-22 04:19:01.451377Z
fncs.time_request( 26 ) request
fncs.time_request() response 26
Did not receive anything from fncs.time_request() 26
publish_heartbeat 2017-11-22 04:19:02.571805Z
fncs.time_request( 27 ) request
fncs.time_request() response 27
Did not receive anything from fncs.time_request() 27
publish_heartbeat 2017-11-22 04:19:03.477215Z
fncs.time_request( 28 ) request
fncs.time_request() response 28
Did not receive anything from fncs.time_request() 28
publish_heartbeat 2017-11-22 04:19:04.644786Z
fncs.time_request( 29 ) request
fncs.time_request() response 29
Did not receive anything from fncs.time_request() 29
publish_heartbeat 2017-11-22 04:19:05.508465Z
fncs.time_request( 30 ) request
fncs.time_request() response 30
Did not receive anything from fncs.time_request() 30
publish_heartbeat 2017-11-22 04:19:07.046287Z
fncs.time_request( 31 ) request
fncs.time_request() response 31
Did not receive anything from fncs.time_request() 31
publish_heartbeat 2017-11-22 04:19:07.561882Z
fncs.time_request( 32 ) request
fncs.time_request() response 32
Did not receive anything from fncs.time_request() 32
publish_heartbeat 2017-11-22 04:19:09.966367Z
fncs.time_request( 33 ) request
fncs.time_request() response 33
Did not receive anything from fncs.time_request() 33
publish_heartbeat 2017-11-22 04:19:10.018779Z
fncs.time_request( 34 ) request
fncs.time_request() response 34
Did not receive anything from fncs.time_request() 34
publish_heartbeat 2017-11-22 04:19:12.147051Z
fncs.time_request( 35 ) request
fncs.time_request() response 35
Did not receive anything from fncs.time_request() 35
publish_heartbeat 2017-11-22 04:19:12.196442Z
fncs.time_request( 36 ) request
fncs.time_request() response 36
Did not receive anything from fncs.time_request() 36
publish_heartbeat 2017-11-22 04:19:14.260089Z
fncs.time_request( 37 ) request
fncs.time_request() response 37
Did not receive anything from fncs.time_request() 37
publish_heartbeat 2017-11-22 04:19:14.346347Z
fncs.time_request( 38 ) request
fncs.time_request() response 38
Did not receive anything from fncs.time_request() 38
publish_heartbeat 2017-11-22 04:19:16.429681Z
fncs.time_request( 39 ) request
fncs.time_request() response 39
Did not receive anything from fncs.time_request() 39
publish_heartbeat 2017-11-22 04:19:16.472682Z
fncs.time_request( 40 ) request
fncs.time_request() response 40
Did not receive anything from fncs.time_request() 40
publish_heartbeat 2017-11-22 04:19:18.494460Z
fncs.time_request( 41 ) request
fncs.time_request() response 41
Did not receive anything from fncs.time_request() 41
publish_heartbeat 2017-11-22 04:19:18.518765Z
fncs.time_request( 42 ) request
fncs.time_request() response 42
Did not receive anything from fncs.time_request() 42
publish_heartbeat 2017-11-22 04:19:20.535092Z
fncs.time_request( 43 ) request
fncs.time_request() response 43
Did not receive anything from fncs.time_request() 43
publish_heartbeat 2017-11-22 04:19:20.571382Z
fncs.time_request( 44 ) request
fncs.time_request() response 44
Did not receive anything from fncs.time_request() 44
publish_heartbeat 2017-11-22 04:19:22.684875Z
fncs.time_request( 45 ) request
fncs.time_request() response 45
Did not receive anything from fncs.time_request() 45
publish_heartbeat 2017-11-22 04:19:22.759309Z
fncs.time_request( 46 ) request
fncs.time_request() response 46
Did not receive anything from fncs.time_request() 46
publish_heartbeat 2017-11-22 04:19:24.776765Z
fncs.time_request( 47 ) request
fncs.time_request() response 47
Did not receive anything from fncs.time_request() 47
publish_heartbeat 2017-11-22 04:19:24.830851Z
fncs.time_request( 48 ) request
fncs.time_request() response 48
Did not receive anything from fncs.time_request() 48
publish_heartbeat 2017-11-22 04:19:26.848269Z
fncs.time_request( 49 ) request
fncs.time_request() response 49
Did not receive anything from fncs.time_request() 49
publish_heartbeat 2017-11-22 04:19:26.869995Z
fncs.time_request( 50 ) request
fncs.time_request() response 50
Did not receive anything from fncs.time_request() 50
publish_heartbeat 2017-11-22 04:19:29.006105Z
fncs.time_request( 51 ) request
fncs.time_request() response 51
Did not receive anything from fncs.time_request() 51
publish_heartbeat 2017-11-22 04:19:29.081598Z
fncs.time_request( 52 ) request
fncs.time_request() response 52
Did not receive anything from fncs.time_request() 52
publish_heartbeat 2017-11-22 04:19:31.111906Z
fncs.time_request( 53 ) request
fncs.time_request() response 53
Did not receive anything from fncs.time_request() 53
publish_heartbeat 2017-11-22 04:19:31.146324Z
fncs.time_request( 54 ) request
fncs.time_request() response 54
Did not receive anything from fncs.time_request() 54
publish_heartbeat 2017-11-22 04:19:33.236752Z
fncs.time_request( 55 ) request
fncs.time_request() response 55
Did not receive anything from fncs.time_request() 55
publish_heartbeat 2017-11-22 04:19:33.309501Z
fncs.time_request( 56 ) request
fncs.time_request() response 56
Did not receive anything from fncs.time_request() 56
publish_heartbeat 2017-11-22 04:19:35.426602Z
fncs.time_request( 57 ) request
fncs.time_request() response 57
Did not receive anything from fncs.time_request() 57
publish_heartbeat 2017-11-22 04:19:35.570198Z
fncs.time_request( 58 ) request
fncs.time_request() response 58
Did not receive anything from fncs.time_request() 58
publish_heartbeat 2017-11-22 04:19:37.567019Z
fncs.time_request( 59 ) request
fncs.time_request() response 59
Did not receive anything from fncs.time_request() 59
publish_heartbeat 2017-11-22 04:19:37.614747Z
fncs.time_request( 60 ) request
fncs.time_request() response 60
Did not receive anything from fncs.time_request() 60
publish_heartbeat 2017-11-22 04:19:39.692938Z
fncs.time_request( 61 ) request
fncs.time_request() response 61
Did not receive anything from fncs.time_request() 61
publish_heartbeat 2017-11-22 04:19:39.787366Z
fncs.time_request( 62 ) request
fncs.time_request() response 62
Did not receive anything from fncs.time_request() 62
publish_heartbeat 2017-11-22 04:19:41.989882Z
fncs.time_request( 63 ) request
fncs.time_request() response 63
Values recieved from fncs.time_request() 63
it takes 0.253994941711  seconds to process fncs->volttron messages
publish_heartbeat 2017-11-22 04:19:42.243995Z
fncs.time_request( 64 ) request
fncs.time_request() response 64
Did not receive anything from fncs.time_request() 64
publish_heartbeat 2017-11-22 04:19:44.178990Z
fncs.time_request( 65 ) request
fncs.time_request() response 65
Did not receive anything from fncs.time_request() 65
publish_heartbeat 2017-11-22 04:19:44.269775Z
fncs.time_request( 66 ) request
fncs.time_request() response 66
Did not receive anything from fncs.time_request() 66
publish_heartbeat 2017-11-22 04:19:46.239529Z
fncs.time_request( 67 ) request
fncs.time_request() response 67
Did not receive anything from fncs.time_request() 67
publish_heartbeat 2017-11-22 04:19:46.362134Z
fncs.time_request( 68 ) request
fncs.time_request() response 68
Did not receive anything from fncs.time_request() 68
publish_heartbeat 2017-11-22 04:19:48.316589Z
fncs.time_request( 69 ) request
fncs.time_request() response 69
Did not receive anything from fncs.time_request() 69
publish_heartbeat 2017-11-22 04:19:48.490282Z
fncs.time_request( 70 ) request
fncs.time_request() response 70
Did not receive anything from fncs.time_request() 70
publish_heartbeat 2017-11-22 04:19:50.568636Z
fncs.time_request( 71 ) request
fncs.time_request() response 71
Did not receive anything from fncs.time_request() 71
publish_heartbeat 2017-11-22 04:19:50.587341Z
fncs.time_request( 72 ) request
fncs.time_request() response 72
Did not receive anything from fncs.time_request() 72
publish_heartbeat 2017-11-22 04:19:52.645152Z
fncs.time_request( 73 ) request
fncs.time_request() response 73
Did not receive anything from fncs.time_request() 73
publish_heartbeat 2017-11-22 04:19:52.798084Z
fncs.time_request( 74 ) request
fncs.time_request() response 74
Values recieved from fncs.time_request() 74
it takes 1.63531899452  seconds to process fncs->volttron messages
publish_heartbeat 2017-11-22 04:19:54.433512Z
fncs.time_request( 75 ) request
fncs.time_request() response 75
Did not receive anything from fncs.time_request() 75
publish_heartbeat 2017-11-22 04:19:56.948499Z
fncs.time_request( 76 ) request
fncs.time_request() response 76
Values recieved from fncs.time_request() 76
it takes 0.657643795013  seconds to process fncs->volttron messages
publish_heartbeat 2017-11-22 04:19:57.606863Z
fncs.time_request( 77 ) request
fncs.time_request() response 77
Did not receive anything from fncs.time_request() 77
publish_heartbeat 2017-11-22 04:19:59.191089Z
fncs.time_request( 78 ) request
fncs.time_request() response 78
Did not receive anything from fncs.time_request() 78
publish_heartbeat 2017-11-22 04:19:59.647477Z
fncs.time_request( 79 ) request
fncs.time_request() response 79
Did not receive anything from fncs.time_request() 79
publish_heartbeat 2017-11-22 04:20:01.242560Z
fncs.time_request( 80 ) request
fncs.time_request() response 80
Did not receive anything from fncs.time_request() 80
publish_heartbeat 2017-11-22 04:20:01.733858Z
fncs.time_request( 81 ) request
fncs.time_request() response 81
Did not receive anything from fncs.time_request() 81
publish_heartbeat 2017-11-22 04:20:03.295833Z
fncs.time_request( 82 ) request
fncs.time_request() response 82
Values recieved from fncs.time_request() 82
it takes 1.96697807312  seconds to process fncs->volttron messages
publish_heartbeat 2017-11-22 04:20:05.263009Z
fncs.time_request( 83 ) request
fncs.time_request() response 83
Values recieved from fncs.time_request() 83
it takes 1.42649793625  seconds to process fncs->volttron messages
publish_heartbeat 2017-11-22 04:20:06.689561Z
fncs.time_request( 84 ) request
fncs.time_request() response 84
Did not receive anything from fncs.time_request() 84
publish_heartbeat 2017-11-22 04:20:08.227276Z
fncs.time_request( 85 ) request
fncs.time_request() response 85
Did not receive anything from fncs.time_request() 85
publish_heartbeat 2017-11-22 04:20:08.704760Z
fncs.time_request( 86 ) request
fncs.time_request() response 86
Did not receive anything from fncs.time_request() 86
publish_heartbeat 2017-11-22 04:20:10.265960Z
fncs.time_request( 87 ) request
fncs.time_request() response 87
Did not receive anything from fncs.time_request() 87
publish_heartbeat 2017-11-22 04:20:10.744326Z
fncs.time_request( 88 ) request
fncs.time_request() response 88
Did not receive anything from fncs.time_request() 88
publish_heartbeat 2017-11-22 04:20:12.292338Z
fncs.time_request( 89 ) request
fncs.time_request() response 89
Values recieved from fncs.time_request() 89
it takes 0.315648078918  seconds to process fncs->volttron messages
publish_heartbeat 2017-11-22 04:20:12.690697Z
fncs.time_request( 90 ) request
fncs.time_request() response 90
Values recieved from fncs.time_request() 90
it takes 1.8266890049  seconds to process fncs->volttron messages
publish_heartbeat 2017-11-22 04:20:14.517550Z
fncs.time_request( 91 ) request
fncs.time_request() response 91
Did not receive anything from fncs.time_request() 91
publish_heartbeat 2017-11-22 04:20:16.835287Z
fncs.time_request( 92 ) request
fncs.time_request() response 92
Did not receive anything from fncs.time_request() 92
publish_heartbeat 2017-11-22 04:20:16.844432Z
fncs.time_request( 93 ) request
fncs.time_request() response 93
Values recieved from fncs.time_request() 93
it takes 1.73090910912  seconds to process fncs->volttron messages
publish_heartbeat 2017-11-22 04:20:18.575456Z
fncs.time_request( 94 ) request
fncs.time_request() response 94
Did not receive anything from fncs.time_request() 94
publish_heartbeat 2017-11-22 04:20:21.049423Z
fncs.time_request( 95 ) request
fncs.time_request() response 95
Did not receive anything from fncs.time_request() 95
publish_heartbeat 2017-11-22 04:20:21.068578Z
fncs.time_request( 96 ) request
fncs.time_request() response 96
Did not receive anything from fncs.time_request() 96
publish_heartbeat 2017-11-22 04:20:23.118721Z
fncs.time_request( 97 ) request
fncs.time_request() response 97
Values recieved from fncs.time_request() 97
it takes 0.943117856979  seconds to process fncs->volttron messages
publish_heartbeat 2017-11-22 04:20:24.061957Z
fncs.time_request( 98 ) request
fncs.time_request() response 98
Did not receive anything from fncs.time_request() 98
publish_heartbeat 2017-11-22 04:20:26.374205Z
fncs.time_request( 99 ) request
fncs.time_request() response 99
Did not receive anything from fncs.time_request() 99
publish_heartbeat 2017-11-22 04:20:26.560239Z
fncs.time_request( 100 ) request
fncs.time_request() response 100
Values recieved from fncs.time_request() 100
it takes 1.84430003166  seconds to process fncs->volttron messages
publish_heartbeat 2017-11-22 04:20:28.404620Z
fncs.time_request( 101 ) request
fncs.time_request() response 101
Did not receive anything from fncs.time_request() 101
publish_heartbeat 2017-11-22 04:20:30.990663Z
fncs.time_request( 102 ) request
fncs.time_request() response 102
Did not receive anything from fncs.time_request() 102
publish_heartbeat 2017-11-22 04:20:31.070903Z
fncs.time_request( 103 ) request
fncs.time_request() response 103
Values recieved from fncs.time_request() 103
it takes 2.23165202141  seconds to process fncs->volttron messages
publish_heartbeat 2017-11-22 04:20:33.310044Z
fncs.time_request( 104 ) request
fncs.time_request() response 104
Values recieved from fncs.time_request() 104
it takes 2.06671309471  seconds to process fncs->volttron messages
publish_heartbeat 2017-11-22 04:20:35.376824Z
fncs.time_request( 105 ) request
fncs.time_request() response 105
Did not receive anything from fncs.time_request() 105
publish_heartbeat 2017-11-22 04:20:37.453797Z
fncs.time_request( 106 ) request
fncs.time_request() response 106
Did not receive anything from fncs.time_request() 106
publish_heartbeat 2017-11-22 04:20:37.561377Z
fncs.time_request( 107 ) request
fncs.time_request() response 107
Did not receive anything from fncs.time_request() 107
publish_heartbeat 2017-11-22 04:20:39.660147Z
fncs.time_request( 108 ) request
fncs.time_request() response 108
Did not receive anything from fncs.time_request() 108
publish_heartbeat 2017-11-22 04:20:39.719924Z
fncs.time_request( 109 ) request
fncs.time_request() response 109
Values recieved from fncs.time_request() 109
it takes 1.35196995735  seconds to process fncs->volttron messages
publish_heartbeat 2017-11-22 04:20:41.071985Z
fncs.time_request( 110 ) request
fncs.time_request() response 110
Values recieved from fncs.time_request() 110
it takes 2.546626091  seconds to process fncs->volttron messages
publish_heartbeat 2017-11-22 04:20:43.618681Z
fncs.time_request( 111 ) request
fncs.time_request() response 111
Values recieved from fncs.time_request() 111
it takes 1.82885694504  seconds to process fncs->volttron messages
publish_heartbeat 2017-11-22 04:20:45.447592Z
fncs.time_request( 112 ) request
fncs.time_request() response 112
Values recieved from fncs.time_request() 112
it takes 1.22390007973  seconds to process fncs->volttron messages
publish_heartbeat 2017-11-22 04:20:46.671554Z
fncs.time_request( 113 ) request
fncs.time_request() response 113
Did not receive anything from fncs.time_request() 113
publish_heartbeat 2017-11-22 04:20:48.696257Z
fncs.time_request( 114 ) request
fncs.time_request() response 114
Did not receive anything from fncs.time_request() 114
publish_heartbeat 2017-11-22 04:20:48.726964Z
fncs.time_request( 115 ) request
fncs.time_request() response 115
Did not receive anything from fncs.time_request() 115
publish_heartbeat 2017-11-22 04:20:50.737246Z
fncs.time_request( 116 ) request
fncs.time_request() response 116
Values recieved from fncs.time_request() 116
it takes 0.286659002304  seconds to process fncs->volttron messages
publish_heartbeat 2017-11-22 04:20:51.023999Z
fncs.time_request( 117 ) request
fncs.time_request() response 117
Did not receive anything from fncs.time_request() 117
publish_heartbeat 2017-11-22 04:20:53.078746Z
fncs.time_request( 118 ) request
fncs.time_request() response 118
Did not receive anything from fncs.time_request() 118
publish_heartbeat 2017-11-22 04:20:53.105331Z
fncs.time_request( 119 ) request
fncs.time_request() response 119
Values recieved from fncs.time_request() 119
it takes 1.06838607788  seconds to process fncs->volttron messages
publish_heartbeat 2017-11-22 04:20:54.173872Z
fncs.time_request( 120 ) request
fncs.time_request() response 120
Did not receive anything from fncs.time_request() 120
publish_heartbeat 2017-11-22 04:20:56.186916Z
fncs.time_request( 121 ) request
fncs.time_request() response 121
Did not receive anything from fncs.time_request() 121
publish_heartbeat 2017-11-22 04:20:56.212627Z
fncs.time_request( 122 ) request
fncs.time_request() response 122
Did not receive anything from fncs.time_request() 122
publish_heartbeat 2017-11-22 04:20:58.277325Z
fncs.time_request( 123 ) request
fncs.time_request() response 123
Did not receive anything from fncs.time_request() 123
publish_heartbeat 2017-11-22 04:20:58.349364Z
fncs.time_request( 124 ) request
fncs.time_request() response 124
Did not receive anything from fncs.time_request() 124
publish_heartbeat 2017-11-22 04:21:00.379761Z
fncs.time_request( 125 ) request
fncs.time_request() response 125
Values recieved from fncs.time_request() 125
it takes 0.840773105621  seconds to process fncs->volttron messages
publish_heartbeat 2017-11-22 04:21:01.220678Z
fncs.time_request( 126 ) request
fncs.time_request() response 126
Did not receive anything from fncs.time_request() 126
publish_heartbeat 2017-11-22 04:21:04.802918Z
fncs.time_request( 127 ) request
fncs.time_request() response 127
Did not receive anything from fncs.time_request() 127
publish_heartbeat 2017-11-22 04:21:04.823052Z
fncs.time_request( 128 ) request
fncs.time_request() response 128
Did not receive anything from fncs.time_request() 128
publish_heartbeat 2017-11-22 04:21:06.956452Z
fncs.time_request( 129 ) request
fncs.time_request() response 129
Did not receive anything from fncs.time_request() 129
publish_heartbeat 2017-11-22 04:21:06.985106Z
fncs.time_request( 130 ) request
fncs.time_request() response 130
Values recieved from fncs.time_request() 130
it takes 3.59584116936  seconds to process fncs->volttron messages
publish_heartbeat 2017-11-22 04:21:10.581042Z
fncs.time_request( 131 ) request
fncs.time_request() response 131
Did not receive anything from fncs.time_request() 131
publish_heartbeat 2017-11-22 04:21:12.464872Z
fncs.time_request( 132 ) request
fncs.time_request() response 132
Did not receive anything from fncs.time_request() 132
publish_heartbeat 2017-11-22 04:21:12.661648Z
fncs.time_request( 133 ) request
fncs.time_request() response 133
Did not receive anything from fncs.time_request() 133
publish_heartbeat 2017-11-22 04:21:14.466603Z
fncs.time_request( 134 ) request
fncs.time_request() response 134
Did not receive anything from fncs.time_request() 134
publish_heartbeat 2017-11-22 04:21:14.798940Z
fncs.time_request( 135 ) request
fncs.time_request() response 135
Did not receive anything from fncs.time_request() 135
publish_heartbeat 2017-11-22 04:21:16.631345Z
fncs.time_request( 136 ) request
fncs.time_request() response 136
Did not receive anything from fncs.time_request() 136
publish_heartbeat 2017-11-22 04:21:16.904929Z
fncs.time_request( 137 ) request
fncs.time_request() response 137
Values recieved from fncs.time_request() 137
it takes 2.81743192673  seconds to process fncs->volttron messages
publish_heartbeat 2017-11-22 04:21:19.722432Z
fncs.time_request( 138 ) request
fncs.time_request() response 138
Did not receive anything from fncs.time_request() 138
publish_heartbeat 2017-11-22 04:21:22.284084Z
fncs.time_request( 139 ) request
fncs.time_request() response 139
Did not receive anything from fncs.time_request() 139
publish_heartbeat 2017-11-22 04:21:22.311143Z
fncs.time_request( 140 ) request
fncs.time_request() response 140
Did not receive anything from fncs.time_request() 140
publish_heartbeat 2017-11-22 04:21:24.376575Z
fncs.time_request( 141 ) request
fncs.time_request() response 141
Did not receive anything from fncs.time_request() 141
publish_heartbeat 2017-11-22 04:21:24.401916Z
fncs.time_request( 142 ) request
fncs.time_request() response 142
Did not receive anything from fncs.time_request() 142
publish_heartbeat 2017-11-22 04:21:26.427633Z
fncs.time_request( 143 ) request
fncs.time_request() response 143
Did not receive anything from fncs.time_request() 143
publish_heartbeat 2017-11-22 04:21:26.468842Z
fncs.time_request( 144 ) request
fncs.time_request() response 144
Values recieved from fncs.time_request() 144
it takes 2.72502303123  seconds to process fncs->volttron messages
publish_heartbeat 2017-11-22 04:21:29.193933Z
fncs.time_request( 145 ) request
fncs.time_request() response 145
Did not receive anything from fncs.time_request() 145
publish_heartbeat 2017-11-22 04:21:31.131085Z
fncs.time_request( 146 ) request
fncs.time_request() response 146
Values recieved from fncs.time_request() 146
it takes 0.583788871765  seconds to process fncs->volttron messages
publish_heartbeat 2017-11-22 04:21:31.715002Z
fncs.time_request( 147 ) request
fncs.time_request() response 147
Values recieved from fncs.time_request() 147
it takes 2.36917209625  seconds to process fncs->volttron messages
publish_heartbeat 2017-11-22 04:21:34.084220Z
fncs.time_request( 148 ) request
fncs.time_request() response 148
Did not receive anything from fncs.time_request() 148
publish_heartbeat 2017-11-22 04:21:35.645010Z
fncs.time_request( 149 ) request
fncs.time_request() response 149
Did not receive anything from fncs.time_request() 149
publish_heartbeat 2017-11-22 04:21:36.127874Z
fncs.time_request( 150 ) request
fncs.time_request() response 150
Did not receive anything from fncs.time_request() 150
publish_heartbeat 2017-11-22 04:21:37.649873Z
fncs.time_request( 151 ) request
fncs.time_request() response 151
Did not receive anything from fncs.time_request() 151
publish_heartbeat 2017-11-22 04:21:38.156601Z
fncs.time_request( 152 ) request
fncs.time_request() response 152
Did not receive anything from fncs.time_request() 152
publish_heartbeat 2017-11-22 04:21:39.668077Z
fncs.time_request( 153 ) request
fncs.time_request() response 153
Did not receive anything from fncs.time_request() 153
publish_heartbeat 2017-11-22 04:21:40.206544Z
fncs.time_request( 154 ) request
fncs.time_request() response 154
Values recieved from fncs.time_request() 154
it takes 1.83583712578  seconds to process fncs->volttron messages
publish_heartbeat 2017-11-22 04:21:42.042485Z
fncs.time_request( 155 ) request
fncs.time_request() response 155
Did not receive anything from fncs.time_request() 155
publish_heartbeat 2017-11-22 04:21:43.460861Z
fncs.time_request( 156 ) request
fncs.time_request() response 156
Did not receive anything from fncs.time_request() 156
publish_heartbeat 2017-11-22 04:21:44.063889Z
fncs.time_request( 157 ) request
fncs.time_request() response 157
Values recieved from fncs.time_request() 157
it takes 2.19840693474  seconds to process fncs->volttron messages
publish_heartbeat 2017-11-22 04:21:46.262398Z
fncs.time_request( 158 ) request
fncs.time_request() response 158
Did not receive anything from fncs.time_request() 158
publish_heartbeat 2017-11-22 04:21:48.877796Z
fncs.time_request( 159 ) request
fncs.time_request() response 159
Did not receive anything from fncs.time_request() 159
publish_heartbeat 2017-11-22 04:21:48.928472Z
fncs.time_request( 160 ) request
fncs.time_request() response 160
Did not receive anything from fncs.time_request() 160
publish_heartbeat 2017-11-22 04:21:51.022812Z
fncs.time_request( 161 ) request
fncs.time_request() response 161
Did not receive anything from fncs.time_request() 161
publish_heartbeat 2017-11-22 04:21:51.127302Z
fncs.time_request( 162 ) request
fncs.time_request() response 162
Did not receive anything from fncs.time_request() 162
publish_heartbeat 2017-11-22 04:21:53.223112Z
fncs.time_request( 163 ) request
fncs.time_request() response 163
Values recieved from fncs.time_request() 163
it takes 1.56116700172  seconds to process fncs->volttron messages
publish_heartbeat 2017-11-22 04:21:54.784420Z
fncs.time_request( 164 ) request
fncs.time_request() response 164
Values recieved from fncs.time_request() 164
it takes 2.00674104691  seconds to process fncs->volttron messages
publish_heartbeat 2017-11-22 04:21:56.791252Z
fncs.time_request( 165 ) request
fncs.time_request() response 165
Did not receive anything from fncs.time_request() 165
publish_heartbeat 2017-11-22 04:21:58.926271Z
fncs.time_request( 166 ) request
fncs.time_request() response 166
Did not receive anything from fncs.time_request() 166
publish_heartbeat 2017-11-22 04:21:58.981483Z
fncs.time_request( 167 ) request
fncs.time_request() response 167
Did not receive anything from fncs.time_request() 167
publish_heartbeat 2017-11-22 04:22:01.081653Z
fncs.time_request( 168 ) request
fncs.time_request() response 168
Did not receive anything from fncs.time_request() 168
publish_heartbeat 2017-11-22 04:22:01.148682Z
fncs.time_request( 169 ) request
fncs.time_request() response 169
Did not receive anything from fncs.time_request() 169
publish_heartbeat 2017-11-22 04:22:03.220400Z
fncs.time_request( 170 ) request
fncs.time_request() response 170
Did not receive anything from fncs.time_request() 170
publish_heartbeat 2017-11-22 04:22:03.248276Z
fncs.time_request( 171 ) request
fncs.time_request() response 171
Did not receive anything from fncs.time_request() 171
publish_heartbeat 2017-11-22 04:22:05.281558Z
fncs.time_request( 172 ) request
fncs.time_request() response 172
Did not receive anything from fncs.time_request() 172
publish_heartbeat 2017-11-22 04:22:05.330556Z
fncs.time_request( 173 ) request
fncs.time_request() response 173
Did not receive anything from fncs.time_request() 173
publish_heartbeat 2017-11-22 04:22:07.363552Z
fncs.time_request( 174 ) request
fncs.time_request() response 174
Values recieved from fncs.time_request() 174
it takes 3.04045200348  seconds to process fncs->volttron messages
publish_heartbeat 2017-11-22 04:22:10.419261Z
fncs.time_request( 175 ) request
fncs.time_request() response 175
Did not receive anything from fncs.time_request() 175
publish_heartbeat 2017-11-22 04:22:12.070181Z
fncs.time_request( 176 ) request
fncs.time_request() response 176
Did not receive anything from fncs.time_request() 176
publish_heartbeat 2017-11-22 04:22:12.484158Z
fncs.time_request( 177 ) request
fncs.time_request() response 177
Values recieved from fncs.time_request() 177
it takes 0.798748016357  seconds to process fncs->volttron messages
publish_heartbeat 2017-11-22 04:22:13.419359Z
fncs.time_request( 178 ) request
fncs.time_request() response 178
Did not receive anything from fncs.time_request() 178
publish_heartbeat 2017-11-22 04:22:15.249578Z
fncs.time_request( 179 ) request
fncs.time_request() response 179
Did not receive anything from fncs.time_request() 179
publish_heartbeat 2017-11-22 04:22:15.452593Z
fncs.time_request( 180 ) request
fncs.time_request() response 180
Did not receive anything from fncs.time_request() 180
publish_heartbeat 2017-11-22 04:22:17.287909Z
fncs.time_request( 181 ) request
fncs.time_request() response 181
Did not receive anything from fncs.time_request() 181
publish_heartbeat 2017-11-22 04:22:17.521742Z
fncs.time_request( 182 ) request
fncs.time_request() response 182
Did not receive anything from fncs.time_request() 182
publish_heartbeat 2017-11-22 04:22:19.385675Z
fncs.time_request( 183 ) request
fncs.time_request() response 183
Did not receive anything from fncs.time_request() 183
publish_heartbeat 2017-11-22 04:22:19.589976Z
fncs.time_request( 184 ) request
fncs.time_request() response 184
Did not receive anything from fncs.time_request() 184
publish_heartbeat 2017-11-22 04:22:21.476043Z
fncs.time_request( 185 ) request
fncs.time_request() response 185
Did not receive anything from fncs.time_request() 185
publish_heartbeat 2017-11-22 04:22:21.657396Z
fncs.time_request( 186 ) request
fncs.time_request() response 186
Did not receive anything from fncs.time_request() 186
publish_heartbeat 2017-11-22 04:22:23.735545Z
fncs.time_request( 187 ) request
fncs.time_request() response 187
Did not receive anything from fncs.time_request() 187
publish_heartbeat 2017-11-22 04:22:23.747865Z
fncs.time_request( 188 ) request
fncs.time_request() response 188
Did not receive anything from fncs.time_request() 188
publish_heartbeat 2017-11-22 04:22:25.817679Z
fncs.time_request( 189 ) request
fncs.time_request() response 189
Did not receive anything from fncs.time_request() 189
publish_heartbeat 2017-11-22 04:22:25.929334Z
fncs.time_request( 190 ) request
fncs.time_request() response 190
Values recieved from fncs.time_request() 190
it takes 2.78228497505  seconds to process fncs->volttron messages
publish_heartbeat 2017-11-22 04:22:28.711671Z
fncs.time_request( 191 ) request
fncs.time_request() response 191
Did not receive anything from fncs.time_request() 191
publish_heartbeat 2017-11-22 04:22:30.769443Z
fncs.time_request( 192 ) request
fncs.time_request() response 192
Did not receive anything from fncs.time_request() 192
publish_heartbeat 2017-11-22 04:22:30.824238Z
fncs.time_request( 193 ) request
fncs.time_request() response 193
Did not receive anything from fncs.time_request() 193
publish_heartbeat 2017-11-22 04:22:32.853954Z
fncs.time_request( 194 ) request
fncs.time_request() response 194
Did not receive anything from fncs.time_request() 194
publish_heartbeat 2017-11-22 04:22:32.921829Z
fncs.time_request( 195 ) request
fncs.time_request() response 195
Did not receive anything from fncs.time_request() 195
publish_heartbeat 2017-11-22 04:22:34.976883Z
fncs.time_request( 196 ) request
fncs.time_request() response 196
Did not receive anything from fncs.time_request() 196
publish_heartbeat 2017-11-22 04:22:35.022118Z
fncs.time_request( 197 ) request
fncs.time_request() response 197
Did not receive anything from fncs.time_request() 197
publish_heartbeat 2017-11-22 04:22:37.046757Z
fncs.time_request( 198 ) request
fncs.time_request() response 198
Did not receive anything from fncs.time_request() 198
publish_heartbeat 2017-11-22 04:22:37.090824Z
fncs.time_request( 199 ) request
fncs.time_request() response 199
Did not receive anything from fncs.time_request() 199
publish_heartbeat 2017-11-22 04:22:39.136849Z
fncs.time_request( 200 ) request
fncs.time_request() response 200
Values recieved from fncs.time_request() 200
it takes 2.12633514404  seconds to process fncs->volttron messages
publish_heartbeat 2017-11-22 04:22:41.263242Z
fncs.time_request( 201 ) request
fncs.time_request() response 201
Did not receive anything from fncs.time_request() 201
publish_heartbeat 2017-11-22 04:22:43.075818Z
fncs.time_request( 202 ) request
fncs.time_request() response 202
Did not receive anything from fncs.time_request() 202
publish_heartbeat 2017-11-22 04:22:43.300249Z
fncs.time_request( 203 ) request
fncs.time_request() response 203
Did not receive anything from fncs.time_request() 203
publish_heartbeat 2017-11-22 04:22:45.090925Z
fncs.time_request( 204 ) request
fncs.time_request() response 204
Did not receive anything from fncs.time_request() 204
publish_heartbeat 2017-11-22 04:22:45.403960Z
fncs.time_request( 205 ) request
fncs.time_request() response 205
Did not receive anything from fncs.time_request() 205
publish_heartbeat 2017-11-22 04:22:47.230502Z
fncs.time_request( 206 ) request
fncs.time_request() response 206
Did not receive anything from fncs.time_request() 206
publish_heartbeat 2017-11-22 04:22:47.474764Z
fncs.time_request( 207 ) request
fncs.time_request() response 207
Did not receive anything from fncs.time_request() 207
publish_heartbeat 2017-11-22 04:22:49.291109Z
fncs.time_request( 208 ) request
fncs.time_request() response 208
Did not receive anything from fncs.time_request() 208
publish_heartbeat 2017-11-22 04:22:49.565589Z
fncs.time_request( 209 ) request
fncs.time_request() response 209
Did not receive anything from fncs.time_request() 209
publish_heartbeat 2017-11-22 04:22:51.582222Z
fncs.time_request( 210 ) request
fncs.time_request() response 210
Did not receive anything from fncs.time_request() 210
publish_heartbeat 2017-11-22 04:22:51.598529Z
fncs.time_request( 211 ) request
fncs.time_request() response 211
Did not receive anything from fncs.time_request() 211
publish_heartbeat 2017-11-22 04:22:53.734798Z
fncs.time_request( 212 ) request
fncs.time_request() response 212
Did not receive anything from fncs.time_request() 212
publish_heartbeat 2017-11-22 04:22:53.890721Z
fncs.time_request( 213 ) request
fncs.time_request() response 213
Did not receive anything from fncs.time_request() 213
publish_heartbeat 2017-11-22 04:22:55.974436Z
fncs.time_request( 214 ) request
fncs.time_request() response 214
Did not receive anything from fncs.time_request() 214
publish_heartbeat 2017-11-22 04:22:56.000260Z
fncs.time_request( 215 ) request
fncs.time_request() response 215
Did not receive anything from fncs.time_request() 215
publish_heartbeat 2017-11-22 04:22:58.043310Z
fncs.time_request( 216 ) request
fncs.time_request() response 216
Values recieved from fncs.time_request() 216
it takes 1.52028894424  seconds to process fncs->volttron messages
publish_heartbeat 2017-11-22 04:22:59.563656Z
fncs.time_request( 217 ) request
fncs.time_request() response 217
Did not receive anything from fncs.time_request() 217
publish_heartbeat 2017-11-22 04:23:02.077772Z
fncs.time_request( 218 ) request
fncs.time_request() response 218
Did not receive anything from fncs.time_request() 218
publish_heartbeat 2017-11-22 04:23:02.120033Z
fncs.time_request( 219 ) request
fncs.time_request() response 219
Did not receive anything from fncs.time_request() 219
publish_heartbeat 2017-11-22 04:23:04.247065Z
fncs.time_request( 220 ) request
fncs.time_request() response 220
Did not receive anything from fncs.time_request() 220
publish_heartbeat 2017-11-22 04:23:04.333850Z
fncs.time_request( 221 ) request
fncs.time_request() response 221
Did not receive anything from fncs.time_request() 221
publish_heartbeat 2017-11-22 04:23:06.336001Z
fncs.time_request( 222 ) request
fncs.time_request() response 222
Did not receive anything from fncs.time_request() 222
publish_heartbeat 2017-11-22 04:23:06.354183Z
fncs.time_request( 223 ) request
fncs.time_request() response 223
Values recieved from fncs.time_request() 223
it takes 2.98141121864  seconds to process fncs->volttron messages
publish_heartbeat 2017-11-22 04:23:09.335651Z
fncs.time_request( 224 ) request
fncs.time_request() response 224
Did not receive anything from fncs.time_request() 224
publish_heartbeat 2017-11-22 04:23:10.687372Z
fncs.time_request( 225 ) request
fncs.time_request() response 225
Did not receive anything from fncs.time_request() 225
publish_heartbeat 2017-11-22 04:23:11.367937Z
fncs.time_request( 226 ) request
fncs.time_request() response 226
Did not receive anything from fncs.time_request() 226
publish_heartbeat 2017-11-22 04:23:12.713706Z
fncs.time_request( 227 ) request
fncs.time_request() response 227
Did not receive anything from fncs.time_request() 227
publish_heartbeat 2017-11-22 04:23:13.388563Z
fncs.time_request( 228 ) request
fncs.time_request() response 228
Values recieved from fncs.time_request() 228
it takes 2.97687697411  seconds to process fncs->volttron messages
publish_heartbeat 2017-11-22 04:23:16.365672Z
fncs.time_request( 229 ) request
fncs.time_request() response 229
Did not receive anything from fncs.time_request() 229
publish_heartbeat 2017-11-22 04:23:19.496201Z
fncs.time_request( 230 ) request
fncs.time_request() response 230
Did not receive anything from fncs.time_request() 230
publish_heartbeat 2017-11-22 04:23:19.515200Z
fncs.time_request( 231 ) request
fncs.time_request() response 231
Did not receive anything from fncs.time_request() 231
publish_heartbeat 2017-11-22 04:23:21.565469Z
fncs.time_request( 232 ) request
fncs.time_request() response 232
Did not receive anything from fncs.time_request() 232
publish_heartbeat 2017-11-22 04:23:21.620639Z
fncs.time_request( 233 ) request
fncs.time_request() response 233
Did not receive anything from fncs.time_request() 233
publish_heartbeat 2017-11-22 04:23:23.840746Z
fncs.time_request( 234 ) request
fncs.time_request() response 234
Values recieved from fncs.time_request() 234
it takes 2.46890902519  seconds to process fncs->volttron messages
publish_heartbeat 2017-11-22 04:23:26.309750Z
fncs.time_request( 235 ) request
fncs.time_request() response 235
Values recieved from fncs.time_request() 235
it takes 3.333288908  seconds to process fncs->volttron messages
publish_heartbeat 2017-11-22 04:23:29.643095Z
fncs.time_request( 236 ) request
fncs.time_request() response 236
Did not receive anything from fncs.time_request() 236
publish_heartbeat 2017-11-22 04:23:31.833350Z
fncs.time_request( 237 ) request
fncs.time_request() response 237
Did not receive anything from fncs.time_request() 237
publish_heartbeat 2017-11-22 04:23:31.898286Z
fncs.time_request( 238 ) request
fncs.time_request() response 238
Did not receive anything from fncs.time_request() 238
publish_heartbeat 2017-11-22 04:23:33.960755Z
fncs.time_request( 239 ) request
fncs.time_request() response 239
Did not receive anything from fncs.time_request() 239
publish_heartbeat 2017-11-22 04:23:34.002797Z
fncs.time_request( 240 ) request
fncs.time_request() response 240
Did not receive anything from fncs.time_request() 240
publish_heartbeat 2017-11-22 04:23:36.008871Z
fncs.time_request( 241 ) request
fncs.time_request() response 241
Did not receive anything from fncs.time_request() 241
publish_heartbeat 2017-11-22 04:23:36.053721Z
fncs.time_request( 242 ) request
fncs.time_request() response 242
Did not receive anything from fncs.time_request() 242
publish_heartbeat 2017-11-22 04:23:38.111014Z
fncs.time_request( 243 ) request
fncs.time_request() response 243
Did not receive anything from fncs.time_request() 243
publish_heartbeat 2017-11-22 04:23:38.198902Z
fncs.time_request( 244 ) request
fncs.time_request() response 244
Values recieved from fncs.time_request() 244
it takes 3.55171084404  seconds to process fncs->volttron messages
publish_heartbeat 2017-11-22 04:23:41.750682Z
fncs.time_request( 245 ) request
ERROR: unrecognized message type
